<?xml version="1.0" encoding="utf-8"?>
<CoverageSession xmlns:xsd="http://www.w3.org/2001/XMLSchema" xmlns:xsi="http://www.w3.org/2001/XMLSchema-instance">
  <Modules>
    <Module skippedDueTo="Filter" hash="99-F4-69-E2-6C-33-A5-B3-3B-61-3B-3B-4B-BB-A3-8B-81-06-93-5A">
      <FullName>C:\Windows\Microsoft.Net\assembly\GAC_32\mscorlib\v4.0_4.0.0.0__b77a5c561934e089\mscorlib.dll</FullName>
      <ModuleName>mscorlib</ModuleName>
      <Classes />
    </Module>
    <Module skippedDueTo="MissingPdb" hash="DA-11-AB-7A-54-40-91-0F-E3-CC-4F-E4-30-43-80-09-4A-8C-B6-BA">
      <FullName>C:\Program Files (x86)\SharpDevelop\4.3\bin\Tools\NUnit\nunit-console-x86.exe</FullName>
      <ModuleName>nunit-console</ModuleName>
      <Classes />
    </Module>
    <Module skippedDueTo="MissingPdb" hash="23-35-8C-86-05-D5-AE-FE-3C-1F-09-A0-86-02-40-7C-4F-CA-59-41">
      <FullName>C:\Program Files (x86)\SharpDevelop\4.3\bin\Tools\NUnit\lib\nunit.core.dll</FullName>
      <ModuleName>nunit.core</ModuleName>
      <Classes />
    </Module>
    <Module skippedDueTo="MissingPdb" hash="57-DD-20-42-DA-33-B3-EE-DA-8C-8E-25-C9-E5-07-B5-08-62-0F-88">
      <FullName>C:\Program Files (x86)\SharpDevelop\4.3\bin\Tools\NUnit\lib\nunit.util.dll</FullName>
      <ModuleName>nunit.util</ModuleName>
      <Classes />
    </Module>
    <Module skippedDueTo="MissingPdb" hash="79-F8-9A-22-4E-29-52-37-00-CF-81-FF-1F-EA-05-EC-74-2A-2E-C8">
      <FullName>C:\Program Files (x86)\SharpDevelop\4.3\bin\Tools\NUnit\lib\nunit-console-runner.dll</FullName>
      <ModuleName>nunit-console-runner</ModuleName>
      <Classes />
    </Module>
    <Module skippedDueTo="MissingPdb" hash="AD-76-2F-3C-5E-F6-77-0D-C6-AD-AF-A3-90-85-28-07-2D-A0-59-50">
      <FullName>C:\Program Files (x86)\SharpDevelop\4.3\bin\Tools\NUnit\lib\nunit.core.interfaces.dll</FullName>
      <ModuleName>nunit.core.interfaces</ModuleName>
      <Classes />
    </Module>
    <Module skippedDueTo="Filter" hash="57-C7-F0-53-3B-97-01-CD-67-C1-80-37-68-7F-8F-89-D0-76-B4-48">
      <FullName>C:\Windows\Microsoft.Net\assembly\GAC_MSIL\System.Configuration\v4.0_4.0.0.0__b03f5f7f11d50a3a\System.Configuration.dll</FullName>
      <ModuleName>System.Configuration</ModuleName>
      <Classes />
    </Module>
    <Module skippedDueTo="Filter" hash="1B-30-81-91-69-2E-50-BD-B9-CC-A1-5B-46-3A-D5-62-E3-7E-58-C4">
      <FullName>C:\Windows\Microsoft.Net\assembly\GAC_MSIL\System\v4.0_4.0.0.0__b77a5c561934e089\System.dll</FullName>
      <ModuleName>System</ModuleName>
      <Classes />
    </Module>
    <Module skippedDueTo="Filter" hash="88-AF-AF-B3-FF-8A-DE-A7-50-A8-49-A8-87-FF-70-25-57-19-89-27">
      <FullName>C:\Windows\Microsoft.Net\assembly\GAC_MSIL\System.Xml\v4.0_4.0.0.0__b77a5c561934e089\System.Xml.dll</FullName>
      <ModuleName>System.Xml</ModuleName>
      <Classes />
    </Module>
    <Module skippedDueTo="Filter" hash="E8-47-7A-41-67-F7-5A-91-1D-B2-1A-48-85-F5-81-AF-DE-91-B4-C2">
      <FullName>C:\Windows\Microsoft.Net\assembly\GAC_MSIL\System.Runtime.Remoting\v4.0_4.0.0.0__b77a5c561934e089\System.Runtime.Remoting.dll</FullName>
      <ModuleName>System.Runtime.Remoting</ModuleName>
      <Classes />
    </Module>
    <Module skippedDueTo="MissingPdb" hash="23-35-8C-86-05-D5-AE-FE-3C-1F-09-A0-86-02-40-7C-4F-CA-59-41">
      <FullName>C:\Program Files (x86)\SharpDevelop\4.3\bin\Tools\NUnit\lib\nunit.core.dll</FullName>
      <ModuleName>nunit.core</ModuleName>
      <Classes />
    </Module>
    <Module skippedDueTo="Filter" hash="1B-30-81-91-69-2E-50-BD-B9-CC-A1-5B-46-3A-D5-62-E3-7E-58-C4">
      <FullName>C:\Windows\Microsoft.Net\assembly\GAC_MSIL\System\v4.0_4.0.0.0__b77a5c561934e089\System.dll</FullName>
      <ModuleName>System</ModuleName>
      <Classes />
    </Module>
    <Module skippedDueTo="Filter" hash="88-AF-AF-B3-FF-8A-DE-A7-50-A8-49-A8-87-FF-70-25-57-19-89-27">
      <FullName>C:\Windows\Microsoft.Net\assembly\GAC_MSIL\System.Xml\v4.0_4.0.0.0__b77a5c561934e089\System.Xml.dll</FullName>
      <ModuleName>System.Xml</ModuleName>
      <Classes />
    </Module>
    <Module skippedDueTo="Filter" hash="57-C7-F0-53-3B-97-01-CD-67-C1-80-37-68-7F-8F-89-D0-76-B4-48">
      <FullName>C:\Windows\Microsoft.Net\assembly\GAC_MSIL\System.Configuration\v4.0_4.0.0.0__b03f5f7f11d50a3a\System.Configuration.dll</FullName>
      <ModuleName>System.Configuration</ModuleName>
      <Classes />
    </Module>
    <Module skippedDueTo="MissingPdb" hash="AD-76-2F-3C-5E-F6-77-0D-C6-AD-AF-A3-90-85-28-07-2D-A0-59-50">
      <FullName>C:\Program Files (x86)\SharpDevelop\4.3\bin\Tools\NUnit\lib\nunit.core.interfaces.dll</FullName>
      <ModuleName>nunit.core.interfaces</ModuleName>
      <Classes />
    </Module>
    <Module hash="33-14-CE-32-DB-89-EA-75-75-B0-2B-82-E4-AC-8C-97-71-4F-10-03">
      <FullName>C:\Users\madman190382\AppData\Local\Temp\nunit20\ShadowCopyCache\2380_635141230914974234\Tests_72860376\assembly\dl3\fc3fd8bc\0ea09202_33abce01\uex.EXE</FullName>
      <ModuleName>uex</ModuleName>
      <Files>
        <File uid="1" fullPath="17d14f5c-a337-4978-8281-53493378c1071.vb" />
        <File uid="2" fullPath="C:\Users\madman190382\Documents\SharpDevelop Projects\uex\Program.vb" />
        <File uid="8" fullPath="C:\Users\madman190382\Documents\SharpDevelop Projects\uex\Common\Calender.Designer.vb" />
        <File uid="9" fullPath="C:\Users\madman190382\Documents\SharpDevelop Projects\uex\Common\Calender.vb" />
        <File uid="10" fullPath="C:\Users\madman190382\Documents\SharpDevelop Projects\uex\Common\ClearForm.vb" />
        <File uid="11" fullPath="C:\Users\madman190382\Documents\SharpDevelop Projects\uex\Common\Common.vb" />
        <File uid="12" fullPath="C:\Users\madman190382\Documents\SharpDevelop Projects\uex\Common\ControlHandler.vb" />
        <File uid="13" fullPath="C:\Users\madman190382\Documents\SharpDevelop Projects\uex\Common\SelectSql.vb" />
        <File uid="14" fullPath="C:\Users\madman190382\Documents\SharpDevelop Projects\uex\Common\SetCombo.vb" />
        <File uid="15" fullPath="C:\Users\madman190382\Documents\SharpDevelop Projects\uex\Common\SetEnvList.vb" />
        <File uid="16" fullPath="C:\Users\madman190382\Documents\SharpDevelop Projects\uex\Common\WordContainer.vb" />
        <File uid="17" fullPath="C:\Users\madman190382\Documents\SharpDevelop Projects\uex\HostList.Designer.vb" />
        <File uid="18" fullPath="C:\Users\madman190382\Documents\SharpDevelop Projects\uex\HostList.vb" />
        <File uid="19" fullPath="C:\Users\madman190382\Documents\SharpDevelop Projects\uex\HostRegister.Designer.vb" />
        <File uid="20" fullPath="C:\Users\madman190382\Documents\SharpDevelop Projects\uex\HostRegister.vb" />
        <File uid="21" fullPath="C:\Users\madman190382\Documents\SharpDevelop Projects\uex\HostView.Designer.vb" />
        <File uid="22" fullPath="C:\Users\madman190382\Documents\SharpDevelop Projects\uex\HostView.vb" />
        <File uid="23" fullPath="C:\Users\madman190382\Documents\SharpDevelop Projects\uex\MainForm.Designer.vb" />
        <File uid="24" fullPath="C:\Users\madman190382\Documents\SharpDevelop Projects\uex\MainForm.vb" />
        <File uid="25" fullPath="C:\Users\madman190382\Documents\SharpDevelop Projects\uex\PrintReport.Designer.vb" />
        <File uid="26" fullPath="C:\Users\madman190382\Documents\SharpDevelop Projects\uex\PrintReport.vb" />
        <File uid="27" fullPath="C:\Users\madman190382\Documents\SharpDevelop Projects\uex\PrintSetting.Designer.vb" />
        <File uid="28" fullPath="C:\Users\madman190382\Documents\SharpDevelop Projects\uex\PrintSetting.vb" />
      </Files>
      <Classes>
        <Class>
          <FullName>&lt;Module&gt;</FullName>
          <Methods />
        </Class>
        <Class>
          <FullName>uex.My.MyApplication</FullName>
          <Methods>
            <Method visited="false" cyclomaticComplexity="1" sequenceCoverage="0" branchCoverage="0" isConstructor="false" isStatic="true" isGetter="false" isSetter="false">
              <MetadataToken>100663297</MetadataToken>
              <Name>System.Void uex.My.MyApplication::Main(System.String[])</Name>
              <FileRef uid="1" />
              <SequencePoints>
                <SequencePoint vc="0" uspid="1" ordinal="0" offset="0" sl="76" sc="9" el="76" ec="55" />
                <SequencePoint vc="0" uspid="2" ordinal="1" offset="1" sl="77" sc="13" el="77" ec="16" />
                <SequencePoint vc="0" uspid="3" ordinal="2" offset="2" sl="78" sc="16" el="78" ec="133" />
                <SequencePoint vc="0" uspid="4" ordinal="3" offset="15" sl="79" sc="13" el="79" ec="20" />
                <SequencePoint vc="0" uspid="5" ordinal="4" offset="17" sl="80" sc="13" el="80" ec="20" />
                <SequencePoint vc="0" uspid="6" ordinal="5" offset="18" sl="81" sc="13" el="81" ec="37" />
                <SequencePoint vc="0" uspid="7" ordinal="6" offset="30" sl="82" sc="9" el="82" ec="16" />
              </SequencePoints>
              <BranchPoints />
              <MethodPoint xsi:type="SequencePoint" vc="0" uspid="1" ordinal="0" offset="0" sl="76" sc="9" el="76" ec="55" />
            </Method>
            <Method visited="false" cyclomaticComplexity="1" sequenceCoverage="0" branchCoverage="0" isConstructor="true" isStatic="false" isGetter="false" isSetter="false">
              <MetadataToken>100663298</MetadataToken>
              <Name>System.Void uex.My.MyApplication::.ctor()</Name>
              <FileRef uid="2" />
              <SequencePoints>
                <SequencePoint vc="0" uspid="8" ordinal="0" offset="0" sl="14" sc="3" el="14" ec="19" />
                <SequencePoint vc="0" uspid="9" ordinal="1" offset="1" sl="15" sc="4" el="15" ec="42" />
                <SequencePoint vc="0" uspid="10" ordinal="2" offset="9" sl="16" sc="4" el="16" ec="31" />
                <SequencePoint vc="0" uspid="11" ordinal="3" offset="17" sl="17" sc="4" el="17" ec="32" />
                <SequencePoint vc="0" uspid="12" ordinal="4" offset="25" sl="18" sc="4" el="18" ec="34" />
                <SequencePoint vc="0" uspid="13" ordinal="5" offset="33" sl="19" sc="4" el="19" ec="55" />
                <SequencePoint vc="0" uspid="14" ordinal="6" offset="41" sl="20" sc="3" el="20" ec="10" />
              </SequencePoints>
              <BranchPoints />
              <MethodPoint xsi:type="SequencePoint" vc="0" uspid="8" ordinal="0" offset="0" sl="14" sc="3" el="14" ec="19" />
            </Method>
            <Method visited="false" cyclomaticComplexity="1" sequenceCoverage="0" branchCoverage="0" isConstructor="false" isStatic="false" isGetter="false" isSetter="false">
              <MetadataToken>100663299</MetadataToken>
              <Name>System.Void uex.My.MyApplication::OnCreateMainForm()</Name>
              <FileRef uid="2" />
              <SequencePoints>
                <SequencePoint vc="0" uspid="15" ordinal="0" offset="0" sl="22" sc="3" el="22" ec="45" />
                <SequencePoint vc="0" uspid="16" ordinal="1" offset="1" sl="23" sc="4" el="23" ec="35" />
                <SequencePoint vc="0" uspid="17" ordinal="2" offset="18" sl="24" sc="3" el="24" ec="10" />
              </SequencePoints>
              <BranchPoints />
              <MethodPoint xsi:type="SequencePoint" vc="0" uspid="15" ordinal="0" offset="0" sl="22" sc="3" el="22" ec="45" />
            </Method>
          </Methods>
        </Class>
        <Class>
          <FullName>uex.My.MyComputer</FullName>
          <Methods>
            <Method visited="false" cyclomaticComplexity="1" sequenceCoverage="0" branchCoverage="0" isConstructor="true" isStatic="false" isGetter="false" isSetter="false">
              <MetadataToken>100663300</MetadataToken>
              <Name>System.Void uex.My.MyComputer::.ctor()</Name>
              <FileRef uid="1" />
              <SequencePoints>
                <SequencePoint vc="0" uspid="18" ordinal="0" offset="0" sl="107" sc="9" el="107" ec="25" />
                <SequencePoint vc="0" uspid="19" ordinal="1" offset="1" sl="108" sc="13" el="108" ec="25" />
                <SequencePoint vc="0" uspid="20" ordinal="2" offset="8" sl="109" sc="9" el="109" ec="16" />
              </SequencePoints>
              <BranchPoints />
              <MethodPoint xsi:type="SequencePoint" vc="0" uspid="18" ordinal="0" offset="0" sl="107" sc="9" el="107" ec="25" />
            </Method>
          </Methods>
        </Class>
        <Class>
          <FullName>uex.My.MyProject</FullName>
          <Methods>
            <Method visited="false" cyclomaticComplexity="1" sequenceCoverage="0" branchCoverage="0" isConstructor="false" isStatic="true" isGetter="true" isSetter="false">
              <MetadataToken>100663302</MetadataToken>
              <Name>uex.My.MyComputer uex.My.MyProject::get_Computer()</Name>
              <FileRef uid="1" />
              <SequencePoints>
                <SequencePoint vc="0" uspid="21" ordinal="0" offset="0" sl="121" sc="13" el="121" ec="16" />
                <SequencePoint vc="0" uspid="22" ordinal="1" offset="1" sl="122" sc="17" el="122" ec="62" />
                <SequencePoint vc="0" uspid="23" ordinal="2" offset="14" sl="123" sc="13" el="123" ec="20" />
              </SequencePoints>
              <BranchPoints />
              <MethodPoint xsi:type="SequencePoint" vc="0" uspid="21" ordinal="0" offset="0" sl="121" sc="13" el="121" ec="16" />
            </Method>
            <Method visited="false" cyclomaticComplexity="1" sequenceCoverage="0" branchCoverage="0" isConstructor="false" isStatic="true" isGetter="true" isSetter="false">
              <MetadataToken>100663303</MetadataToken>
              <Name>uex.My.MyApplication uex.My.MyProject::get_Application()</Name>
              <FileRef uid="1" />
              <SequencePoints>
                <SequencePoint vc="0" uspid="24" ordinal="0" offset="0" sl="133" sc="13" el="133" ec="16" />
                <SequencePoint vc="0" uspid="25" ordinal="1" offset="1" sl="134" sc="17" el="134" ec="57" />
                <SequencePoint vc="0" uspid="26" ordinal="2" offset="14" sl="135" sc="13" el="135" ec="20" />
              </SequencePoints>
              <BranchPoints />
              <MethodPoint xsi:type="SequencePoint" vc="0" uspid="24" ordinal="0" offset="0" sl="133" sc="13" el="133" ec="16" />
            </Method>
            <Method visited="false" cyclomaticComplexity="1" sequenceCoverage="0" branchCoverage="0" isConstructor="false" isStatic="true" isGetter="true" isSetter="false">
              <MetadataToken>100663304</MetadataToken>
              <Name>Microsoft.VisualBasic.ApplicationServices.User uex.My.MyProject::get_User()</Name>
              <FileRef uid="1" />
              <SequencePoints>
                <SequencePoint vc="0" uspid="27" ordinal="0" offset="0" sl="144" sc="13" el="144" ec="16" />
                <SequencePoint vc="0" uspid="28" ordinal="1" offset="1" sl="145" sc="17" el="145" ec="58" />
                <SequencePoint vc="0" uspid="29" ordinal="2" offset="14" sl="146" sc="13" el="146" ec="20" />
              </SequencePoints>
              <BranchPoints />
              <MethodPoint xsi:type="SequencePoint" vc="0" uspid="27" ordinal="0" offset="0" sl="144" sc="13" el="144" ec="16" />
            </Method>
            <Method visited="false" cyclomaticComplexity="1" sequenceCoverage="0" branchCoverage="0" isConstructor="false" isStatic="true" isGetter="true" isSetter="false">
              <MetadataToken>100663305</MetadataToken>
              <Name>uex.My.MyProject/MyForms uex.My.MyProject::get_Forms()</Name>
              <FileRef uid="1" />
              <SequencePoints>
                <SequencePoint vc="0" uspid="30" ordinal="0" offset="0" sl="167" sc="13" el="167" ec="16" />
                <SequencePoint vc="0" uspid="31" ordinal="1" offset="1" sl="168" sc="17" el="168" ec="61" />
                <SequencePoint vc="0" uspid="32" ordinal="2" offset="14" sl="169" sc="13" el="169" ec="20" />
              </SequencePoints>
              <BranchPoints />
              <MethodPoint xsi:type="SequencePoint" vc="0" uspid="30" ordinal="0" offset="0" sl="167" sc="13" el="167" ec="16" />
            </Method>
            <Method visited="false" cyclomaticComplexity="1" sequenceCoverage="0" branchCoverage="0" isConstructor="false" isStatic="true" isGetter="true" isSetter="false">
              <MetadataToken>100663306</MetadataToken>
              <Name>uex.My.MyProject/MyWebServices uex.My.MyProject::get_WebServices()</Name>
              <FileRef uid="1" />
              <SequencePoints>
                <SequencePoint vc="0" uspid="33" ordinal="0" offset="0" sl="237" sc="14" el="237" ec="17" />
                <SequencePoint vc="0" uspid="34" ordinal="1" offset="1" sl="238" sc="17" el="238" ec="67" />
                <SequencePoint vc="0" uspid="35" ordinal="2" offset="14" sl="239" sc="13" el="239" ec="20" />
              </SequencePoints>
              <BranchPoints />
              <MethodPoint xsi:type="SequencePoint" vc="0" uspid="33" ordinal="0" offset="0" sl="237" sc="14" el="237" ec="17" />
            </Method>
            <Method visited="false" cyclomaticComplexity="1" sequenceCoverage="0" branchCoverage="0" isConstructor="true" isStatic="true" isGetter="false" isSetter="false">
              <MetadataToken>100663301</MetadataToken>
              <Name>System.Void uex.My.MyProject::.cctor()</Name>
              <FileRef uid="1" />
              <SequencePoints>
                <SequencePoint vc="0" uspid="36" ordinal="0" offset="0" sl="126" sc="26" el="126" ec="50" />
                <SequencePoint vc="0" uspid="37" ordinal="1" offset="10" sl="137" sc="26" el="137" ec="45" />
                <SequencePoint vc="0" uspid="38" ordinal="2" offset="20" sl="148" sc="26" el="148" ec="46" />
                <SequencePoint vc="0" uspid="39" ordinal="3" offset="30" sl="228" sc="17" el="228" ec="40" />
                <SequencePoint vc="0" uspid="40" ordinal="4" offset="40" sl="284" sc="26" el="284" ec="55" />
              </SequencePoints>
              <BranchPoints />
              <MethodPoint xsi:type="SequencePoint" vc="0" uspid="36" ordinal="0" offset="0" sl="126" sc="26" el="126" ec="50" />
            </Method>
          </Methods>
        </Class>
        <Class>
          <FullName>uex.My.MyProject/MyForms</FullName>
          <Methods>
            <Method visited="false" cyclomaticComplexity="1" sequenceCoverage="0" branchCoverage="0" isConstructor="false" isStatic="false" isGetter="true" isSetter="false">
              <MetadataToken>100663307</MetadataToken>
              <Name>uex.HostList uex.My.MyProject/MyForms::get_HostList()</Name>
              <SequencePoints />
              <BranchPoints />
              <MethodPoint vc="0" uspid="41" ordinal="0" offset="0" />
            </Method>
            <Method visited="false" cyclomaticComplexity="3" sequenceCoverage="0" branchCoverage="0" isConstructor="false" isStatic="false" isGetter="false" isSetter="true">
              <MetadataToken>100663312</MetadataToken>
              <Name>System.Void uex.My.MyProject/MyForms::set_HostList(uex.HostList)</Name>
              <SequencePoints />
              <BranchPoints>
                <BranchPoint vc="0" uspid="43" ordinal="0" offset="7" path="0" />
                <BranchPoint vc="0" uspid="44" ordinal="1" offset="7" path="1" />
                <BranchPoint vc="0" uspid="45" ordinal="2" offset="14" path="0" />
                <BranchPoint vc="0" uspid="46" ordinal="3" offset="14" path="1" />
              </BranchPoints>
              <MethodPoint vc="0" uspid="42" ordinal="0" offset="0" />
            </Method>
            <Method visited="false" cyclomaticComplexity="1" sequenceCoverage="0" branchCoverage="0" isConstructor="false" isStatic="false" isGetter="true" isSetter="false">
              <MetadataToken>100663308</MetadataToken>
              <Name>uex.HostRegister uex.My.MyProject/MyForms::get_HostRegister()</Name>
              <SequencePoints />
              <BranchPoints />
              <MethodPoint vc="0" uspid="47" ordinal="0" offset="0" />
            </Method>
            <Method visited="false" cyclomaticComplexity="3" sequenceCoverage="0" branchCoverage="0" isConstructor="false" isStatic="false" isGetter="false" isSetter="true">
              <MetadataToken>100663313</MetadataToken>
              <Name>System.Void uex.My.MyProject/MyForms::set_HostRegister(uex.HostRegister)</Name>
              <SequencePoints />
              <BranchPoints>
                <BranchPoint vc="0" uspid="49" ordinal="0" offset="7" path="0" />
                <BranchPoint vc="0" uspid="50" ordinal="1" offset="7" path="1" />
                <BranchPoint vc="0" uspid="51" ordinal="2" offset="14" path="0" />
                <BranchPoint vc="0" uspid="52" ordinal="3" offset="14" path="1" />
              </BranchPoints>
              <MethodPoint vc="0" uspid="48" ordinal="0" offset="0" />
            </Method>
            <Method visited="false" cyclomaticComplexity="1" sequenceCoverage="0" branchCoverage="0" isConstructor="false" isStatic="false" isGetter="true" isSetter="false">
              <MetadataToken>100663309</MetadataToken>
              <Name>uex.HostView uex.My.MyProject/MyForms::get_HostView()</Name>
              <SequencePoints />
              <BranchPoints />
              <MethodPoint vc="0" uspid="53" ordinal="0" offset="0" />
            </Method>
            <Method visited="false" cyclomaticComplexity="3" sequenceCoverage="0" branchCoverage="0" isConstructor="false" isStatic="false" isGetter="false" isSetter="true">
              <MetadataToken>100663314</MetadataToken>
              <Name>System.Void uex.My.MyProject/MyForms::set_HostView(uex.HostView)</Name>
              <SequencePoints />
              <BranchPoints>
                <BranchPoint vc="0" uspid="55" ordinal="0" offset="7" path="0" />
                <BranchPoint vc="0" uspid="56" ordinal="1" offset="7" path="1" />
                <BranchPoint vc="0" uspid="57" ordinal="2" offset="14" path="0" />
                <BranchPoint vc="0" uspid="58" ordinal="3" offset="14" path="1" />
              </BranchPoints>
              <MethodPoint vc="0" uspid="54" ordinal="0" offset="0" />
            </Method>
            <Method visited="false" cyclomaticComplexity="1" sequenceCoverage="0" branchCoverage="0" isConstructor="false" isStatic="false" isGetter="true" isSetter="false">
              <MetadataToken>100663310</MetadataToken>
              <Name>uex.MainForm uex.My.MyProject/MyForms::get_MainForm()</Name>
              <SequencePoints />
              <BranchPoints />
              <MethodPoint vc="0" uspid="59" ordinal="0" offset="0" />
            </Method>
            <Method visited="false" cyclomaticComplexity="3" sequenceCoverage="0" branchCoverage="0" isConstructor="false" isStatic="false" isGetter="false" isSetter="true">
              <MetadataToken>100663315</MetadataToken>
              <Name>System.Void uex.My.MyProject/MyForms::set_MainForm(uex.MainForm)</Name>
              <SequencePoints />
              <BranchPoints>
                <BranchPoint vc="0" uspid="61" ordinal="0" offset="7" path="0" />
                <BranchPoint vc="0" uspid="62" ordinal="1" offset="7" path="1" />
                <BranchPoint vc="0" uspid="63" ordinal="2" offset="14" path="0" />
                <BranchPoint vc="0" uspid="64" ordinal="3" offset="14" path="1" />
              </BranchPoints>
              <MethodPoint vc="0" uspid="60" ordinal="0" offset="0" />
            </Method>
            <Method visited="false" cyclomaticComplexity="1" sequenceCoverage="0" branchCoverage="0" isConstructor="false" isStatic="false" isGetter="true" isSetter="false">
              <MetadataToken>100663311</MetadataToken>
              <Name>uex.PrintReport uex.My.MyProject/MyForms::get_PrintReport()</Name>
              <SequencePoints />
              <BranchPoints />
              <MethodPoint vc="0" uspid="65" ordinal="0" offset="0" />
            </Method>
            <Method visited="false" cyclomaticComplexity="3" sequenceCoverage="0" branchCoverage="0" isConstructor="false" isStatic="false" isGetter="false" isSetter="true">
              <MetadataToken>100663316</MetadataToken>
              <Name>System.Void uex.My.MyProject/MyForms::set_PrintReport(uex.PrintReport)</Name>
              <SequencePoints />
              <BranchPoints>
                <BranchPoint vc="0" uspid="67" ordinal="0" offset="7" path="0" />
                <BranchPoint vc="0" uspid="68" ordinal="1" offset="7" path="1" />
                <BranchPoint vc="0" uspid="69" ordinal="2" offset="14" path="0" />
                <BranchPoint vc="0" uspid="70" ordinal="3" offset="14" path="1" />
              </BranchPoints>
              <MethodPoint vc="0" uspid="66" ordinal="0" offset="0" />
            </Method>
            <Method visited="false" cyclomaticComplexity="7" sequenceCoverage="0" branchCoverage="0" isConstructor="false" isStatic="true" isGetter="false" isSetter="false">
              <MetadataToken>100663317</MetadataToken>
              <Name>T uex.My.MyProject/MyForms::Create__Instance__(T)</Name>
              <FileRef uid="1" />
              <SequencePoints>
                <SequencePoint vc="0" uspid="71" ordinal="0" offset="0" sl="176" sc="13" el="176" ec="130" />
                <SequencePoint vc="0" uspid="72" ordinal="1" offset="1" sl="177" sc="17" el="177" ec="71" />
                <SequencePoint vc="0" uspid="73" ordinal="2" offset="27" sl="178" sc="21" el="178" ec="61" />
                <SequencePoint vc="0" uspid="74" ordinal="3" offset="34" sl="179" sc="25" el="179" ec="82" />
                <SequencePoint vc="0" uspid="75" ordinal="4" offset="56" sl="180" sc="29" el="180" ec="181" />
                <SequencePoint vc="0" uspid="76" ordinal="5" offset="78" sl="181" sc="25" el="181" ec="31" />
                <SequencePoint vc="0" uspid="77" ordinal="6" offset="81" sl="182" sc="21" el="182" ec="25" />
                <SequencePoint vc="0" uspid="78" ordinal="7" offset="82" sl="183" sc="25" el="183" ec="87" />
                <SequencePoint vc="0" uspid="79" ordinal="8" offset="92" sl="184" sc="21" el="184" ec="27" />
                <SequencePoint vc="0" uspid="80" ordinal="9" offset="93" sl="185" sc="21" el="185" ec="64" />
                <SequencePoint vc="0" uspid="81" ordinal="10" offset="115" sl="186" sc="21" el="186" ec="24" />
                <SequencePoint vc="0" uspid="82" ordinal="11" offset="116" sl="187" sc="25" el="187" ec="39" />
                <SequencePoint vc="0" uspid="83" ordinal="12" offset="145" sl="188" sc="21" el="188" ec="120" />
                <SequencePoint vc="0" uspid="84" ordinal="13" offset="163" sl="189" sc="29" el="189" ec="181" />
                <SequencePoint vc="0" uspid="85" ordinal="14" offset="197" sl="190" sc="25" el="190" ec="108" />
                <SequencePoint vc="0" uspid="86" ordinal="15" offset="217" sl="191" sc="21" el="191" ec="28" />
                <SequencePoint vc="0" uspid="87" ordinal="16" offset="218" sl="192" sc="25" el="192" ec="62" />
                <SequencePoint vc="0" uspid="88" ordinal="17" offset="240" sl="193" sc="21" el="193" ec="28" />
                <SequencePoint vc="0" uspid="89" ordinal="18" offset="243" sl="194" sc="17" el="194" ec="21" />
                <SequencePoint vc="0" uspid="90" ordinal="19" offset="244" sl="195" sc="21" el="195" ec="36" />
                <SequencePoint vc="0" uspid="91" ordinal="20" offset="248" sl="196" sc="17" el="196" ec="23" />
                <SequencePoint vc="0" uspid="92" ordinal="21" offset="249" sl="197" sc="13" el="197" ec="25" />
              </SequencePoints>
              <BranchPoints>
                <BranchPoint vc="0" uspid="93" ordinal="0" offset="7" path="0" />
                <BranchPoint vc="0" uspid="94" ordinal="1" offset="7" path="1" />
                <BranchPoint vc="0" uspid="95" ordinal="2" offset="22" path="0" />
                <BranchPoint vc="0" uspid="96" ordinal="3" offset="22" path="1" />
                <BranchPoint vc="0" uspid="97" ordinal="4" offset="32" path="0" />
                <BranchPoint vc="0" uspid="98" ordinal="5" offset="32" path="1" />
                <BranchPoint vc="0" uspid="99" ordinal="6" offset="54" path="0" />
                <BranchPoint vc="0" uspid="100" ordinal="7" offset="54" path="1" />
                <BranchPoint vc="0" uspid="101" ordinal="8" offset="132" path="0" />
                <BranchPoint vc="0" uspid="102" ordinal="9" offset="132" path="1" />
              </BranchPoints>
              <MethodPoint xsi:type="SequencePoint" vc="0" uspid="71" ordinal="0" offset="0" sl="176" sc="13" el="176" ec="130" />
            </Method>
            <Method visited="false" cyclomaticComplexity="1" sequenceCoverage="0" branchCoverage="0" isConstructor="false" isStatic="false" isGetter="false" isSetter="false">
              <MetadataToken>100663318</MetadataToken>
              <Name>System.Void uex.My.MyProject/MyForms::Dispose__Instance__(T&amp;)</Name>
              <FileRef uid="1" />
              <SequencePoints>
                <SequencePoint vc="0" uspid="103" ordinal="0" offset="0" sl="200" sc="13" el="200" ec="107" />
                <SequencePoint vc="0" uspid="104" ordinal="1" offset="1" sl="201" sc="17" el="201" ec="35" />
                <SequencePoint vc="0" uspid="105" ordinal="2" offset="14" sl="202" sc="17" el="202" ec="35" />
                <SequencePoint vc="0" uspid="106" ordinal="3" offset="29" sl="203" sc="13" el="203" ec="20" />
              </SequencePoints>
              <BranchPoints />
              <MethodPoint xsi:type="SequencePoint" vc="0" uspid="103" ordinal="0" offset="0" sl="200" sc="13" el="200" ec="107" />
            </Method>
            <Method visited="false" cyclomaticComplexity="1" sequenceCoverage="0" branchCoverage="0" isConstructor="true" isStatic="false" isGetter="false" isSetter="false">
              <MetadataToken>100663319</MetadataToken>
              <Name>System.Void uex.My.MyProject/MyForms::.ctor()</Name>
              <FileRef uid="1" />
              <SequencePoints>
                <SequencePoint vc="0" uspid="107" ordinal="0" offset="0" sl="207" sc="13" el="207" ec="29" />
                <SequencePoint vc="0" uspid="108" ordinal="1" offset="1" sl="208" sc="16" el="208" ec="28" />
                <SequencePoint vc="0" uspid="109" ordinal="2" offset="8" sl="209" sc="13" el="209" ec="20" />
              </SequencePoints>
              <BranchPoints />
              <MethodPoint xsi:type="SequencePoint" vc="0" uspid="107" ordinal="0" offset="0" sl="207" sc="13" el="207" ec="29" />
            </Method>
            <Method visited="false" cyclomaticComplexity="1" sequenceCoverage="0" branchCoverage="0" isConstructor="false" isStatic="false" isGetter="false" isSetter="false">
              <MetadataToken>100663320</MetadataToken>
              <Name>System.Boolean uex.My.MyProject/MyForms::Equals(System.Object)</Name>
              <FileRef uid="1" />
              <SequencePoints>
                <SequencePoint vc="0" uspid="110" ordinal="0" offset="0" sl="213" sc="117" el="213" ec="179" />
                <SequencePoint vc="0" uspid="111" ordinal="1" offset="1" sl="214" sc="17" el="214" ec="40" />
                <SequencePoint vc="0" uspid="112" ordinal="2" offset="16" sl="215" sc="13" el="215" ec="25" />
              </SequencePoints>
              <BranchPoints />
              <MethodPoint xsi:type="SequencePoint" vc="0" uspid="110" ordinal="0" offset="0" sl="213" sc="117" el="213" ec="179" />
            </Method>
            <Method visited="false" cyclomaticComplexity="1" sequenceCoverage="0" branchCoverage="0" isConstructor="false" isStatic="false" isGetter="false" isSetter="false">
              <MetadataToken>100663321</MetadataToken>
              <Name>System.Int32 uex.My.MyProject/MyForms::GetHashCode()</Name>
              <FileRef uid="1" />
              <SequencePoints>
                <SequencePoint vc="0" uspid="113" ordinal="0" offset="0" sl="216" sc="117" el="216" ec="167" />
                <SequencePoint vc="0" uspid="114" ordinal="1" offset="1" sl="217" sc="17" el="217" ec="42" />
                <SequencePoint vc="0" uspid="115" ordinal="2" offset="10" sl="218" sc="13" el="218" ec="25" />
              </SequencePoints>
              <BranchPoints />
              <MethodPoint xsi:type="SequencePoint" vc="0" uspid="113" ordinal="0" offset="0" sl="216" sc="117" el="216" ec="167" />
            </Method>
            <Method visited="false" cyclomaticComplexity="1" sequenceCoverage="0" branchCoverage="0" isConstructor="false" isStatic="false" isGetter="false" isSetter="false">
              <MetadataToken>100663322</MetadataToken>
              <Name>System.Type uex.My.MyProject/MyForms::GetType()</Name>
              <FileRef uid="1" />
              <SequencePoints>
                <SequencePoint vc="0" uspid="116" ordinal="0" offset="0" sl="220" sc="13" el="220" ec="72" />
                <SequencePoint vc="0" uspid="117" ordinal="1" offset="1" sl="221" sc="17" el="221" ec="40" />
                <SequencePoint vc="0" uspid="118" ordinal="2" offset="14" sl="222" sc="13" el="222" ec="25" />
              </SequencePoints>
              <BranchPoints />
              <MethodPoint xsi:type="SequencePoint" vc="0" uspid="116" ordinal="0" offset="0" sl="220" sc="13" el="220" ec="72" />
            </Method>
            <Method visited="false" cyclomaticComplexity="1" sequenceCoverage="0" branchCoverage="0" isConstructor="false" isStatic="false" isGetter="false" isSetter="false">
              <MetadataToken>100663323</MetadataToken>
              <Name>System.String uex.My.MyProject/MyForms::ToString()</Name>
              <FileRef uid="1" />
              <SequencePoints>
                <SequencePoint vc="0" uspid="119" ordinal="0" offset="0" sl="223" sc="117" el="223" ec="163" />
                <SequencePoint vc="0" uspid="120" ordinal="1" offset="1" sl="224" sc="17" el="224" ec="39" />
                <SequencePoint vc="0" uspid="121" ordinal="2" offset="10" sl="225" sc="13" el="225" ec="25" />
              </SequencePoints>
              <BranchPoints />
              <MethodPoint xsi:type="SequencePoint" vc="0" uspid="119" ordinal="0" offset="0" sl="223" sc="117" el="223" ec="163" />
            </Method>
          </Methods>
        </Class>
        <Class>
          <FullName>uex.My.MyProject/MyWebServices</FullName>
          <Methods>
            <Method visited="false" cyclomaticComplexity="1" sequenceCoverage="0" branchCoverage="0" isConstructor="false" isStatic="false" isGetter="false" isSetter="false">
              <MetadataToken>100663324</MetadataToken>
              <Name>System.Boolean uex.My.MyProject/MyWebServices::Equals(System.Object)</Name>
              <FileRef uid="1" />
              <SequencePoints>
                <SequencePoint vc="0" uspid="122" ordinal="0" offset="0" sl="247" sc="13" el="247" ec="75" />
                <SequencePoint vc="0" uspid="123" ordinal="1" offset="1" sl="248" sc="17" el="248" ec="40" />
                <SequencePoint vc="0" uspid="124" ordinal="2" offset="16" sl="249" sc="13" el="249" ec="25" />
              </SequencePoints>
              <BranchPoints />
              <MethodPoint xsi:type="SequencePoint" vc="0" uspid="122" ordinal="0" offset="0" sl="247" sc="13" el="247" ec="75" />
            </Method>
            <Method visited="false" cyclomaticComplexity="1" sequenceCoverage="0" branchCoverage="0" isConstructor="false" isStatic="false" isGetter="false" isSetter="false">
              <MetadataToken>100663325</MetadataToken>
              <Name>System.Int32 uex.My.MyProject/MyWebServices::GetHashCode()</Name>
              <FileRef uid="1" />
              <SequencePoints>
                <SequencePoint vc="0" uspid="125" ordinal="0" offset="0" sl="251" sc="13" el="251" ec="63" />
                <SequencePoint vc="0" uspid="126" ordinal="1" offset="1" sl="252" sc="17" el="252" ec="42" />
                <SequencePoint vc="0" uspid="127" ordinal="2" offset="10" sl="253" sc="13" el="253" ec="25" />
              </SequencePoints>
              <BranchPoints />
              <MethodPoint xsi:type="SequencePoint" vc="0" uspid="125" ordinal="0" offset="0" sl="251" sc="13" el="251" ec="63" />
            </Method>
            <Method visited="false" cyclomaticComplexity="1" sequenceCoverage="0" branchCoverage="0" isConstructor="false" isStatic="false" isGetter="false" isSetter="false">
              <MetadataToken>100663326</MetadataToken>
              <Name>System.Type uex.My.MyProject/MyWebServices::GetType()</Name>
              <FileRef uid="1" />
              <SequencePoints>
                <SequencePoint vc="0" uspid="128" ordinal="0" offset="0" sl="255" sc="13" el="255" ec="72" />
                <SequencePoint vc="0" uspid="129" ordinal="1" offset="1" sl="256" sc="17" el="256" ec="46" />
                <SequencePoint vc="0" uspid="130" ordinal="2" offset="14" sl="257" sc="13" el="257" ec="25" />
              </SequencePoints>
              <BranchPoints />
              <MethodPoint xsi:type="SequencePoint" vc="0" uspid="128" ordinal="0" offset="0" sl="255" sc="13" el="255" ec="72" />
            </Method>
            <Method visited="false" cyclomaticComplexity="1" sequenceCoverage="0" branchCoverage="0" isConstructor="false" isStatic="false" isGetter="false" isSetter="false">
              <MetadataToken>100663327</MetadataToken>
              <Name>System.String uex.My.MyProject/MyWebServices::ToString()</Name>
              <FileRef uid="1" />
              <SequencePoints>
                <SequencePoint vc="0" uspid="131" ordinal="0" offset="0" sl="259" sc="13" el="259" ec="59" />
                <SequencePoint vc="0" uspid="132" ordinal="1" offset="1" sl="260" sc="17" el="260" ec="39" />
                <SequencePoint vc="0" uspid="133" ordinal="2" offset="10" sl="261" sc="13" el="261" ec="25" />
              </SequencePoints>
              <BranchPoints />
              <MethodPoint xsi:type="SequencePoint" vc="0" uspid="131" ordinal="0" offset="0" sl="259" sc="13" el="259" ec="59" />
            </Method>
            <Method visited="false" cyclomaticComplexity="2" sequenceCoverage="0" branchCoverage="0" isConstructor="false" isStatic="true" isGetter="false" isSetter="false">
              <MetadataToken>100663328</MetadataToken>
              <Name>T uex.My.MyProject/MyWebServices::Create__Instance__(T)</Name>
              <FileRef uid="1" />
              <SequencePoints>
                <SequencePoint vc="0" uspid="134" ordinal="0" offset="0" sl="264" sc="12" el="264" ec="95" />
                <SequencePoint vc="0" uspid="135" ordinal="1" offset="1" sl="265" sc="17" el="265" ec="44" />
                <SequencePoint vc="0" uspid="136" ordinal="2" offset="9" sl="266" sc="21" el="266" ec="35" />
                <SequencePoint vc="0" uspid="137" ordinal="3" offset="19" sl="267" sc="17" el="267" ec="21" />
                <SequencePoint vc="0" uspid="138" ordinal="4" offset="20" sl="268" sc="21" el="268" ec="36" />
                <SequencePoint vc="0" uspid="139" ordinal="5" offset="24" sl="269" sc="17" el="269" ec="23" />
                <SequencePoint vc="0" uspid="140" ordinal="6" offset="25" sl="270" sc="13" el="270" ec="25" />
              </SequencePoints>
              <BranchPoints>
                <BranchPoint vc="0" uspid="141" ordinal="0" offset="7" path="0" />
                <BranchPoint vc="0" uspid="142" ordinal="1" offset="7" path="1" />
              </BranchPoints>
              <MethodPoint xsi:type="SequencePoint" vc="0" uspid="134" ordinal="0" offset="0" sl="264" sc="12" el="264" ec="95" />
            </Method>
            <Method visited="false" cyclomaticComplexity="1" sequenceCoverage="0" branchCoverage="0" isConstructor="false" isStatic="false" isGetter="false" isSetter="false">
              <MetadataToken>100663329</MetadataToken>
              <Name>System.Void uex.My.MyProject/MyWebServices::Dispose__Instance__(T&amp;)</Name>
              <FileRef uid="1" />
              <SequencePoints>
                <SequencePoint vc="0" uspid="143" ordinal="0" offset="0" sl="273" sc="13" el="273" ec="71" />
                <SequencePoint vc="0" uspid="144" ordinal="1" offset="1" sl="274" sc="17" el="274" ec="35" />
                <SequencePoint vc="0" uspid="145" ordinal="2" offset="16" sl="275" sc="13" el="275" ec="20" />
              </SequencePoints>
              <BranchPoints />
              <MethodPoint xsi:type="SequencePoint" vc="0" uspid="143" ordinal="0" offset="0" sl="273" sc="13" el="273" ec="71" />
            </Method>
            <Method visited="false" cyclomaticComplexity="1" sequenceCoverage="0" branchCoverage="0" isConstructor="true" isStatic="false" isGetter="false" isSetter="false">
              <MetadataToken>100663330</MetadataToken>
              <Name>System.Void uex.My.MyProject/MyWebServices::.ctor()</Name>
              <FileRef uid="1" />
              <SequencePoints>
                <SequencePoint vc="0" uspid="146" ordinal="0" offset="0" sl="279" sc="13" el="279" ec="29" />
                <SequencePoint vc="0" uspid="147" ordinal="1" offset="1" sl="280" sc="16" el="280" ec="28" />
                <SequencePoint vc="0" uspid="148" ordinal="2" offset="8" sl="281" sc="13" el="281" ec="20" />
              </SequencePoints>
              <BranchPoints />
              <MethodPoint xsi:type="SequencePoint" vc="0" uspid="146" ordinal="0" offset="0" sl="279" sc="13" el="279" ec="29" />
            </Method>
          </Methods>
        </Class>
        <Class>
          <FullName>uex.My.MyProject/ThreadSafeObjectProvider`1</FullName>
          <Methods>
            <Method visited="false" cyclomaticComplexity="2" sequenceCoverage="0" branchCoverage="0" isConstructor="false" isStatic="false" isGetter="true" isSetter="false">
              <MetadataToken>100663331</MetadataToken>
              <Name>T uex.My.MyProject/ThreadSafeObjectProvider`1::get_GetInstance()</Name>
              <FileRef uid="1" />
              <SequencePoints>
                <SequencePoint vc="0" uspid="149" ordinal="0" offset="0" sl="341" sc="17" el="341" ec="20" />
                <SequencePoint vc="0" uspid="150" ordinal="1" offset="1" sl="342" sc="21" el="342" ec="59" />
                <SequencePoint vc="0" uspid="151" ordinal="2" offset="13" sl="342" sc="60" el="342" ec="87" />
                <SequencePoint vc="0" uspid="152" ordinal="3" offset="23" sl="343" sc="21" el="343" ec="47" />
                <SequencePoint vc="0" uspid="153" ordinal="4" offset="31" sl="344" sc="17" el="344" ec="24" />
              </SequencePoints>
              <BranchPoints>
                <BranchPoint vc="0" uspid="154" ordinal="0" offset="11" path="0" />
                <BranchPoint vc="0" uspid="155" ordinal="1" offset="11" path="1" />
              </BranchPoints>
              <MethodPoint xsi:type="SequencePoint" vc="0" uspid="149" ordinal="0" offset="0" sl="341" sc="17" el="341" ec="20" />
            </Method>
            <Method visited="false" cyclomaticComplexity="1" sequenceCoverage="0" branchCoverage="0" isConstructor="true" isStatic="false" isGetter="false" isSetter="false">
              <MetadataToken>100663332</MetadataToken>
              <Name>System.Void uex.My.MyProject/ThreadSafeObjectProvider`1::.ctor()</Name>
              <FileRef uid="1" />
              <SequencePoints>
                <SequencePoint vc="0" uspid="156" ordinal="0" offset="0" sl="350" sc="13" el="350" ec="29" />
                <SequencePoint vc="0" uspid="157" ordinal="1" offset="1" sl="351" sc="17" el="351" ec="29" />
                <SequencePoint vc="0" uspid="158" ordinal="2" offset="8" sl="352" sc="13" el="352" ec="20" />
              </SequencePoints>
              <BranchPoints />
              <MethodPoint xsi:type="SequencePoint" vc="0" uspid="156" ordinal="0" offset="0" sl="350" sc="13" el="350" ec="29" />
            </Method>
          </Methods>
        </Class>
        <Class>
          <FullName>uex.Calender</FullName>
          <Methods>
            <Method visited="false" cyclomaticComplexity="3" sequenceCoverage="0" branchCoverage="0" isConstructor="false" isStatic="false" isGetter="false" isSetter="false">
              <MetadataToken>100663333</MetadataToken>
              <Name>System.Void uex.Calender::Dispose(System.Boolean)</Name>
              <FileRef uid="8" />
              <SequencePoints>
                <SequencePoint vc="0" uspid="159" ordinal="0" offset="0" sl="21" sc="2" el="21" ec="61" />
                <SequencePoint vc="0" uspid="160" ordinal="1" offset="1" sl="22" sc="3" el="22" ec="20" />
                <SequencePoint vc="0" uspid="161" ordinal="2" offset="4" sl="23" sc="4" el="23" ec="36" />
                <SequencePoint vc="0" uspid="162" ordinal="3" offset="12" sl="24" sc="5" el="24" ec="25" />
                <SequencePoint vc="0" uspid="163" ordinal="4" offset="24" sl="25" sc="4" el="25" ec="10" />
                <SequencePoint vc="0" uspid="164" ordinal="5" offset="25" sl="26" sc="3" el="26" ec="9" />
                <SequencePoint vc="0" uspid="165" ordinal="6" offset="26" sl="27" sc="3" el="27" ec="28" />
                <SequencePoint vc="0" uspid="166" ordinal="7" offset="34" sl="28" sc="2" el="28" ec="9" />
              </SequencePoints>
              <BranchPoints>
                <BranchPoint vc="0" uspid="167" ordinal="0" offset="2" path="0" />
                <BranchPoint vc="0" uspid="168" ordinal="1" offset="2" path="1" />
                <BranchPoint vc="0" uspid="169" ordinal="2" offset="10" path="0" />
                <BranchPoint vc="0" uspid="170" ordinal="3" offset="10" path="1" />
              </BranchPoints>
              <MethodPoint xsi:type="SequencePoint" vc="0" uspid="159" ordinal="0" offset="0" sl="21" sc="2" el="21" ec="61" />
            </Method>
            <Method visited="false" cyclomaticComplexity="1" sequenceCoverage="0" branchCoverage="0" isConstructor="false" isStatic="false" isGetter="false" isSetter="false">
              <MetadataToken>100663334</MetadataToken>
              <Name>System.Void uex.Calender::InitializeComponent()</Name>
              <FileRef uid="8" />
              <SequencePoints>
                <SequencePoint vc="0" uspid="171" ordinal="0" offset="0" sl="35" sc="2" el="35" ec="35" />
                <SequencePoint vc="0" uspid="172" ordinal="1" offset="1" sl="36" sc="7" el="36" ec="138" />
                <SequencePoint vc="0" uspid="173" ordinal="2" offset="17" sl="37" sc="3" el="37" ec="63" />
                <SequencePoint vc="0" uspid="174" ordinal="3" offset="28" sl="38" sc="3" el="38" ec="19" />
                <SequencePoint vc="0" uspid="175" ordinal="4" offset="35" sl="42" sc="3" el="42" ec="62" />
                <SequencePoint vc="0" uspid="176" ordinal="5" offset="58" sl="43" sc="3" el="43" ec="44" />
                <SequencePoint vc="0" uspid="177" ordinal="6" offset="75" sl="44" sc="3" el="44" ec="33" />
                <SequencePoint vc="0" uspid="178" ordinal="7" offset="88" sl="45" sc="3" el="45" ec="86" />
                <SequencePoint vc="0" uspid="179" ordinal="8" offset="113" sl="49" sc="3" el="49" ec="61" />
                <SequencePoint vc="0" uspid="180" ordinal="9" offset="140" sl="50" sc="3" el="50" ec="61" />
                <SequencePoint vc="0" uspid="181" ordinal="10" offset="148" sl="51" sc="3" el="51" ec="52" />
                <SequencePoint vc="0" uspid="182" ordinal="11" offset="175" sl="52" sc="3" el="52" ec="37" />
                <SequencePoint vc="0" uspid="183" ordinal="12" offset="193" sl="53" sc="3" el="53" ec="73" />
                <SequencePoint vc="0" uspid="184" ordinal="13" offset="216" sl="54" sc="3" el="54" ec="23" />
                <SequencePoint vc="0" uspid="185" ordinal="14" offset="228" sl="55" sc="3" el="55" ec="20" />
                <SequencePoint vc="0" uspid="186" ordinal="15" offset="240" sl="56" sc="3" el="56" ec="25" />
                <SequencePoint vc="0" uspid="187" ordinal="16" offset="248" sl="57" sc="2" el="57" ec="9" />
              </SequencePoints>
              <BranchPoints />
              <MethodPoint xsi:type="SequencePoint" vc="0" uspid="171" ordinal="0" offset="0" sl="35" sc="2" el="35" ec="35" />
            </Method>
            <Method visited="false" cyclomaticComplexity="1" sequenceCoverage="0" branchCoverage="0" isConstructor="true" isStatic="false" isGetter="false" isSetter="false">
              <MetadataToken>100663335</MetadataToken>
              <Name>System.Void uex.Calender::.ctor(System.Windows.Forms.Form,uex.WordContainer)</Name>
              <FileRef uid="9" />
              <SequencePoints>
                <SequencePoint vc="0" uspid="188" ordinal="0" offset="0" sl="13" sc="2" el="13" ec="57" />
                <SequencePoint vc="0" uspid="189" ordinal="1" offset="8" sl="15" sc="3" el="15" ec="27" />
                <SequencePoint vc="0" uspid="190" ordinal="2" offset="15" sl="19" sc="3" el="19" ec="14" />
                <SequencePoint vc="0" uspid="191" ordinal="3" offset="27" sl="20" sc="3" el="20" ec="14" />
                <SequencePoint vc="0" uspid="192" ordinal="4" offset="34" sl="21" sc="2" el="21" ec="9" />
              </SequencePoints>
              <BranchPoints />
              <MethodPoint xsi:type="SequencePoint" vc="0" uspid="188" ordinal="0" offset="0" sl="13" sc="2" el="13" ec="57" />
            </Method>
            <Method visited="false" cyclomaticComplexity="2" sequenceCoverage="0" branchCoverage="0" isConstructor="false" isStatic="false" isGetter="false" isSetter="false">
              <MetadataToken>100663336</MetadataToken>
              <Name>System.Void uex.Calender::MonthCalendar1_DateSelected(System.Object,System.Windows.Forms.DateRangeEventArgs)</Name>
              <FileRef uid="9" />
              <SequencePoints>
                <SequencePoint vc="0" uspid="193" ordinal="0" offset="0" sl="34" sc="2" el="34" ec="84" />
                <SequencePoint vc="0" uspid="194" ordinal="1" offset="1" sl="37" sc="7" el="37" ec="97" />
                <SequencePoint vc="0" uspid="195" ordinal="2" offset="47" sl="38" sc="3" el="38" ec="37" />
                <SequencePoint vc="0" uspid="196" ordinal="3" offset="62" sl="39" sc="4" el="39" ec="38" />
                <SequencePoint vc="0" uspid="197" ordinal="4" offset="73" sl="40" sc="4" el="40" ec="12" />
                <SequencePoint vc="0" uspid="198" ordinal="5" offset="79" sl="41" sc="3" el="41" ec="9" />
                <SequencePoint vc="0" uspid="199" ordinal="6" offset="80" sl="43" sc="3" el="43" ec="44" />
                <SequencePoint vc="0" uspid="200" ordinal="7" offset="100" sl="44" sc="3" el="44" ec="45" />
                <SequencePoint vc="0" uspid="201" ordinal="8" offset="120" sl="45" sc="3" el="45" ec="43" />
                <SequencePoint vc="0" uspid="202" ordinal="9" offset="140" sl="47" sc="7" el="47" ec="27" />
                <SequencePoint vc="0" uspid="203" ordinal="10" offset="146" sl="48" sc="7" el="48" ec="32" />
                <SequencePoint vc="0" uspid="204" ordinal="11" offset="152" sl="49" sc="3" el="49" ec="155" />
                <SequencePoint vc="0" uspid="205" ordinal="12" offset="188" sl="50" sc="3" el="50" ec="155" />
                <SequencePoint vc="0" uspid="206" ordinal="13" offset="224" sl="51" sc="3" el="51" ec="155" />
                <SequencePoint vc="0" uspid="207" ordinal="14" offset="260" sl="52" sc="3" el="52" ec="42" />
                <SequencePoint vc="0" uspid="208" ordinal="15" offset="283" sl="55" sc="3" el="55" ec="19" />
                <SequencePoint vc="0" uspid="209" ordinal="16" offset="285" sl="56" sc="3" el="56" ec="13" />
                <SequencePoint vc="0" uspid="210" ordinal="17" offset="292" sl="58" sc="2" el="58" ec="9" />
              </SequencePoints>
              <BranchPoints>
                <BranchPoint vc="0" uspid="211" ordinal="0" offset="60" path="0" />
                <BranchPoint vc="0" uspid="212" ordinal="1" offset="60" path="1" />
              </BranchPoints>
              <MethodPoint xsi:type="SequencePoint" vc="0" uspid="193" ordinal="0" offset="0" sl="34" sc="2" el="34" ec="84" />
            </Method>
          </Methods>
        </Class>
        <Class>
          <FullName>uex.ClearForm</FullName>
          <Methods>
            <Method visited="false" cyclomaticComplexity="1" sequenceCoverage="0" branchCoverage="0" isConstructor="true" isStatic="false" isGetter="false" isSetter="false">
              <MetadataToken>100663337</MetadataToken>
              <Name>System.Void uex.ClearForm::.ctor()</Name>
              <SequencePoints />
              <BranchPoints />
              <MethodPoint vc="0" uspid="213" ordinal="0" offset="0" />
            </Method>
            <Method visited="false" cyclomaticComplexity="2" sequenceCoverage="0" branchCoverage="0" isConstructor="false" isStatic="false" isGetter="false" isSetter="false">
              <MetadataToken>100663338</MetadataToken>
              <Name>System.Void uex.ClearForm::ClearForm(System.Int32,uex.PrintReport)</Name>
              <FileRef uid="10" />
              <SequencePoints>
                <SequencePoint vc="0" uspid="214" ordinal="0" offset="0" sl="16" sc="5" el="16" ec="68" />
                <SequencePoint vc="0" uspid="215" ordinal="1" offset="1" sl="19" sc="9" el="19" ec="58" />
                <SequencePoint vc="0" uspid="216" ordinal="2" offset="38" sl="20" sc="9" el="20" ec="31" />
                <SequencePoint vc="0" uspid="217" ordinal="3" offset="42" sl="21" sc="10" el="21" ec="16" />
                <SequencePoint vc="0" uspid="218" ordinal="4" offset="51" sl="22" sc="17" el="22" ec="25" />
                <SequencePoint vc="0" uspid="219" ordinal="5" offset="54" sl="24" sc="21" el="24" ec="48" />
                <SequencePoint vc="0" uspid="220" ordinal="6" offset="73" sl="25" sc="21" el="25" ec="63" />
                <SequencePoint vc="0" uspid="221" ordinal="7" offset="88" sl="27" sc="25" el="27" ec="55" />
                <SequencePoint vc="0" uspid="222" ordinal="8" offset="101" sl="30" sc="21" el="30" ec="51" />
                <SequencePoint vc="0" uspid="223" ordinal="9" offset="120" sl="31" sc="21" el="31" ec="53" />
                <SequencePoint vc="0" uspid="224" ordinal="10" offset="139" sl="35" sc="21" el="35" ec="49" />
                <SequencePoint vc="0" uspid="225" ordinal="11" offset="158" sl="37" sc="21" el="37" ec="59" />
                <SequencePoint vc="0" uspid="226" ordinal="12" offset="176" sl="38" sc="21" el="38" ec="52" />
                <SequencePoint vc="0" uspid="227" ordinal="13" offset="194" sl="39" sc="21" el="39" ec="54" />
                <SequencePoint vc="0" uspid="228" ordinal="14" offset="212" sl="40" sc="21" el="40" ec="41" />
                <SequencePoint vc="0" uspid="229" ordinal="15" offset="230" sl="41" sc="21" el="41" ec="55" />
                <SequencePoint vc="0" uspid="230" ordinal="16" offset="248" sl="42" sc="21" el="42" ec="52" />
                <SequencePoint vc="0" uspid="231" ordinal="17" offset="266" sl="43" sc="21" el="43" ec="47" />
                <SequencePoint vc="0" uspid="232" ordinal="18" offset="280" sl="44" sc="21" el="44" ec="44" />
                <SequencePoint vc="0" uspid="233" ordinal="19" offset="298" sl="45" sc="21" el="45" ec="50" />
                <SequencePoint vc="0" uspid="234" ordinal="20" offset="312" sl="46" sc="21" el="46" ec="56" />
                <SequencePoint vc="0" uspid="235" ordinal="21" offset="330" sl="47" sc="21" el="47" ec="50" />
                <SequencePoint vc="0" uspid="236" ordinal="22" offset="344" sl="48" sc="21" el="48" ec="55" />
                <SequencePoint vc="0" uspid="237" ordinal="23" offset="362" sl="49" sc="21" el="49" ec="54" />
                <SequencePoint vc="0" uspid="238" ordinal="24" offset="380" sl="50" sc="21" el="50" ec="59" />
                <SequencePoint vc="0" uspid="239" ordinal="25" offset="396" sl="51" sc="21" el="51" ec="60" />
                <SequencePoint vc="0" uspid="240" ordinal="26" offset="412" sl="52" sc="21" el="52" ec="58" />
                <SequencePoint vc="0" uspid="241" ordinal="27" offset="428" sl="53" sc="21" el="53" ec="55" />
                <SequencePoint vc="0" uspid="242" ordinal="28" offset="446" sl="54" sc="21" el="54" ec="50" />
                <SequencePoint vc="0" uspid="243" ordinal="29" offset="460" sl="55" sc="21" el="55" ec="41" />
                <SequencePoint vc="0" uspid="244" ordinal="30" offset="478" sl="56" sc="21" el="56" ec="59" />
                <SequencePoint vc="0" uspid="245" ordinal="31" offset="496" sl="57" sc="21" el="57" ec="50" />
                <SequencePoint vc="0" uspid="246" ordinal="32" offset="514" sl="58" sc="21" el="58" ec="57" />
                <SequencePoint vc="0" uspid="247" ordinal="33" offset="532" sl="61" sc="21" el="61" ec="55" />
                <SequencePoint vc="0" uspid="248" ordinal="34" offset="547" sl="62" sc="21" el="62" ec="54" />
                <SequencePoint vc="0" uspid="249" ordinal="35" offset="562" sl="63" sc="21" el="63" ec="57" />
                <SequencePoint vc="0" uspid="250" ordinal="36" offset="576" sl="64" sc="21" el="64" ec="55" />
                <SequencePoint vc="0" uspid="251" ordinal="37" offset="590" sl="65" sc="21" el="65" ec="55" />
                <SequencePoint vc="0" uspid="252" ordinal="38" offset="605" sl="66" sc="21" el="66" ec="57" />
                <SequencePoint vc="0" uspid="253" ordinal="39" offset="620" sl="67" sc="21" el="67" ec="62" />
                <SequencePoint vc="0" uspid="254" ordinal="40" offset="635" sl="68" sc="21" el="68" ec="54" />
                <SequencePoint vc="0" uspid="255" ordinal="41" offset="650" sl="69" sc="21" el="69" ec="57" />
                <SequencePoint vc="0" uspid="256" ordinal="42" offset="664" sl="70" sc="21" el="70" ec="55" />
                <SequencePoint vc="0" uspid="257" ordinal="43" offset="678" sl="71" sc="21" el="71" ec="59" />
                <SequencePoint vc="0" uspid="258" ordinal="44" offset="693" sl="72" sc="21" el="72" ec="59" />
                <SequencePoint vc="0" uspid="259" ordinal="45" offset="708" sl="73" sc="21" el="73" ec="59" />
                <SequencePoint vc="0" uspid="260" ordinal="46" offset="723" sl="74" sc="21" el="74" ec="59" />
                <SequencePoint vc="0" uspid="261" ordinal="47" offset="738" sl="75" sc="21" el="75" ec="53" />
                <SequencePoint vc="0" uspid="262" ordinal="48" offset="753" sl="76" sc="4" el="76" ec="12" />
                <SequencePoint vc="0" uspid="263" ordinal="49" offset="756" sl="78" sc="9" el="78" ec="19" />
                <SequencePoint vc="0" uspid="264" ordinal="50" offset="757" sl="79" sc="8" el="79" ec="15" />
              </SequencePoints>
              <BranchPoints>
                <BranchPoint vc="0" uspid="265" ordinal="0" offset="46" path="0" />
                <BranchPoint vc="0" uspid="266" ordinal="1" offset="46" path="1" />
              </BranchPoints>
              <MethodPoint xsi:type="SequencePoint" vc="0" uspid="214" ordinal="0" offset="0" sl="16" sc="5" el="16" ec="68" />
            </Method>
          </Methods>
        </Class>
        <Class>
          <FullName>uex.Common</FullName>
          <Methods>
            <Method visited="false" cyclomaticComplexity="1" sequenceCoverage="0" branchCoverage="0" isConstructor="true" isStatic="false" isGetter="false" isSetter="false">
              <MetadataToken>100663339</MetadataToken>
              <Name>System.Void uex.Common::.ctor(uex.WordContainer)</Name>
              <FileRef uid="11" />
              <SequencePoints>
                <SequencePoint vc="0" uspid="267" ordinal="0" offset="0" sl="16" sc="2" el="16" ec="44" />
                <SequencePoint vc="0" uspid="268" ordinal="1" offset="8" sl="13" sc="10" el="13" ec="16" />
                <SequencePoint vc="0" uspid="269" ordinal="2" offset="19" sl="17" sc="3" el="17" ec="36" />
                <SequencePoint vc="0" uspid="270" ordinal="3" offset="41" sl="18" sc="3" el="18" ec="16" />
                <SequencePoint vc="0" uspid="271" ordinal="4" offset="48" sl="19" sc="2" el="19" ec="9" />
              </SequencePoints>
              <BranchPoints />
              <MethodPoint xsi:type="SequencePoint" vc="0" uspid="267" ordinal="0" offset="0" sl="16" sc="2" el="16" ec="44" />
            </Method>
            <Method visited="false" cyclomaticComplexity="14" sequenceCoverage="0" branchCoverage="0" isConstructor="false" isStatic="false" isGetter="false" isSetter="false">
              <MetadataToken>100663340</MetadataToken>
              <Name>System.Collections.ArrayList uex.Common::WordPreparer(System.Collections.ArrayList,System.String)</Name>
              <FileRef uid="11" />
              <SequencePoints>
                <SequencePoint vc="0" uspid="272" ordinal="0" offset="0" sl="28" sc="2" el="28" ec="85" />
                <SequencePoint vc="0" uspid="273" ordinal="1" offset="1" sl="29" sc="7" el="29" ec="49" />
                <SequencePoint vc="0" uspid="274" ordinal="2" offset="10" sl="31" sc="7" el="31" ec="35" />
                <SequencePoint vc="0" uspid="275" ordinal="3" offset="17" sl="32" sc="7" el="32" ec="40" />
                <SequencePoint vc="0" uspid="276" ordinal="4" offset="19" sl="34" sc="7" el="34" ec="38" />
                <SequencePoint vc="0" uspid="277" ordinal="5" offset="21" sl="36" sc="3" el="36" ec="45" />
                <SequencePoint vc="0" uspid="278" ordinal="6" offset="32" sl="37" sc="8" el="37" ec="41" />
                <SequencePoint vc="0" uspid="279" ordinal="7" offset="74" sl="38" sc="8" el="38" ec="33" />
                <SequencePoint vc="0" uspid="280" ordinal="8" offset="77" sl="40" sc="4" el="40" ec="49" />
                <SequencePoint vc="0" uspid="281" ordinal="9" offset="121" sl="41" sc="5" el="41" ec="60" />
                <SequencePoint vc="0" uspid="282" ordinal="10" offset="183" sl="42" sc="5" el="46" ec="12" />
                <SequencePoint vc="0" uspid="283" ordinal="11" offset="309" sl="47" sc="5" el="47" ec="18" />
                <SequencePoint vc="0" uspid="284" ordinal="12" offset="312" sl="48" sc="4" el="48" ec="10" />
                <SequencePoint vc="0" uspid="285" ordinal="13" offset="313" sl="50" sc="8" el="50" ec="77" />
                <SequencePoint vc="0" uspid="286" ordinal="14" offset="359" sl="52" sc="4" el="52" ec="25" />
                <SequencePoint vc="0" uspid="287" ordinal="15" offset="363" sl="53" sc="5" el="53" ec="37" />
                <SequencePoint vc="0" uspid="288" ordinal="16" offset="366" sl="54" sc="6" el="54" ec="33" />
                <SequencePoint vc="0" uspid="289" ordinal="17" offset="385" sl="55" sc="7" el="55" ec="62" />
                <SequencePoint vc="0" uspid="290" ordinal="18" offset="455" sl="56" sc="6" el="56" ec="12" />
                <SequencePoint vc="0" uspid="291" ordinal="19" offset="456" sl="57" sc="5" el="57" ec="11" />
                <SequencePoint vc="0" uspid="292" ordinal="20" offset="468" sl="58" sc="4" el="58" ec="10" />
                <SequencePoint vc="0" uspid="293" ordinal="21" offset="469" sl="60" sc="8" el="60" ec="35" />
                <SequencePoint vc="0" uspid="294" ordinal="22" offset="476" sl="61" sc="8" el="61" ec="61" />
                <SequencePoint vc="0" uspid="295" ordinal="23" offset="517" sl="62" sc="8" el="62" ec="24" />
                <SequencePoint vc="0" uspid="296" ordinal="24" offset="520" sl="63" sc="8" el="63" ec="24" />
                <SequencePoint vc="0" uspid="297" ordinal="25" offset="523" sl="64" sc="8" el="64" ec="49" />
                <SequencePoint vc="0" uspid="298" ordinal="26" offset="575" sl="66" sc="4" el="66" ec="50" />
                <SequencePoint vc="0" uspid="299" ordinal="27" offset="589" sl="67" sc="5" el="67" ec="27" />
                <SequencePoint vc="0" uspid="300" ordinal="28" offset="596" sl="68" sc="6" el="68" ec="66" />
                <SequencePoint vc="0" uspid="301" ordinal="29" offset="714" sl="69" sc="7" el="69" ec="57" />
                <SequencePoint vc="0" uspid="302" ordinal="30" offset="789" sl="70" sc="8" el="70" ec="37" />
                <SequencePoint vc="0" uspid="303" ordinal="31" offset="856" sl="71" sc="8" el="71" ec="37" />
                <SequencePoint vc="0" uspid="304" ordinal="32" offset="922" sl="72" sc="8" el="72" ec="34" />
                <SequencePoint vc="0" uspid="305" ordinal="33" offset="932" sl="73" sc="8" el="73" ec="37" />
                <SequencePoint vc="0" uspid="306" ordinal="34" offset="984" sl="74" sc="8" el="74" ec="30" />
                <SequencePoint vc="0" uspid="307" ordinal="35" offset="986" sl="76" sc="8" el="76" ec="17" />
                <SequencePoint vc="0" uspid="308" ordinal="36" offset="992" sl="77" sc="7" el="77" ec="13" />
                <SequencePoint vc="0" uspid="309" ordinal="37" offset="1008" sl="78" sc="7" el="78" ec="15" />
                <SequencePoint vc="0" uspid="310" ordinal="38" offset="1014" sl="79" sc="7" el="79" ec="16" />
                <SequencePoint vc="0" uspid="311" ordinal="39" offset="1020" sl="80" sc="7" el="80" ec="19" />
                <SequencePoint vc="0" uspid="312" ordinal="40" offset="1030" sl="81" sc="6" el="81" ec="10" />
                <SequencePoint vc="0" uspid="313" ordinal="41" offset="1031" sl="82" sc="7" el="82" ec="48" />
                <SequencePoint vc="0" uspid="314" ordinal="42" offset="1046" sl="84" sc="11" el="84" ec="67" />
                <SequencePoint vc="0" uspid="315" ordinal="43" offset="1067" sl="85" sc="7" el="85" ec="37" />
                <SequencePoint vc="0" uspid="316" ordinal="44" offset="1083" sl="86" sc="8" el="86" ec="35" />
                <SequencePoint vc="0" uspid="317" ordinal="45" offset="1086" sl="87" sc="7" el="87" ec="13" />
                <SequencePoint vc="0" uspid="318" ordinal="46" offset="1087" sl="89" sc="7" el="89" ec="33" />
                <SequencePoint vc="0" uspid="319" ordinal="47" offset="1093" sl="90" sc="7" el="90" ec="33" />
                <SequencePoint vc="0" uspid="320" ordinal="48" offset="1103" sl="91" sc="7" el="91" ec="36" />
                <SequencePoint vc="0" uspid="321" ordinal="49" offset="1155" sl="92" sc="7" el="92" ec="29" />
                <SequencePoint vc="0" uspid="322" ordinal="50" offset="1157" sl="94" sc="7" el="94" ec="16" />
                <SequencePoint vc="0" uspid="323" ordinal="51" offset="1163" sl="95" sc="6" el="95" ec="12" />
                <SequencePoint vc="0" uspid="324" ordinal="52" offset="1169" sl="96" sc="5" el="96" ec="9" />
                <SequencePoint vc="0" uspid="325" ordinal="53" offset="1170" sl="97" sc="6" el="97" ec="47" />
                <SequencePoint vc="0" uspid="326" ordinal="54" offset="1185" sl="99" sc="10" el="99" ec="65" />
                <SequencePoint vc="0" uspid="327" ordinal="55" offset="1206" sl="100" sc="6" el="100" ec="35" />
                <SequencePoint vc="0" uspid="328" ordinal="56" offset="1222" sl="101" sc="7" el="101" ec="33" />
                <SequencePoint vc="0" uspid="329" ordinal="57" offset="1225" sl="102" sc="6" el="102" ec="12" />
                <SequencePoint vc="0" uspid="330" ordinal="58" offset="1226" sl="103" sc="6" el="103" ec="32" />
                <SequencePoint vc="0" uspid="331" ordinal="59" offset="1232" sl="104" sc="6" el="104" ec="32" />
                <SequencePoint vc="0" uspid="332" ordinal="60" offset="1242" sl="105" sc="6" el="105" ec="35" />
                <SequencePoint vc="0" uspid="333" ordinal="61" offset="1294" sl="106" sc="6" el="106" ec="28" />
                <SequencePoint vc="0" uspid="334" ordinal="62" offset="1296" sl="108" sc="6" el="108" ec="15" />
                <SequencePoint vc="0" uspid="335" ordinal="63" offset="1302" sl="109" sc="5" el="109" ec="11" />
                <SequencePoint vc="0" uspid="336" ordinal="64" offset="1303" sl="110" sc="4" el="110" ec="10" />
                <SequencePoint vc="0" uspid="337" ordinal="65" offset="1319" sl="111" sc="4" el="111" ec="35" />
                <SequencePoint vc="0" uspid="338" ordinal="66" offset="1322" sl="112" sc="5" el="112" ec="34" />
                <SequencePoint vc="0" uspid="339" ordinal="67" offset="1387" sl="113" sc="5" el="113" ec="31" />
                <SequencePoint vc="0" uspid="340" ordinal="68" offset="1397" sl="114" sc="5" el="114" ec="34" />
                <SequencePoint vc="0" uspid="341" ordinal="69" offset="1449" sl="115" sc="4" el="115" ec="10" />
                <SequencePoint vc="0" uspid="342" ordinal="70" offset="1450" sl="117" sc="4" el="117" ec="31" />
                <SequencePoint vc="0" uspid="343" ordinal="71" offset="1460" sl="119" sc="4" el="119" ec="27" />
                <SequencePoint vc="0" uspid="344" ordinal="72" offset="1462" sl="120" sc="4" el="120" ec="18" />
                <SequencePoint vc="0" uspid="345" ordinal="73" offset="1465" sl="121" sc="3" el="121" ec="9" />
                <SequencePoint vc="0" uspid="346" ordinal="74" offset="1481" sl="139" sc="3" el="139" ec="21" />
                <SequencePoint vc="0" uspid="347" ordinal="75" offset="1487" sl="140" sc="2" el="140" ec="14" />
              </SequencePoints>
              <BranchPoints>
                <BranchPoint vc="0" uspid="348" ordinal="0" offset="116" path="0" />
                <BranchPoint vc="0" uspid="349" ordinal="1" offset="116" path="1" />
                <BranchPoint vc="0" uspid="350" ordinal="2" offset="361" path="0" />
                <BranchPoint vc="0" uspid="351" ordinal="3" offset="361" path="1" />
                <BranchPoint vc="0" uspid="352" ordinal="4" offset="383" path="0" />
                <BranchPoint vc="0" uspid="353" ordinal="5" offset="383" path="1" />
                <BranchPoint vc="0" uspid="354" ordinal="6" offset="466" path="0" />
                <BranchPoint vc="0" uspid="355" ordinal="7" offset="466" path="1" />
                <BranchPoint vc="0" uspid="356" ordinal="8" offset="591" path="0" />
                <BranchPoint vc="0" uspid="357" ordinal="9" offset="591" path="1" />
                <BranchPoint vc="0" uspid="358" ordinal="10" offset="635" path="0" />
                <BranchPoint vc="0" uspid="359" ordinal="11" offset="635" path="1" />
                <BranchPoint vc="0" uspid="360" ordinal="12" offset="709" path="0" />
                <BranchPoint vc="0" uspid="361" ordinal="13" offset="709" path="1" />
                <BranchPoint vc="0" uspid="362" ordinal="14" offset="1003" path="0" />
                <BranchPoint vc="0" uspid="363" ordinal="15" offset="1003" path="1" />
                <BranchPoint vc="0" uspid="364" ordinal="16" offset="1081" path="0" />
                <BranchPoint vc="0" uspid="365" ordinal="17" offset="1081" path="1" />
                <BranchPoint vc="0" uspid="366" ordinal="18" offset="1220" path="0" />
                <BranchPoint vc="0" uspid="367" ordinal="19" offset="1220" path="1" />
                <BranchPoint vc="0" uspid="368" ordinal="20" offset="1314" path="0" />
                <BranchPoint vc="0" uspid="369" ordinal="21" offset="1314" path="1" />
                <BranchPoint vc="0" uspid="370" ordinal="22" offset="1320" path="0" />
                <BranchPoint vc="0" uspid="371" ordinal="23" offset="1320" path="1" />
                <BranchPoint vc="0" uspid="372" ordinal="24" offset="1476" path="0" />
                <BranchPoint vc="0" uspid="373" ordinal="25" offset="1476" path="1" />
              </BranchPoints>
              <MethodPoint xsi:type="SequencePoint" vc="0" uspid="272" ordinal="0" offset="0" sl="28" sc="2" el="28" ec="85" />
            </Method>
            <Method visited="false" cyclomaticComplexity="19" sequenceCoverage="0" branchCoverage="0" isConstructor="false" isStatic="false" isGetter="false" isSetter="false">
              <MetadataToken>100663341</MetadataToken>
              <Name>System.Void uex.Common::WordArranger(System.Collections.ArrayList,System.Collections.ArrayList,uex.PrintReport)</Name>
              <FileRef uid="11" />
              <SequencePoints>
                <SequencePoint vc="0" uspid="374" ordinal="0" offset="0" sl="148" sc="2" el="148" ec="92" />
                <SequencePoint vc="0" uspid="375" ordinal="1" offset="1" sl="154" sc="7" el="154" ec="49" />
                <SequencePoint vc="0" uspid="376" ordinal="2" offset="10" sl="156" sc="3" el="156" ec="38" />
                <SequencePoint vc="0" uspid="377" ordinal="3" offset="42" sl="157" sc="8" el="157" ec="56" />
                <SequencePoint vc="0" uspid="378" ordinal="4" offset="65" sl="158" sc="8" el="158" ec="56" />
                <SequencePoint vc="0" uspid="379" ordinal="5" offset="88" sl="159" sc="8" el="159" ec="34" />
                <SequencePoint vc="0" uspid="380" ordinal="6" offset="94" sl="160" sc="8" el="160" ec="32" />
                <SequencePoint vc="0" uspid="381" ordinal="7" offset="96" sl="162" sc="4" el="162" ec="47" />
                <SequencePoint vc="0" uspid="382" ordinal="8" offset="107" sl="163" sc="9" el="163" ec="65" />
                <SequencePoint vc="0" uspid="383" ordinal="9" offset="148" sl="164" sc="5" el="164" ec="25" />
                <SequencePoint vc="0" uspid="384" ordinal="10" offset="173" sl="165" sc="6" el="165" ec="12" />
                <SequencePoint vc="0" uspid="385" ordinal="11" offset="174" sl="166" sc="7" el="166" ec="56" />
                <SequencePoint vc="0" uspid="386" ordinal="12" offset="198" sl="171" sc="8" el="171" ec="64" />
                <SequencePoint vc="0" uspid="387" ordinal="13" offset="245" sl="173" sc="12" el="179" ec="18" />
                <SequencePoint vc="0" uspid="388" ordinal="14" offset="317" sl="181" sc="12" el="181" ec="83" />
                <SequencePoint vc="0" uspid="389" ordinal="15" offset="364" sl="182" sc="8" el="182" ec="30" />
                <SequencePoint vc="0" uspid="390" ordinal="16" offset="373" sl="183" sc="9" el="183" ec="42" />
                <SequencePoint vc="0" uspid="391" ordinal="17" offset="380" sl="184" sc="8" el="184" ec="14" />
                <SequencePoint vc="0" uspid="392" ordinal="18" offset="381" sl="185" sc="8" el="185" ec="42" />
                <SequencePoint vc="0" uspid="393" ordinal="19" offset="459" sl="186" sc="13" el="186" ec="92" />
                <SequencePoint vc="0" uspid="394" ordinal="20" offset="512" sl="187" sc="9" el="187" ec="78" />
                <SequencePoint vc="0" uspid="395" ordinal="21" offset="543" sl="189" sc="9" el="189" ec="70" />
                <SequencePoint vc="0" uspid="396" ordinal="22" offset="588" sl="190" sc="10" el="190" ec="42" />
                <SequencePoint vc="0" uspid="397" ordinal="23" offset="666" sl="191" sc="10" el="191" ec="42" />
                <SequencePoint vc="0" uspid="398" ordinal="24" offset="744" sl="196" sc="10" el="196" ec="59" />
                <SequencePoint vc="0" uspid="399" ordinal="25" offset="756" sl="197" sc="9" el="197" ec="15" />
                <SequencePoint vc="0" uspid="400" ordinal="26" offset="777" sl="198" sc="8" el="198" ec="12" />
                <SequencePoint vc="0" uspid="401" ordinal="27" offset="778" sl="199" sc="13" el="199" ec="110" />
                <SequencePoint vc="0" uspid="402" ordinal="28" offset="884" sl="200" sc="9" el="200" ec="78" />
                <SequencePoint vc="0" uspid="403" ordinal="29" offset="915" sl="202" sc="13" el="202" ec="36" />
                <SequencePoint vc="0" uspid="404" ordinal="30" offset="923" sl="203" sc="13" el="203" ec="40" />
                <SequencePoint vc="0" uspid="405" ordinal="31" offset="930" sl="204" sc="9" el="204" ec="45" />
                <SequencePoint vc="0" uspid="406" ordinal="32" offset="1002" sl="205" sc="9" el="205" ec="45" />
                <SequencePoint vc="0" uspid="407" ordinal="33" offset="1074" sl="206" sc="9" el="206" ec="34" />
                <SequencePoint vc="0" uspid="408" ordinal="34" offset="1086" sl="207" sc="9" el="207" ec="34" />
                <SequencePoint vc="0" uspid="409" ordinal="35" offset="1098" sl="208" sc="9" el="208" ec="35" />
                <SequencePoint vc="0" uspid="410" ordinal="36" offset="1108" sl="209" sc="9" el="209" ec="35" />
                <SequencePoint vc="0" uspid="411" ordinal="37" offset="1122" sl="210" sc="9" el="210" ec="38" />
                <SequencePoint vc="0" uspid="412" ordinal="38" offset="1174" sl="211" sc="9" el="211" ec="21" />
                <SequencePoint vc="0" uspid="413" ordinal="39" offset="1179" sl="212" sc="8" el="212" ec="14" />
                <SequencePoint vc="0" uspid="414" ordinal="40" offset="1180" sl="214" sc="8" el="214" ec="69" />
                <SequencePoint vc="0" uspid="415" ordinal="41" offset="1228" sl="215" sc="7" el="215" ec="11" />
                <SequencePoint vc="0" uspid="416" ordinal="42" offset="1229" sl="243" sc="7" el="243" ec="13" />
                <SequencePoint vc="0" uspid="417" ordinal="43" offset="1235" sl="244" sc="6" el="244" ec="12" />
                <SequencePoint vc="0" uspid="418" ordinal="44" offset="1236" sl="245" sc="7" el="245" ec="56" />
                <SequencePoint vc="0" uspid="419" ordinal="45" offset="1260" sl="246" sc="12" el="246" ec="81" />
                <SequencePoint vc="0" uspid="420" ordinal="46" offset="1307" sl="247" sc="8" el="247" ec="28" />
                <SequencePoint vc="0" uspid="421" ordinal="47" offset="1316" sl="248" sc="9" el="248" ec="40" />
                <SequencePoint vc="0" uspid="422" ordinal="48" offset="1323" sl="249" sc="8" el="249" ec="14" />
                <SequencePoint vc="0" uspid="423" ordinal="49" offset="1324" sl="252" sc="8" el="252" ec="42" />
                <SequencePoint vc="0" uspid="424" ordinal="50" offset="1402" sl="254" sc="9" el="254" ec="76" />
                <SequencePoint vc="0" uspid="425" ordinal="51" offset="1455" sl="255" sc="9" el="255" ec="78" />
                <SequencePoint vc="0" uspid="426" ordinal="52" offset="1486" sl="257" sc="9" el="257" ec="70" />
                <SequencePoint vc="0" uspid="427" ordinal="53" offset="1528" sl="258" sc="10" el="258" ec="42" />
                <SequencePoint vc="0" uspid="428" ordinal="54" offset="1606" sl="259" sc="9" el="259" ec="15" />
                <SequencePoint vc="0" uspid="429" ordinal="55" offset="1624" sl="260" sc="8" el="260" ec="12" />
                <SequencePoint vc="0" uspid="430" ordinal="56" offset="1625" sl="262" sc="9" el="262" ec="94" />
                <SequencePoint vc="0" uspid="431" ordinal="57" offset="1731" sl="263" sc="9" el="263" ec="78" />
                <SequencePoint vc="0" uspid="432" ordinal="58" offset="1762" sl="264" sc="13" el="264" ec="36" />
                <SequencePoint vc="0" uspid="433" ordinal="59" offset="1770" sl="265" sc="13" el="265" ec="40" />
                <SequencePoint vc="0" uspid="434" ordinal="60" offset="1777" sl="266" sc="9" el="266" ec="45" />
                <SequencePoint vc="0" uspid="435" ordinal="61" offset="1849" sl="267" sc="9" el="267" ec="45" />
                <SequencePoint vc="0" uspid="436" ordinal="62" offset="1921" sl="268" sc="9" el="268" ec="34" />
                <SequencePoint vc="0" uspid="437" ordinal="63" offset="1933" sl="269" sc="9" el="269" ec="34" />
                <SequencePoint vc="0" uspid="438" ordinal="64" offset="1945" sl="270" sc="9" el="270" ec="35" />
                <SequencePoint vc="0" uspid="439" ordinal="65" offset="1955" sl="271" sc="9" el="271" ec="35" />
[...]
                <SequencePoint vc="0" uspid="3822" ordinal="12" offset="209" sl="43" sc="3" el="43" ec="46" />
                <SequencePoint vc="0" uspid="3823" ordinal="13" offset="226" sl="44" sc="3" el="44" ec="45" />
                <SequencePoint vc="0" uspid="3824" ordinal="14" offset="243" sl="46" sc="7" el="46" ec="30" />
                <SequencePoint vc="0" uspid="3825" ordinal="15" offset="249" sl="47" sc="7" el="47" ec="63" />
                <SequencePoint vc="0" uspid="3826" ordinal="16" offset="261" sl="48" sc="3" el="48" ec="53" />
                <SequencePoint vc="0" uspid="3827" ordinal="17" offset="274" sl="50" sc="3" el="50" ec="15" />
                <SequencePoint vc="0" uspid="3828" ordinal="18" offset="281" sl="51" sc="3" el="51" ec="15" />
                <SequencePoint vc="0" uspid="3829" ordinal="19" offset="283" sl="53" sc="7" el="53" ec="25" />
                <SequencePoint vc="0" uspid="3830" ordinal="20" offset="289" sl="54" sc="3" el="54" ec="74" />
                <SequencePoint vc="0" uspid="3831" ordinal="21" offset="333" sl="55" sc="3" el="55" ec="49" />
                <SequencePoint vc="0" uspid="3832" ordinal="22" offset="351" sl="57" sc="3" el="57" ec="48" />
                <SequencePoint vc="0" uspid="3833" ordinal="23" offset="369" sl="59" sc="2" el="59" ec="9" />
              </SequencePoints>
              <BranchPoints>
                <BranchPoint vc="0" uspid="3834" ordinal="0" offset="150" path="0" />
                <BranchPoint vc="0" uspid="3835" ordinal="1" offset="150" path="1" />
                <BranchPoint vc="0" uspid="3836" ordinal="2" offset="162" path="0" />
                <BranchPoint vc="0" uspid="3837" ordinal="3" offset="162" path="1" />
              </BranchPoints>
              <MethodPoint xsi:type="SequencePoint" vc="0" uspid="3810" ordinal="0" offset="0" sl="28" sc="2" el="28" ec="65" />
            </Method>
            <Method visited="false" cyclomaticComplexity="1" sequenceCoverage="0" branchCoverage="0" isConstructor="false" isStatic="false" isGetter="false" isSetter="false">
              <MetadataToken>100663418</MetadataToken>
              <Name>System.Void uex.PrintSetting::Btn_Cancel_Click(System.Object,System.EventArgs)</Name>
              <FileRef uid="28" />
              <SequencePoints>
                <SequencePoint vc="0" uspid="3838" ordinal="0" offset="0" sl="64" sc="2" el="64" ec="64" />
                <SequencePoint vc="0" uspid="3839" ordinal="1" offset="1" sl="65" sc="3" el="65" ec="13" />
                <SequencePoint vc="0" uspid="3840" ordinal="2" offset="8" sl="66" sc="2" el="66" ec="9" />
              </SequencePoints>
              <BranchPoints />
              <MethodPoint xsi:type="SequencePoint" vc="0" uspid="3838" ordinal="0" offset="0" sl="64" sc="2" el="64" ec="64" />
            </Method>
            <Method visited="false" cyclomaticComplexity="1" sequenceCoverage="0" branchCoverage="0" isConstructor="false" isStatic="false" isGetter="false" isSetter="false">
              <MetadataToken>100663419</MetadataToken>
              <Name>System.Void uex.PrintSetting::PrintDocument1_PrintPage(System.Object,System.Drawing.Printing.PrintPageEventArgs)</Name>
              <FileRef uid="28" />
              <SequencePoints>
                <SequencePoint vc="0" uspid="3841" ordinal="0" offset="0" sl="69" sc="2" el="69" ec="105" />
                <SequencePoint vc="0" uspid="3842" ordinal="1" offset="1" sl="70" sc="3" el="70" ec="44" />
                <SequencePoint vc="0" uspid="3843" ordinal="2" offset="25" sl="71" sc="3" el="71" ec="25" />
                <SequencePoint vc="0" uspid="3844" ordinal="3" offset="33" sl="72" sc="3" el="72" ec="11" />
                <SequencePoint vc="0" uspid="3845" ordinal="4" offset="40" sl="73" sc="2" el="73" ec="9" />
              </SequencePoints>
              <BranchPoints />
              <MethodPoint xsi:type="SequencePoint" vc="0" uspid="3841" ordinal="0" offset="0" sl="69" sc="2" el="69" ec="105" />
            </Method>
            <Method visited="false" cyclomaticComplexity="22" sequenceCoverage="0" branchCoverage="0" isConstructor="false" isStatic="false" isGetter="false" isSetter="false">
              <MetadataToken>100663420</MetadataToken>
              <Name>System.Void uex.PrintSetting::Btn_Print_Click(System.Object,System.EventArgs)</Name>
              <FileRef uid="28" />
              <SequencePoints>
                <SequencePoint vc="0" uspid="3846" ordinal="0" offset="0" sl="76" sc="2" el="76" ec="63" />
                <SequencePoint vc="0" uspid="3847" ordinal="1" offset="1" sl="78" sc="3" el="78" ec="28" />
                <SequencePoint vc="0" uspid="3848" ordinal="2" offset="27" sl="79" sc="4" el="79" ec="13" />
                <SequencePoint vc="0" uspid="3849" ordinal="3" offset="28" sl="80" sc="5" el="80" ec="47" />
                <SequencePoint vc="0" uspid="3850" ordinal="4" offset="38" sl="81" sc="6" el="81" ec="24" />
                <SequencePoint vc="0" uspid="3851" ordinal="5" offset="45" sl="82" sc="6" el="82" ec="14" />
                <SequencePoint vc="0" uspid="3852" ordinal="6" offset="51" sl="83" sc="5" el="83" ec="11" />
                <SequencePoint vc="0" uspid="3853" ordinal="7" offset="74" sl="84" sc="4" el="84" ec="27" />
                <SequencePoint vc="0" uspid="3854" ordinal="8" offset="75" sl="85" sc="5" el="85" ec="61" />
                <SequencePoint vc="0" uspid="3855" ordinal="9" offset="85" sl="86" sc="6" el="86" ec="24" />
                <SequencePoint vc="0" uspid="3856" ordinal="10" offset="92" sl="87" sc="6" el="87" ec="14" />
                <SequencePoint vc="0" uspid="3857" ordinal="11" offset="98" sl="88" sc="5" el="88" ec="11" />
                <SequencePoint vc="0" uspid="3858" ordinal="12" offset="121" sl="89" sc="4" el="89" ec="33" />
                <SequencePoint vc="0" uspid="3859" ordinal="13" offset="122" sl="90" sc="5" el="90" ec="67" />
                <SequencePoint vc="0" uspid="3860" ordinal="14" offset="132" sl="91" sc="6" el="91" ec="24" />
                <SequencePoint vc="0" uspid="3861" ordinal="15" offset="139" sl="92" sc="6" el="92" ec="14" />
                <SequencePoint vc="0" uspid="3862" ordinal="16" offset="145" sl="93" sc="5" el="93" ec="11" />
                <SequencePoint vc="0" uspid="3863" ordinal="17" offset="168" sl="94" sc="4" el="94" ec="38" />
                <SequencePoint vc="0" uspid="3864" ordinal="18" offset="169" sl="95" sc="5" el="95" ec="72" />
                <SequencePoint vc="0" uspid="3865" ordinal="19" offset="179" sl="96" sc="6" el="96" ec="24" />
                <SequencePoint vc="0" uspid="3866" ordinal="20" offset="186" sl="97" sc="6" el="97" ec="14" />
                <SequencePoint vc="0" uspid="3867" ordinal="21" offset="192" sl="98" sc="5" el="98" ec="11" />
                <SequencePoint vc="0" uspid="3868" ordinal="22" offset="215" sl="99" sc="4" el="99" ec="21" />
                <SequencePoint vc="0" uspid="3869" ordinal="23" offset="216" sl="100" sc="5" el="100" ec="55" />
                <SequencePoint vc="0" uspid="3870" ordinal="24" offset="226" sl="101" sc="6" el="101" ec="24" />
                <SequencePoint vc="0" uspid="3871" ordinal="25" offset="233" sl="102" sc="6" el="102" ec="14" />
                <SequencePoint vc="0" uspid="3872" ordinal="26" offset="239" sl="103" sc="5" el="103" ec="11" />
                <SequencePoint vc="0" uspid="3873" ordinal="27" offset="262" sl="104" sc="4" el="104" ec="26" />
                <SequencePoint vc="0" uspid="3874" ordinal="28" offset="263" sl="105" sc="5" el="105" ec="60" />
                <SequencePoint vc="0" uspid="3875" ordinal="29" offset="273" sl="106" sc="6" el="106" ec="24" />
                <SequencePoint vc="0" uspid="3876" ordinal="30" offset="280" sl="107" sc="6" el="107" ec="14" />
                <SequencePoint vc="0" uspid="3877" ordinal="31" offset="286" sl="108" sc="5" el="108" ec="11" />
                <SequencePoint vc="0" uspid="3878" ordinal="32" offset="309" sl="109" sc="4" el="109" ec="13" />
                <SequencePoint vc="0" uspid="3879" ordinal="33" offset="310" sl="110" sc="5" el="110" ec="47" />
                <SequencePoint vc="0" uspid="3880" ordinal="34" offset="320" sl="111" sc="6" el="111" ec="24" />
                <SequencePoint vc="0" uspid="3881" ordinal="35" offset="327" sl="112" sc="6" el="112" ec="14" />
                <SequencePoint vc="0" uspid="3882" ordinal="36" offset="333" sl="113" sc="5" el="113" ec="11" />
                <SequencePoint vc="0" uspid="3883" ordinal="37" offset="356" sl="114" sc="4" el="114" ec="16" />
                <SequencePoint vc="0" uspid="3884" ordinal="38" offset="357" sl="115" sc="9" el="115" ec="63" />
                <SequencePoint vc="0" uspid="3885" ordinal="39" offset="378" sl="116" sc="5" el="116" ec="59" />
                <SequencePoint vc="0" uspid="3886" ordinal="40" offset="418" sl="117" sc="4" el="117" ec="15" />
                <SequencePoint vc="0" uspid="3887" ordinal="41" offset="419" sl="118" sc="9" el="118" ec="62" />
                <SequencePoint vc="0" uspid="3888" ordinal="42" offset="440" sl="119" sc="5" el="119" ec="59" />
                <SequencePoint vc="0" uspid="3889" ordinal="43" offset="480" sl="120" sc="4" el="120" ec="18" />
                <SequencePoint vc="0" uspid="3890" ordinal="44" offset="481" sl="121" sc="9" el="121" ec="65" />
                <SequencePoint vc="0" uspid="3891" ordinal="45" offset="502" sl="122" sc="5" el="122" ec="59" />
                <SequencePoint vc="0" uspid="3892" ordinal="46" offset="542" sl="123" sc="4" el="123" ec="17" />
                <SequencePoint vc="0" uspid="3893" ordinal="47" offset="543" sl="124" sc="9" el="124" ec="64" />
                <SequencePoint vc="0" uspid="3894" ordinal="48" offset="564" sl="125" sc="5" el="125" ec="59" />
                <SequencePoint vc="0" uspid="3895" ordinal="49" offset="604" sl="126" sc="4" el="126" ec="20" />
                <SequencePoint vc="0" uspid="3896" ordinal="50" offset="605" sl="127" sc="9" el="127" ec="67" />
                <SequencePoint vc="0" uspid="3897" ordinal="51" offset="627" sl="128" sc="5" el="128" ec="59" />
                <SequencePoint vc="0" uspid="3898" ordinal="52" offset="665" sl="129" sc="4" el="129" ec="14" />
                <SequencePoint vc="0" uspid="3899" ordinal="53" offset="666" sl="130" sc="9" el="130" ec="60" />
                <SequencePoint vc="0" uspid="3900" ordinal="54" offset="688" sl="131" sc="5" el="131" ec="59" />
                <SequencePoint vc="0" uspid="3901" ordinal="55" offset="726" sl="132" sc="4" el="132" ec="14" />
                <SequencePoint vc="0" uspid="3902" ordinal="56" offset="727" sl="133" sc="9" el="133" ec="60" />
                <SequencePoint vc="0" uspid="3903" ordinal="57" offset="749" sl="134" sc="5" el="134" ec="59" />
                <SequencePoint vc="0" uspid="3904" ordinal="58" offset="768" sl="135" sc="3" el="135" ec="13" />
                <SequencePoint vc="0" uspid="3905" ordinal="59" offset="769" sl="137" sc="3" el="137" ec="25" />
                <SequencePoint vc="0" uspid="3906" ordinal="60" offset="777" sl="138" sc="4" el="138" ec="42" />
                <SequencePoint vc="0" uspid="3907" ordinal="61" offset="791" sl="139" sc="4" el="139" ec="54" />
                <SequencePoint vc="0" uspid="3908" ordinal="62" offset="820" sl="140" sc="4" el="140" ec="80" />
                <SequencePoint vc="0" uspid="3909" ordinal="63" offset="849" sl="141" sc="4" el="141" ec="12" />
                <SequencePoint vc="0" uspid="3910" ordinal="64" offset="857" sl="142" sc="3" el="142" ec="11" />
                <SequencePoint vc="0" uspid="3911" ordinal="65" offset="860" sl="144" sc="2" el="144" ec="9" />
              </SequencePoints>
              <BranchPoints>
                <BranchPoint vc="0" uspid="3912" ordinal="0" offset="25" path="0" />
                <BranchPoint vc="0" uspid="3913" ordinal="1" offset="25" path="1" />
                <BranchPoint vc="0" uspid="3914" ordinal="2" offset="36" path="0" />
                <BranchPoint vc="0" uspid="3915" ordinal="3" offset="36" path="1" />
                <BranchPoint vc="0" uspid="3916" ordinal="4" offset="72" path="0" />
                <BranchPoint vc="0" uspid="3917" ordinal="5" offset="72" path="1" />
                <BranchPoint vc="0" uspid="3918" ordinal="6" offset="83" path="0" />
                <BranchPoint vc="0" uspid="3919" ordinal="7" offset="83" path="1" />
                <BranchPoint vc="0" uspid="3920" ordinal="8" offset="119" path="0" />
                <BranchPoint vc="0" uspid="3921" ordinal="9" offset="119" path="1" />
                <BranchPoint vc="0" uspid="3922" ordinal="10" offset="130" path="0" />
                <BranchPoint vc="0" uspid="3923" ordinal="11" offset="130" path="1" />
                <BranchPoint vc="0" uspid="3924" ordinal="12" offset="166" path="0" />
                <BranchPoint vc="0" uspid="3925" ordinal="13" offset="166" path="1" />
                <BranchPoint vc="0" uspid="3926" ordinal="14" offset="177" path="0" />
                <BranchPoint vc="0" uspid="3927" ordinal="15" offset="177" path="1" />
                <BranchPoint vc="0" uspid="3928" ordinal="16" offset="213" path="0" />
                <BranchPoint vc="0" uspid="3929" ordinal="17" offset="213" path="1" />
                <BranchPoint vc="0" uspid="3930" ordinal="18" offset="224" path="0" />
                <BranchPoint vc="0" uspid="3931" ordinal="19" offset="224" path="1" />
                <BranchPoint vc="0" uspid="3932" ordinal="20" offset="260" path="0" />
                <BranchPoint vc="0" uspid="3933" ordinal="21" offset="260" path="1" />
                <BranchPoint vc="0" uspid="3934" ordinal="22" offset="271" path="0" />
                <BranchPoint vc="0" uspid="3935" ordinal="23" offset="271" path="1" />
                <BranchPoint vc="0" uspid="3936" ordinal="24" offset="307" path="0" />
                <BranchPoint vc="0" uspid="3937" ordinal="25" offset="307" path="1" />
                <BranchPoint vc="0" uspid="3938" ordinal="26" offset="318" path="0" />
                <BranchPoint vc="0" uspid="3939" ordinal="27" offset="318" path="1" />
                <BranchPoint vc="0" uspid="3940" ordinal="28" offset="354" path="0" />
                <BranchPoint vc="0" uspid="3941" ordinal="29" offset="354" path="1" />
                <BranchPoint vc="0" uspid="3942" ordinal="30" offset="416" path="0" />
                <BranchPoint vc="0" uspid="3943" ordinal="31" offset="416" path="1" />
                <BranchPoint vc="0" uspid="3944" ordinal="32" offset="478" path="0" />
                <BranchPoint vc="0" uspid="3945" ordinal="33" offset="478" path="1" />
                <BranchPoint vc="0" uspid="3946" ordinal="34" offset="540" path="0" />
                <BranchPoint vc="0" uspid="3947" ordinal="35" offset="540" path="1" />
                <BranchPoint vc="0" uspid="3948" ordinal="36" offset="602" path="0" />
                <BranchPoint vc="0" uspid="3949" ordinal="37" offset="602" path="1" />
                <BranchPoint vc="0" uspid="3950" ordinal="38" offset="663" path="0" />
                <BranchPoint vc="0" uspid="3951" ordinal="39" offset="663" path="1" />
                <BranchPoint vc="0" uspid="3952" ordinal="40" offset="724" path="0" />
                <BranchPoint vc="0" uspid="3953" ordinal="41" offset="724" path="1" />
              </BranchPoints>
              <MethodPoint xsi:type="SequencePoint" vc="0" uspid="3846" ordinal="0" offset="0" sl="76" sc="2" el="76" ec="63" />
            </Method>
            <Method visited="false" cyclomaticComplexity="1" sequenceCoverage="0" branchCoverage="0" isConstructor="false" isStatic="false" isGetter="false" isSetter="false">
              <MetadataToken>100663421</MetadataToken>
              <Name>System.Void uex.PrintSetting::ErrorMsgBox()</Name>
              <FileRef uid="28" />
              <SequencePoints>
                <SequencePoint vc="0" uspid="3954" ordinal="0" offset="0" sl="150" sc="2" el="150" ec="27" />
                <SequencePoint vc="0" uspid="3955" ordinal="1" offset="1" sl="151" sc="3" el="156" ec="8" />
                <SequencePoint vc="0" uspid="3956" ordinal="2" offset="21" sl="157" sc="2" el="157" ec="9" />
              </SequencePoints>
              <BranchPoints />
              <MethodPoint xsi:type="SequencePoint" vc="0" uspid="3954" ordinal="0" offset="0" sl="150" sc="2" el="150" ec="27" />
            </Method>
            <Method visited="false" cyclomaticComplexity="4" sequenceCoverage="0" branchCoverage="0" isConstructor="false" isStatic="false" isGetter="false" isSetter="false">
              <MetadataToken>100663422</MetadataToken>
              <Name>System.Boolean uex.PrintSetting::SetPaperSize(System.Drawing.Printing.PaperKind)</Name>
              <FileRef uid="28" />
              <SequencePoints>
                <SequencePoint vc="0" uspid="3957" ordinal="0" offset="0" sl="163" sc="2" el="163" ec="63" />
                <SequencePoint vc="0" uspid="3958" ordinal="1" offset="2" sl="166" sc="3" el="166" ec="63" />
                <SequencePoint vc="0" uspid="3959" ordinal="2" offset="38" sl="167" sc="4" el="167" ec="32" />
                <SequencePoint vc="0" uspid="3960" ordinal="3" offset="47" sl="168" sc="5" el="168" ec="58" />
                <SequencePoint vc="0" uspid="3961" ordinal="4" offset="65" sl="169" sc="5" el="169" ec="16" />
                <SequencePoint vc="0" uspid="3962" ordinal="5" offset="69" sl="170" sc="5" el="170" ec="13" />
                <SequencePoint vc="0" uspid="3963" ordinal="6" offset="72" sl="171" sc="4" el="171" ec="10" />
                <SequencePoint vc="0" uspid="3964" ordinal="7" offset="73" sl="172" sc="3" el="172" ec="7" />
                <SequencePoint vc="0" uspid="3965" ordinal="8" offset="107" sl="174" sc="3" el="174" ec="15" />
                <SequencePoint vc="0" uspid="3966" ordinal="9" offset="111" sl="176" sc="2" el="176" ec="14" />
              </SequencePoints>
              <BranchPoints>
                <BranchPoint vc="0" uspid="3967" ordinal="0" offset="45" path="0" />
                <BranchPoint vc="0" uspid="3968" ordinal="1" offset="45" path="1" />
                <BranchPoint vc="0" uspid="3969" ordinal="2" offset="80" path="0" />
                <BranchPoint vc="0" uspid="3970" ordinal="3" offset="80" path="1" />
                <BranchPoint vc="0" uspid="3971" ordinal="4" offset="91" path="0" />
                <BranchPoint vc="0" uspid="3972" ordinal="5" offset="91" path="1" />
              </BranchPoints>
              <MethodPoint xsi:type="SequencePoint" vc="0" uspid="3957" ordinal="0" offset="0" sl="163" sc="2" el="163" ec="63" />
            </Method>
          </Methods>
        </Class>
      </Classes>
    </Module>
    <Module skippedDueTo="Filter" hash="C2-5F-6B-60-52-27-D0-CD-41-85-F1-36-87-0C-AD-D7-F6-98-5A-37">
      <FullName>C:\Windows\Microsoft.Net\assembly\GAC_MSIL\System.Windows.Forms\v4.0_4.0.0.0__b77a5c561934e089\System.Windows.Forms.dll</FullName>
      <ModuleName>System.Windows.Forms</ModuleName>
      <Classes />
    </Module>
    <Module skippedDueTo="Filter" hash="AD-A3-94-49-D2-DA-B1-9C-E6-44-CF-10-03-3A-C3-C3-C9-B0-95-98">
      <FullName>C:\Windows\Microsoft.Net\assembly\GAC_MSIL\System.Drawing\v4.0_4.0.0.0__b03f5f7f11d50a3a\System.Drawing.dll</FullName>
      <ModuleName>System.Drawing</ModuleName>
      <Classes />
    </Module>
    <Module skippedDueTo="Filter" hash="7B-EE-BA-CE-DC-22-CE-E5-E8-0C-23-6F-42-15-1B-ED-20-9B-78-A0">
      <FullName>C:\Windows\Microsoft.Net\assembly\GAC_MSIL\Microsoft.VisualBasic\v4.0_10.0.0.0__b03f5f7f11d50a3a\Microsoft.VisualBasic.dll</FullName>
      <ModuleName>Microsoft.VisualBasic</ModuleName>
      <Classes />
    </Module>
  </Modules>
</CoverageSession>