<?xml version="1.0" encoding="utf-8"?>
<CoverageSession xmlns:xsd="http://www.w3.org/2001/XMLSchema" xmlns:xsi="http://www.w3.org/2001/XMLSchema-instance">
  <Modules>
    <Module skippedDueTo="Filter" hash="99-F4-69-E2-6C-33-A5-B3-3B-61-3B-3B-4B-BB-A3-8B-81-06-93-5A">
      <FullName>C:\Windows\Microsoft.Net\assembly\GAC_32\mscorlib\v4.0_4.0.0.0__b77a5c561934e089\mscorlib.dll</FullName>
      <ModuleName>mscorlib</ModuleName>
      <Classes />
    </Module>
    <Module skippedDueTo="MissingPdb" hash="DA-11-AB-7A-54-40-91-0F-E3-CC-4F-E4-30-43-80-09-4A-8C-B6-BA">
      <FullName>C:\Program Files (x86)\SharpDevelop\4.3\bin\Tools\NUnit\nunit-console-x86.exe</FullName>
      <ModuleName>nunit-console</ModuleName>
      <Classes />
    </Module>
    <Module skippedDueTo="MissingPdb" hash="23-35-8C-86-05-D5-AE-FE-3C-1F-09-A0-86-02-40-7C-4F-CA-59-41">
      <FullName>C:\Program Files (x86)\SharpDevelop\4.3\bin\Tools\NUnit\lib\nunit.core.dll</FullName>
      <ModuleName>nunit.core</ModuleName>
      <Classes />
    </Module>
    <Module skippedDueTo="MissingPdb" hash="57-DD-20-42-DA-33-B3-EE-DA-8C-8E-25-C9-E5-07-B5-08-62-0F-88">
      <FullName>C:\Program Files (x86)\SharpDevelop\4.3\bin\Tools\NUnit\lib\nunit.util.dll</FullName>
      <ModuleName>nunit.util</ModuleName>
      <Classes />
    </Module>
    <Module skippedDueTo="MissingPdb" hash="79-F8-9A-22-4E-29-52-37-00-CF-81-FF-1F-EA-05-EC-74-2A-2E-C8">
      <FullName>C:\Program Files (x86)\SharpDevelop\4.3\bin\Tools\NUnit\lib\nunit-console-runner.dll</FullName>
      <ModuleName>nunit-console-runner</ModuleName>
      <Classes />
    </Module>
    <Module skippedDueTo="MissingPdb" hash="AD-76-2F-3C-5E-F6-77-0D-C6-AD-AF-A3-90-85-28-07-2D-A0-59-50">
      <FullName>C:\Program Files (x86)\SharpDevelop\4.3\bin\Tools\NUnit\lib\nunit.core.interfaces.dll</FullName>
      <ModuleName>nunit.core.interfaces</ModuleName>
      <Classes />
    </Module>
    <Module skippedDueTo="Filter" hash="8A-58-1D-44-FB-E4-97-BB-32-71-33-74-B1-AF-41-82-2F-29-68-4E">
      <FullName>C:\Windows\Microsoft.Net\assembly\GAC_MSIL\System.Configuration\v4.0_4.0.0.0__b03f5f7f11d50a3a\System.Configuration.dll</FullName>
      <ModuleName>System.Configuration</ModuleName>
      <Classes />
    </Module>
    <Module skippedDueTo="Filter" hash="1B-30-81-91-69-2E-50-BD-B9-CC-A1-5B-46-3A-D5-62-E3-7E-58-C4">
      <FullName>C:\Windows\Microsoft.Net\assembly\GAC_MSIL\System\v4.0_4.0.0.0__b77a5c561934e089\System.dll</FullName>
      <ModuleName>System</ModuleName>
      <Classes />
    </Module>
    <Module skippedDueTo="Filter" hash="52-40-07-8A-C6-43-1B-6C-1F-C4-86-6A-72-BC-64-FD-4A-63-A4-52">
      <FullName>C:\Windows\Microsoft.Net\assembly\GAC_MSIL\System.Xml\v4.0_4.0.0.0__b77a5c561934e089\System.Xml.dll</FullName>
      <ModuleName>System.Xml</ModuleName>
      <Classes />
    </Module>
    <Module skippedDueTo="Filter" hash="E8-47-7A-41-67-F7-5A-91-1D-B2-1A-48-85-F5-81-AF-DE-91-B4-C2">
      <FullName>C:\Windows\Microsoft.Net\assembly\GAC_MSIL\System.Runtime.Remoting\v4.0_4.0.0.0__b77a5c561934e089\System.Runtime.Remoting.dll</FullName>
      <ModuleName>System.Runtime.Remoting</ModuleName>
      <Classes />
    </Module>
    <Module skippedDueTo="MissingPdb" hash="23-35-8C-86-05-D5-AE-FE-3C-1F-09-A0-86-02-40-7C-4F-CA-59-41">
      <FullName>C:\Program Files (x86)\SharpDevelop\4.3\bin\Tools\NUnit\lib\nunit.core.dll</FullName>
      <ModuleName>nunit.core</ModuleName>
      <Classes />
    </Module>
    <Module skippedDueTo="Filter" hash="1B-30-81-91-69-2E-50-BD-B9-CC-A1-5B-46-3A-D5-62-E3-7E-58-C4">
      <FullName>C:\Windows\Microsoft.Net\assembly\GAC_MSIL\System\v4.0_4.0.0.0__b77a5c561934e089\System.dll</FullName>
      <ModuleName>System</ModuleName>
      <Classes />
    </Module>
    <Module skippedDueTo="Filter" hash="52-40-07-8A-C6-43-1B-6C-1F-C4-86-6A-72-BC-64-FD-4A-63-A4-52">
      <FullName>C:\Windows\Microsoft.Net\assembly\GAC_MSIL\System.Xml\v4.0_4.0.0.0__b77a5c561934e089\System.Xml.dll</FullName>
      <ModuleName>System.Xml</ModuleName>
      <Classes />
    </Module>
    <Module skippedDueTo="Filter" hash="8A-58-1D-44-FB-E4-97-BB-32-71-33-74-B1-AF-41-82-2F-29-68-4E">
      <FullName>C:\Windows\Microsoft.Net\assembly\GAC_MSIL\System.Configuration\v4.0_4.0.0.0__b03f5f7f11d50a3a\System.Configuration.dll</FullName>
      <ModuleName>System.Configuration</ModuleName>
      <Classes />
    </Module>
    <Module skippedDueTo="MissingPdb" hash="AD-76-2F-3C-5E-F6-77-0D-C6-AD-AF-A3-90-85-28-07-2D-A0-59-50">
      <FullName>C:\Program Files (x86)\SharpDevelop\4.3\bin\Tools\NUnit\lib\nunit.core.interfaces.dll</FullName>
      <ModuleName>nunit.core.interfaces</ModuleName>
      <Classes />
    </Module>
    <Module hash="CD-1C-CF-49-B2-EC-2F-F0-7F-E2-84-4D-43-17-83-46-C4-9C-92-12">
      <FullName>C:\Users\madman190382\AppData\Local\Temp\nunit20\ShadowCopyCache\4536_635105202559391434\Tests_2781809\assembly\dl3\a0256e1d\234ded85_6e8ace01\uex.EXE</FullName>
      <ModuleName>uex</ModuleName>
      <Files>
        <File uid="1" fullPath="17d14f5c-a337-4978-8281-53493378c1071.vb" />
        <File uid="2" fullPath="C:\Users\madman190382\Documents\SharpDevelop Projects\uex\Program.vb" />
        <File uid="8" fullPath="C:\Users\madman190382\Documents\SharpDevelop Projects\uex\Common\Calender.Designer.vb" />
        <File uid="9" fullPath="C:\Users\madman190382\Documents\SharpDevelop Projects\uex\Common\Calender.vb" />
        <File uid="10" fullPath="C:\Users\madman190382\Documents\SharpDevelop Projects\uex\Common\ClearForm.vb" />
        <File uid="11" fullPath="C:\Users\madman190382\Documents\SharpDevelop Projects\uex\Common\Common.vb" />
        <File uid="12" fullPath="C:\Users\madman190382\Documents\SharpDevelop Projects\uex\Common\ControlHandler.vb" />
        <File uid="13" fullPath="C:\Users\madman190382\Documents\SharpDevelop Projects\uex\Common\SelectSql.vb" />
        <File uid="14" fullPath="C:\Users\madman190382\Documents\SharpDevelop Projects\uex\Common\SetCombo.vb" />
        <File uid="15" fullPath="C:\Users\madman190382\Documents\SharpDevelop Projects\uex\Common\SetEnvList.vb" />
        <File uid="16" fullPath="C:\Users\madman190382\Documents\SharpDevelop Projects\uex\Common\WordContainer.vb" />
        <File uid="17" fullPath="C:\Users\madman190382\Documents\SharpDevelop Projects\uex\HostList.Designer.vb" />
        <File uid="18" fullPath="C:\Users\madman190382\Documents\SharpDevelop Projects\uex\HostList.vb" />
        <File uid="19" fullPath="C:\Users\madman190382\Documents\SharpDevelop Projects\uex\HostRegister.Designer.vb" />
        <File uid="20" fullPath="C:\Users\madman190382\Documents\SharpDevelop Projects\uex\HostRegister.vb" />
        <File uid="21" fullPath="C:\Users\madman190382\Documents\SharpDevelop Projects\uex\HostView.Designer.vb" />
        <File uid="22" fullPath="C:\Users\madman190382\Documents\SharpDevelop Projects\uex\HostView.vb" />
        <File uid="23" fullPath="C:\Users\madman190382\Documents\SharpDevelop Projects\uex\MainForm.Designer.vb" />
        <File uid="24" fullPath="C:\Users\madman190382\Documents\SharpDevelop Projects\uex\MainForm.vb" />
        <File uid="25" fullPath="C:\Users\madman190382\Documents\SharpDevelop Projects\uex\PrintReport.Designer.vb" />
        <File uid="26" fullPath="C:\Users\madman190382\Documents\SharpDevelop Projects\uex\PrintReport.vb" />
      </Files>
      <Classes>
        <Class>
          <FullName>&lt;Module&gt;</FullName>
          <Methods />
        </Class>
        <Class>
          <FullName>uex.My.MyApplication</FullName>
          <Methods>
            <Method visited="false" cyclomaticComplexity="1" sequenceCoverage="0" branchCoverage="0" isConstructor="false" isStatic="true" isGetter="false" isSetter="false">
              <MetadataToken>100663297</MetadataToken>
              <Name>System.Void uex.My.MyApplication::Main(System.String[])</Name>
              <FileRef uid="1" />
              <SequencePoints>
                <SequencePoint vc="0" uspid="1" ordinal="0" offset="0" sl="76" sc="9" el="76" ec="55" />
                <SequencePoint vc="0" uspid="2" ordinal="1" offset="1" sl="77" sc="13" el="77" ec="16" />
                <SequencePoint vc="0" uspid="3" ordinal="2" offset="2" sl="78" sc="16" el="78" ec="133" />
                <SequencePoint vc="0" uspid="4" ordinal="3" offset="15" sl="79" sc="13" el="79" ec="20" />
                <SequencePoint vc="0" uspid="5" ordinal="4" offset="17" sl="80" sc="13" el="80" ec="20" />
                <SequencePoint vc="0" uspid="6" ordinal="5" offset="18" sl="81" sc="13" el="81" ec="37" />
                <SequencePoint vc="0" uspid="7" ordinal="6" offset="30" sl="82" sc="9" el="82" ec="16" />
              </SequencePoints>
              <BranchPoints />
              <MethodPoint xsi:type="SequencePoint" vc="0" uspid="1" ordinal="0" offset="0" sl="76" sc="9" el="76" ec="55" />
            </Method>
            <Method visited="false" cyclomaticComplexity="1" sequenceCoverage="0" branchCoverage="0" isConstructor="true" isStatic="false" isGetter="false" isSetter="false">
              <MetadataToken>100663298</MetadataToken>
              <Name>System.Void uex.My.MyApplication::.ctor()</Name>
              <FileRef uid="2" />
              <SequencePoints>
                <SequencePoint vc="0" uspid="8" ordinal="0" offset="0" sl="14" sc="3" el="14" ec="19" />
                <SequencePoint vc="0" uspid="9" ordinal="1" offset="1" sl="15" sc="4" el="15" ec="42" />
                <SequencePoint vc="0" uspid="10" ordinal="2" offset="9" sl="16" sc="4" el="16" ec="31" />
                <SequencePoint vc="0" uspid="11" ordinal="3" offset="17" sl="17" sc="4" el="17" ec="32" />
                <SequencePoint vc="0" uspid="12" ordinal="4" offset="25" sl="18" sc="4" el="18" ec="34" />
                <SequencePoint vc="0" uspid="13" ordinal="5" offset="33" sl="19" sc="4" el="19" ec="55" />
                <SequencePoint vc="0" uspid="14" ordinal="6" offset="41" sl="20" sc="3" el="20" ec="10" />
              </SequencePoints>
              <BranchPoints />
              <MethodPoint xsi:type="SequencePoint" vc="0" uspid="8" ordinal="0" offset="0" sl="14" sc="3" el="14" ec="19" />
            </Method>
            <Method visited="false" cyclomaticComplexity="1" sequenceCoverage="0" branchCoverage="0" isConstructor="false" isStatic="false" isGetter="false" isSetter="false">
              <MetadataToken>100663299</MetadataToken>
              <Name>System.Void uex.My.MyApplication::OnCreateMainForm()</Name>
              <FileRef uid="2" />
              <SequencePoints>
                <SequencePoint vc="0" uspid="15" ordinal="0" offset="0" sl="22" sc="3" el="22" ec="45" />
                <SequencePoint vc="0" uspid="16" ordinal="1" offset="1" sl="23" sc="4" el="23" ec="35" />
                <SequencePoint vc="0" uspid="17" ordinal="2" offset="18" sl="24" sc="3" el="24" ec="10" />
              </SequencePoints>
              <BranchPoints />
              <MethodPoint xsi:type="SequencePoint" vc="0" uspid="15" ordinal="0" offset="0" sl="22" sc="3" el="22" ec="45" />
            </Method>
          </Methods>
        </Class>
        <Class>
          <FullName>uex.My.MyComputer</FullName>
          <Methods>
            <Method visited="false" cyclomaticComplexity="1" sequenceCoverage="0" branchCoverage="0" isConstructor="true" isStatic="false" isGetter="false" isSetter="false">
              <MetadataToken>100663300</MetadataToken>
              <Name>System.Void uex.My.MyComputer::.ctor()</Name>
              <FileRef uid="1" />
              <SequencePoints>
                <SequencePoint vc="0" uspid="18" ordinal="0" offset="0" sl="107" sc="9" el="107" ec="25" />
                <SequencePoint vc="0" uspid="19" ordinal="1" offset="1" sl="108" sc="13" el="108" ec="25" />
                <SequencePoint vc="0" uspid="20" ordinal="2" offset="8" sl="109" sc="9" el="109" ec="16" />
              </SequencePoints>
              <BranchPoints />
              <MethodPoint xsi:type="SequencePoint" vc="0" uspid="18" ordinal="0" offset="0" sl="107" sc="9" el="107" ec="25" />
            </Method>
          </Methods>
        </Class>
        <Class>
          <FullName>uex.My.MyProject</FullName>
          <Methods>
            <Method visited="false" cyclomaticComplexity="1" sequenceCoverage="0" branchCoverage="0" isConstructor="false" isStatic="true" isGetter="true" isSetter="false">
              <MetadataToken>100663302</MetadataToken>
              <Name>uex.My.MyComputer uex.My.MyProject::get_Computer()</Name>
              <FileRef uid="1" />
              <SequencePoints>
                <SequencePoint vc="0" uspid="21" ordinal="0" offset="0" sl="121" sc="13" el="121" ec="16" />
                <SequencePoint vc="0" uspid="22" ordinal="1" offset="1" sl="122" sc="17" el="122" ec="62" />
                <SequencePoint vc="0" uspid="23" ordinal="2" offset="14" sl="123" sc="13" el="123" ec="20" />
              </SequencePoints>
              <BranchPoints />
              <MethodPoint xsi:type="SequencePoint" vc="0" uspid="21" ordinal="0" offset="0" sl="121" sc="13" el="121" ec="16" />
            </Method>
            <Method visited="false" cyclomaticComplexity="1" sequenceCoverage="0" branchCoverage="0" isConstructor="false" isStatic="true" isGetter="true" isSetter="false">
              <MetadataToken>100663303</MetadataToken>
              <Name>uex.My.MyApplication uex.My.MyProject::get_Application()</Name>
              <FileRef uid="1" />
              <SequencePoints>
                <SequencePoint vc="0" uspid="24" ordinal="0" offset="0" sl="133" sc="13" el="133" ec="16" />
                <SequencePoint vc="0" uspid="25" ordinal="1" offset="1" sl="134" sc="17" el="134" ec="57" />
                <SequencePoint vc="0" uspid="26" ordinal="2" offset="14" sl="135" sc="13" el="135" ec="20" />
              </SequencePoints>
              <BranchPoints />
              <MethodPoint xsi:type="SequencePoint" vc="0" uspid="24" ordinal="0" offset="0" sl="133" sc="13" el="133" ec="16" />
            </Method>
            <Method visited="false" cyclomaticComplexity="1" sequenceCoverage="0" branchCoverage="0" isConstructor="false" isStatic="true" isGetter="true" isSetter="false">
              <MetadataToken>100663304</MetadataToken>
              <Name>Microsoft.VisualBasic.ApplicationServices.User uex.My.MyProject::get_User()</Name>
              <FileRef uid="1" />
              <SequencePoints>
                <SequencePoint vc="0" uspid="27" ordinal="0" offset="0" sl="144" sc="13" el="144" ec="16" />
                <SequencePoint vc="0" uspid="28" ordinal="1" offset="1" sl="145" sc="17" el="145" ec="58" />
                <SequencePoint vc="0" uspid="29" ordinal="2" offset="14" sl="146" sc="13" el="146" ec="20" />
              </SequencePoints>
              <BranchPoints />
              <MethodPoint xsi:type="SequencePoint" vc="0" uspid="27" ordinal="0" offset="0" sl="144" sc="13" el="144" ec="16" />
            </Method>
            <Method visited="false" cyclomaticComplexity="1" sequenceCoverage="0" branchCoverage="0" isConstructor="false" isStatic="true" isGetter="true" isSetter="false">
              <MetadataToken>100663305</MetadataToken>
              <Name>uex.My.MyProject/MyForms uex.My.MyProject::get_Forms()</Name>
              <FileRef uid="1" />
              <SequencePoints>
                <SequencePoint vc="0" uspid="30" ordinal="0" offset="0" sl="167" sc="13" el="167" ec="16" />
                <SequencePoint vc="0" uspid="31" ordinal="1" offset="1" sl="168" sc="17" el="168" ec="61" />
                <SequencePoint vc="0" uspid="32" ordinal="2" offset="14" sl="169" sc="13" el="169" ec="20" />
              </SequencePoints>
              <BranchPoints />
              <MethodPoint xsi:type="SequencePoint" vc="0" uspid="30" ordinal="0" offset="0" sl="167" sc="13" el="167" ec="16" />
            </Method>
            <Method visited="false" cyclomaticComplexity="1" sequenceCoverage="0" branchCoverage="0" isConstructor="false" isStatic="true" isGetter="true" isSetter="false">
              <MetadataToken>100663306</MetadataToken>
              <Name>uex.My.MyProject/MyWebServices uex.My.MyProject::get_WebServices()</Name>
              <FileRef uid="1" />
              <SequencePoints>
                <SequencePoint vc="0" uspid="33" ordinal="0" offset="0" sl="237" sc="14" el="237" ec="17" />
                <SequencePoint vc="0" uspid="34" ordinal="1" offset="1" sl="238" sc="17" el="238" ec="67" />
                <SequencePoint vc="0" uspid="35" ordinal="2" offset="14" sl="239" sc="13" el="239" ec="20" />
              </SequencePoints>
              <BranchPoints />
              <MethodPoint xsi:type="SequencePoint" vc="0" uspid="33" ordinal="0" offset="0" sl="237" sc="14" el="237" ec="17" />
            </Method>
            <Method visited="false" cyclomaticComplexity="1" sequenceCoverage="0" branchCoverage="0" isConstructor="true" isStatic="true" isGetter="false" isSetter="false">
              <MetadataToken>100663301</MetadataToken>
              <Name>System.Void uex.My.MyProject::.cctor()</Name>
              <FileRef uid="1" />
              <SequencePoints>
                <SequencePoint vc="0" uspid="36" ordinal="0" offset="0" sl="126" sc="26" el="126" ec="50" />
                <SequencePoint vc="0" uspid="37" ordinal="1" offset="10" sl="137" sc="26" el="137" ec="45" />
                <SequencePoint vc="0" uspid="38" ordinal="2" offset="20" sl="148" sc="26" el="148" ec="46" />
                <SequencePoint vc="0" uspid="39" ordinal="3" offset="30" sl="228" sc="17" el="228" ec="40" />
                <SequencePoint vc="0" uspid="40" ordinal="4" offset="40" sl="284" sc="26" el="284" ec="55" />
              </SequencePoints>
              <BranchPoints />
              <MethodPoint xsi:type="SequencePoint" vc="0" uspid="36" ordinal="0" offset="0" sl="126" sc="26" el="126" ec="50" />
            </Method>
          </Methods>
        </Class>
        <Class>
          <FullName>uex.My.MyProject/MyForms</FullName>
          <Methods>
            <Method visited="false" cyclomaticComplexity="1" sequenceCoverage="0" branchCoverage="0" isConstructor="false" isStatic="false" isGetter="true" isSetter="false">
              <MetadataToken>100663307</MetadataToken>
              <Name>uex.HostList uex.My.MyProject/MyForms::get_HostList()</Name>
              <SequencePoints />
              <BranchPoints />
              <MethodPoint vc="0" uspid="41" ordinal="0" offset="0" />
            </Method>
            <Method visited="false" cyclomaticComplexity="3" sequenceCoverage="0" branchCoverage="0" isConstructor="false" isStatic="false" isGetter="false" isSetter="true">
              <MetadataToken>100663312</MetadataToken>
              <Name>System.Void uex.My.MyProject/MyForms::set_HostList(uex.HostList)</Name>
              <SequencePoints />
              <BranchPoints>
                <BranchPoint vc="0" uspid="43" ordinal="0" offset="7" path="0" />
                <BranchPoint vc="0" uspid="44" ordinal="1" offset="7" path="1" />
                <BranchPoint vc="0" uspid="45" ordinal="2" offset="14" path="0" />
                <BranchPoint vc="0" uspid="46" ordinal="3" offset="14" path="1" />
              </BranchPoints>
              <MethodPoint vc="0" uspid="42" ordinal="0" offset="0" />
            </Method>
            <Method visited="false" cyclomaticComplexity="1" sequenceCoverage="0" branchCoverage="0" isConstructor="false" isStatic="false" isGetter="true" isSetter="false">
              <MetadataToken>100663308</MetadataToken>
              <Name>uex.HostRegister uex.My.MyProject/MyForms::get_HostRegister()</Name>
              <SequencePoints />
              <BranchPoints />
              <MethodPoint vc="0" uspid="47" ordinal="0" offset="0" />
            </Method>
            <Method visited="false" cyclomaticComplexity="3" sequenceCoverage="0" branchCoverage="0" isConstructor="false" isStatic="false" isGetter="false" isSetter="true">
              <MetadataToken>100663313</MetadataToken>
              <Name>System.Void uex.My.MyProject/MyForms::set_HostRegister(uex.HostRegister)</Name>
              <SequencePoints />
              <BranchPoints>
                <BranchPoint vc="0" uspid="49" ordinal="0" offset="7" path="0" />
                <BranchPoint vc="0" uspid="50" ordinal="1" offset="7" path="1" />
                <BranchPoint vc="0" uspid="51" ordinal="2" offset="14" path="0" />
                <BranchPoint vc="0" uspid="52" ordinal="3" offset="14" path="1" />
              </BranchPoints>
              <MethodPoint vc="0" uspid="48" ordinal="0" offset="0" />
            </Method>
            <Method visited="false" cyclomaticComplexity="1" sequenceCoverage="0" branchCoverage="0" isConstructor="false" isStatic="false" isGetter="true" isSetter="false">
              <MetadataToken>100663309</MetadataToken>
              <Name>uex.HostView uex.My.MyProject/MyForms::get_HostView()</Name>
              <SequencePoints />
              <BranchPoints />
              <MethodPoint vc="0" uspid="53" ordinal="0" offset="0" />
            </Method>
            <Method visited="false" cyclomaticComplexity="3" sequenceCoverage="0" branchCoverage="0" isConstructor="false" isStatic="false" isGetter="false" isSetter="true">
              <MetadataToken>100663314</MetadataToken>
              <Name>System.Void uex.My.MyProject/MyForms::set_HostView(uex.HostView)</Name>
              <SequencePoints />
              <BranchPoints>
                <BranchPoint vc="0" uspid="55" ordinal="0" offset="7" path="0" />
                <BranchPoint vc="0" uspid="56" ordinal="1" offset="7" path="1" />
                <BranchPoint vc="0" uspid="57" ordinal="2" offset="14" path="0" />
                <BranchPoint vc="0" uspid="58" ordinal="3" offset="14" path="1" />
              </BranchPoints>
              <MethodPoint vc="0" uspid="54" ordinal="0" offset="0" />
            </Method>
            <Method visited="false" cyclomaticComplexity="1" sequenceCoverage="0" branchCoverage="0" isConstructor="false" isStatic="false" isGetter="true" isSetter="false">
              <MetadataToken>100663310</MetadataToken>
              <Name>uex.MainForm uex.My.MyProject/MyForms::get_MainForm()</Name>
              <SequencePoints />
              <BranchPoints />
              <MethodPoint vc="0" uspid="59" ordinal="0" offset="0" />
            </Method>
            <Method visited="false" cyclomaticComplexity="3" sequenceCoverage="0" branchCoverage="0" isConstructor="false" isStatic="false" isGetter="false" isSetter="true">
              <MetadataToken>100663315</MetadataToken>
              <Name>System.Void uex.My.MyProject/MyForms::set_MainForm(uex.MainForm)</Name>
              <SequencePoints />
              <BranchPoints>
                <BranchPoint vc="0" uspid="61" ordinal="0" offset="7" path="0" />
                <BranchPoint vc="0" uspid="62" ordinal="1" offset="7" path="1" />
                <BranchPoint vc="0" uspid="63" ordinal="2" offset="14" path="0" />
                <BranchPoint vc="0" uspid="64" ordinal="3" offset="14" path="1" />
              </BranchPoints>
              <MethodPoint vc="0" uspid="60" ordinal="0" offset="0" />
            </Method>
            <Method visited="false" cyclomaticComplexity="1" sequenceCoverage="0" branchCoverage="0" isConstructor="false" isStatic="false" isGetter="true" isSetter="false">
              <MetadataToken>100663311</MetadataToken>
              <Name>uex.PrintReport uex.My.MyProject/MyForms::get_PrintReport()</Name>
              <SequencePoints />
              <BranchPoints />
              <MethodPoint vc="0" uspid="65" ordinal="0" offset="0" />
            </Method>
            <Method visited="false" cyclomaticComplexity="3" sequenceCoverage="0" branchCoverage="0" isConstructor="false" isStatic="false" isGetter="false" isSetter="true">
              <MetadataToken>100663316</MetadataToken>
              <Name>System.Void uex.My.MyProject/MyForms::set_PrintReport(uex.PrintReport)</Name>
              <SequencePoints />
              <BranchPoints>
                <BranchPoint vc="0" uspid="67" ordinal="0" offset="7" path="0" />
                <BranchPoint vc="0" uspid="68" ordinal="1" offset="7" path="1" />
                <BranchPoint vc="0" uspid="69" ordinal="2" offset="14" path="0" />
                <BranchPoint vc="0" uspid="70" ordinal="3" offset="14" path="1" />
              </BranchPoints>
              <MethodPoint vc="0" uspid="66" ordinal="0" offset="0" />
            </Method>
            <Method visited="false" cyclomaticComplexity="7" sequenceCoverage="0" branchCoverage="0" isConstructor="false" isStatic="true" isGetter="false" isSetter="false">
              <MetadataToken>100663317</MetadataToken>
              <Name>T uex.My.MyProject/MyForms::Create__Instance__(T)</Name>
              <FileRef uid="1" />
              <SequencePoints>
                <SequencePoint vc="0" uspid="71" ordinal="0" offset="0" sl="176" sc="13" el="176" ec="130" />
                <SequencePoint vc="0" uspid="72" ordinal="1" offset="1" sl="177" sc="17" el="177" ec="71" />
                <SequencePoint vc="0" uspid="73" ordinal="2" offset="27" sl="178" sc="21" el="178" ec="61" />
                <SequencePoint vc="0" uspid="74" ordinal="3" offset="34" sl="179" sc="25" el="179" ec="82" />
                <SequencePoint vc="0" uspid="75" ordinal="4" offset="56" sl="180" sc="29" el="180" ec="181" />
                <SequencePoint vc="0" uspid="76" ordinal="5" offset="78" sl="181" sc="25" el="181" ec="31" />
                <SequencePoint vc="0" uspid="77" ordinal="6" offset="81" sl="182" sc="21" el="182" ec="25" />
                <SequencePoint vc="0" uspid="78" ordinal="7" offset="82" sl="183" sc="25" el="183" ec="87" />
                <SequencePoint vc="0" uspid="79" ordinal="8" offset="92" sl="184" sc="21" el="184" ec="27" />
                <SequencePoint vc="0" uspid="80" ordinal="9" offset="93" sl="185" sc="21" el="185" ec="64" />
                <SequencePoint vc="0" uspid="81" ordinal="10" offset="115" sl="186" sc="21" el="186" ec="24" />
                <SequencePoint vc="0" uspid="82" ordinal="11" offset="116" sl="187" sc="25" el="187" ec="39" />
                <SequencePoint vc="0" uspid="83" ordinal="12" offset="145" sl="188" sc="21" el="188" ec="120" />
                <SequencePoint vc="0" uspid="84" ordinal="13" offset="163" sl="189" sc="29" el="189" ec="181" />
                <SequencePoint vc="0" uspid="85" ordinal="14" offset="197" sl="190" sc="25" el="190" ec="108" />
                <SequencePoint vc="0" uspid="86" ordinal="15" offset="217" sl="191" sc="21" el="191" ec="28" />
                <SequencePoint vc="0" uspid="87" ordinal="16" offset="218" sl="192" sc="25" el="192" ec="62" />
                <SequencePoint vc="0" uspid="88" ordinal="17" offset="240" sl="193" sc="21" el="193" ec="28" />
                <SequencePoint vc="0" uspid="89" ordinal="18" offset="243" sl="194" sc="17" el="194" ec="21" />
                <SequencePoint vc="0" uspid="90" ordinal="19" offset="244" sl="195" sc="21" el="195" ec="36" />
                <SequencePoint vc="0" uspid="91" ordinal="20" offset="248" sl="196" sc="17" el="196" ec="23" />
                <SequencePoint vc="0" uspid="92" ordinal="21" offset="249" sl="197" sc="13" el="197" ec="25" />
              </SequencePoints>
              <BranchPoints>
                <BranchPoint vc="0" uspid="93" ordinal="0" offset="7" path="0" />
                <BranchPoint vc="0" uspid="94" ordinal="1" offset="7" path="1" />
                <BranchPoint vc="0" uspid="95" ordinal="2" offset="22" path="0" />
                <BranchPoint vc="0" uspid="96" ordinal="3" offset="22" path="1" />
                <BranchPoint vc="0" uspid="97" ordinal="4" offset="32" path="0" />
                <BranchPoint vc="0" uspid="98" ordinal="5" offset="32" path="1" />
                <BranchPoint vc="0" uspid="99" ordinal="6" offset="54" path="0" />
                <BranchPoint vc="0" uspid="100" ordinal="7" offset="54" path="1" />
                <BranchPoint vc="0" uspid="101" ordinal="8" offset="132" path="0" />
                <BranchPoint vc="0" uspid="102" ordinal="9" offset="132" path="1" />
              </BranchPoints>
              <MethodPoint xsi:type="SequencePoint" vc="0" uspid="71" ordinal="0" offset="0" sl="176" sc="13" el="176" ec="130" />
            </Method>
            <Method visited="false" cyclomaticComplexity="1" sequenceCoverage="0" branchCoverage="0" isConstructor="false" isStatic="false" isGetter="false" isSetter="false">
              <MetadataToken>100663318</MetadataToken>
              <Name>System.Void uex.My.MyProject/MyForms::Dispose__Instance__(T&amp;)</Name>
              <FileRef uid="1" />
              <SequencePoints>
                <SequencePoint vc="0" uspid="103" ordinal="0" offset="0" sl="200" sc="13" el="200" ec="107" />
                <SequencePoint vc="0" uspid="104" ordinal="1" offset="1" sl="201" sc="17" el="201" ec="35" />
                <SequencePoint vc="0" uspid="105" ordinal="2" offset="14" sl="202" sc="17" el="202" ec="35" />
                <SequencePoint vc="0" uspid="106" ordinal="3" offset="29" sl="203" sc="13" el="203" ec="20" />
              </SequencePoints>
              <BranchPoints />
              <MethodPoint xsi:type="SequencePoint" vc="0" uspid="103" ordinal="0" offset="0" sl="200" sc="13" el="200" ec="107" />
            </Method>
            <Method visited="false" cyclomaticComplexity="1" sequenceCoverage="0" branchCoverage="0" isConstructor="true" isStatic="false" isGetter="false" isSetter="false">
              <MetadataToken>100663319</MetadataToken>
              <Name>System.Void uex.My.MyProject/MyForms::.ctor()</Name>
              <FileRef uid="1" />
              <SequencePoints>
                <SequencePoint vc="0" uspid="107" ordinal="0" offset="0" sl="207" sc="13" el="207" ec="29" />
                <SequencePoint vc="0" uspid="108" ordinal="1" offset="1" sl="208" sc="16" el="208" ec="28" />
                <SequencePoint vc="0" uspid="109" ordinal="2" offset="8" sl="209" sc="13" el="209" ec="20" />
              </SequencePoints>
              <BranchPoints />
              <MethodPoint xsi:type="SequencePoint" vc="0" uspid="107" ordinal="0" offset="0" sl="207" sc="13" el="207" ec="29" />
            </Method>
            <Method visited="false" cyclomaticComplexity="1" sequenceCoverage="0" branchCoverage="0" isConstructor="false" isStatic="false" isGetter="false" isSetter="false">
              <MetadataToken>100663320</MetadataToken>
              <Name>System.Boolean uex.My.MyProject/MyForms::Equals(System.Object)</Name>
              <FileRef uid="1" />
              <SequencePoints>
                <SequencePoint vc="0" uspid="110" ordinal="0" offset="0" sl="213" sc="117" el="213" ec="179" />
                <SequencePoint vc="0" uspid="111" ordinal="1" offset="1" sl="214" sc="17" el="214" ec="40" />
                <SequencePoint vc="0" uspid="112" ordinal="2" offset="16" sl="215" sc="13" el="215" ec="25" />
              </SequencePoints>
              <BranchPoints />
              <MethodPoint xsi:type="SequencePoint" vc="0" uspid="110" ordinal="0" offset="0" sl="213" sc="117" el="213" ec="179" />
            </Method>
            <Method visited="false" cyclomaticComplexity="1" sequenceCoverage="0" branchCoverage="0" isConstructor="false" isStatic="false" isGetter="false" isSetter="false">
              <MetadataToken>100663321</MetadataToken>
              <Name>System.Int32 uex.My.MyProject/MyForms::GetHashCode()</Name>
              <FileRef uid="1" />
              <SequencePoints>
                <SequencePoint vc="0" uspid="113" ordinal="0" offset="0" sl="216" sc="117" el="216" ec="167" />
                <SequencePoint vc="0" uspid="114" ordinal="1" offset="1" sl="217" sc="17" el="217" ec="42" />
                <SequencePoint vc="0" uspid="115" ordinal="2" offset="10" sl="218" sc="13" el="218" ec="25" />
              </SequencePoints>
              <BranchPoints />
              <MethodPoint xsi:type="SequencePoint" vc="0" uspid="113" ordinal="0" offset="0" sl="216" sc="117" el="216" ec="167" />
            </Method>
            <Method visited="false" cyclomaticComplexity="1" sequenceCoverage="0" branchCoverage="0" isConstructor="false" isStatic="false" isGetter="false" isSetter="false">
              <MetadataToken>100663322</MetadataToken>
              <Name>System.Type uex.My.MyProject/MyForms::GetType()</Name>
              <FileRef uid="1" />
              <SequencePoints>
                <SequencePoint vc="0" uspid="116" ordinal="0" offset="0" sl="220" sc="13" el="220" ec="72" />
                <SequencePoint vc="0" uspid="117" ordinal="1" offset="1" sl="221" sc="17" el="221" ec="40" />
                <SequencePoint vc="0" uspid="118" ordinal="2" offset="14" sl="222" sc="13" el="222" ec="25" />
              </SequencePoints>
              <BranchPoints />
              <MethodPoint xsi:type="SequencePoint" vc="0" uspid="116" ordinal="0" offset="0" sl="220" sc="13" el="220" ec="72" />
            </Method>
            <Method visited="false" cyclomaticComplexity="1" sequenceCoverage="0" branchCoverage="0" isConstructor="false" isStatic="false" isGetter="false" isSetter="false">
              <MetadataToken>100663323</MetadataToken>
              <Name>System.String uex.My.MyProject/MyForms::ToString()</Name>
              <FileRef uid="1" />
              <SequencePoints>
                <SequencePoint vc="0" uspid="119" ordinal="0" offset="0" sl="223" sc="117" el="223" ec="163" />
                <SequencePoint vc="0" uspid="120" ordinal="1" offset="1" sl="224" sc="17" el="224" ec="39" />
                <SequencePoint vc="0" uspid="121" ordinal="2" offset="10" sl="225" sc="13" el="225" ec="25" />
              </SequencePoints>
              <BranchPoints />
              <MethodPoint xsi:type="SequencePoint" vc="0" uspid="119" ordinal="0" offset="0" sl="223" sc="117" el="223" ec="163" />
            </Method>
          </Methods>
        </Class>
        <Class>
          <FullName>uex.My.MyProject/MyWebServices</FullName>
          <Methods>
            <Method visited="false" cyclomaticComplexity="1" sequenceCoverage="0" branchCoverage="0" isConstructor="false" isStatic="false" isGetter="false" isSetter="false">
              <MetadataToken>100663324</MetadataToken>
              <Name>System.Boolean uex.My.MyProject/MyWebServices::Equals(System.Object)</Name>
              <FileRef uid="1" />
              <SequencePoints>
                <SequencePoint vc="0" uspid="122" ordinal="0" offset="0" sl="247" sc="13" el="247" ec="75" />
                <SequencePoint vc="0" uspid="123" ordinal="1" offset="1" sl="248" sc="17" el="248" ec="40" />
                <SequencePoint vc="0" uspid="124" ordinal="2" offset="16" sl="249" sc="13" el="249" ec="25" />
              </SequencePoints>
              <BranchPoints />
              <MethodPoint xsi:type="SequencePoint" vc="0" uspid="122" ordinal="0" offset="0" sl="247" sc="13" el="247" ec="75" />
            </Method>
            <Method visited="false" cyclomaticComplexity="1" sequenceCoverage="0" branchCoverage="0" isConstructor="false" isStatic="false" isGetter="false" isSetter="false">
              <MetadataToken>100663325</MetadataToken>
              <Name>System.Int32 uex.My.MyProject/MyWebServices::GetHashCode()</Name>
              <FileRef uid="1" />
              <SequencePoints>
                <SequencePoint vc="0" uspid="125" ordinal="0" offset="0" sl="251" sc="13" el="251" ec="63" />
                <SequencePoint vc="0" uspid="126" ordinal="1" offset="1" sl="252" sc="17" el="252" ec="42" />
                <SequencePoint vc="0" uspid="127" ordinal="2" offset="10" sl="253" sc="13" el="253" ec="25" />
              </SequencePoints>
              <BranchPoints />
              <MethodPoint xsi:type="SequencePoint" vc="0" uspid="125" ordinal="0" offset="0" sl="251" sc="13" el="251" ec="63" />
            </Method>
            <Method visited="false" cyclomaticComplexity="1" sequenceCoverage="0" branchCoverage="0" isConstructor="false" isStatic="false" isGetter="false" isSetter="false">
              <MetadataToken>100663326</MetadataToken>
              <Name>System.Type uex.My.MyProject/MyWebServices::GetType()</Name>
              <FileRef uid="1" />
              <SequencePoints>
                <SequencePoint vc="0" uspid="128" ordinal="0" offset="0" sl="255" sc="13" el="255" ec="72" />
                <SequencePoint vc="0" uspid="129" ordinal="1" offset="1" sl="256" sc="17" el="256" ec="46" />
                <SequencePoint vc="0" uspid="130" ordinal="2" offset="14" sl="257" sc="13" el="257" ec="25" />
              </SequencePoints>
              <BranchPoints />
              <MethodPoint xsi:type="SequencePoint" vc="0" uspid="128" ordinal="0" offset="0" sl="255" sc="13" el="255" ec="72" />
            </Method>
            <Method visited="false" cyclomaticComplexity="1" sequenceCoverage="0" branchCoverage="0" isConstructor="false" isStatic="false" isGetter="false" isSetter="false">
              <MetadataToken>100663327</MetadataToken>
              <Name>System.String uex.My.MyProject/MyWebServices::ToString()</Name>
              <FileRef uid="1" />
              <SequencePoints>
                <SequencePoint vc="0" uspid="131" ordinal="0" offset="0" sl="259" sc="13" el="259" ec="59" />
                <SequencePoint vc="0" uspid="132" ordinal="1" offset="1" sl="260" sc="17" el="260" ec="39" />
                <SequencePoint vc="0" uspid="133" ordinal="2" offset="10" sl="261" sc="13" el="261" ec="25" />
              </SequencePoints>
              <BranchPoints />
              <MethodPoint xsi:type="SequencePoint" vc="0" uspid="131" ordinal="0" offset="0" sl="259" sc="13" el="259" ec="59" />
            </Method>
            <Method visited="false" cyclomaticComplexity="2" sequenceCoverage="0" branchCoverage="0" isConstructor="false" isStatic="true" isGetter="false" isSetter="false">
              <MetadataToken>100663328</MetadataToken>
              <Name>T uex.My.MyProject/MyWebServices::Create__Instance__(T)</Name>
              <FileRef uid="1" />
              <SequencePoints>
                <SequencePoint vc="0" uspid="134" ordinal="0" offset="0" sl="264" sc="12" el="264" ec="95" />
                <SequencePoint vc="0" uspid="135" ordinal="1" offset="1" sl="265" sc="17" el="265" ec="44" />
                <SequencePoint vc="0" uspid="136" ordinal="2" offset="9" sl="266" sc="21" el="266" ec="35" />
                <SequencePoint vc="0" uspid="137" ordinal="3" offset="19" sl="267" sc="17" el="267" ec="21" />
                <SequencePoint vc="0" uspid="138" ordinal="4" offset="20" sl="268" sc="21" el="268" ec="36" />
                <SequencePoint vc="0" uspid="139" ordinal="5" offset="24" sl="269" sc="17" el="269" ec="23" />
                <SequencePoint vc="0" uspid="140" ordinal="6" offset="25" sl="270" sc="13" el="270" ec="25" />
              </SequencePoints>
              <BranchPoints>
                <BranchPoint vc="0" uspid="141" ordinal="0" offset="7" path="0" />
                <BranchPoint vc="0" uspid="142" ordinal="1" offset="7" path="1" />
              </BranchPoints>
              <MethodPoint xsi:type="SequencePoint" vc="0" uspid="134" ordinal="0" offset="0" sl="264" sc="12" el="264" ec="95" />
            </Method>
            <Method visited="false" cyclomaticComplexity="1" sequenceCoverage="0" branchCoverage="0" isConstructor="false" isStatic="false" isGetter="false" isSetter="false">
              <MetadataToken>100663329</MetadataToken>
              <Name>System.Void uex.My.MyProject/MyWebServices::Dispose__Instance__(T&amp;)</Name>
              <FileRef uid="1" />
              <SequencePoints>
                <SequencePoint vc="0" uspid="143" ordinal="0" offset="0" sl="273" sc="13" el="273" ec="71" />
                <SequencePoint vc="0" uspid="144" ordinal="1" offset="1" sl="274" sc="17" el="274" ec="35" />
                <SequencePoint vc="0" uspid="145" ordinal="2" offset="16" sl="275" sc="13" el="275" ec="20" />
              </SequencePoints>
              <BranchPoints />
              <MethodPoint xsi:type="SequencePoint" vc="0" uspid="143" ordinal="0" offset="0" sl="273" sc="13" el="273" ec="71" />
            </Method>
            <Method visited="false" cyclomaticComplexity="1" sequenceCoverage="0" branchCoverage="0" isConstructor="true" isStatic="false" isGetter="false" isSetter="false">
              <MetadataToken>100663330</MetadataToken>
              <Name>System.Void uex.My.MyProject/MyWebServices::.ctor()</Name>
              <FileRef uid="1" />
              <SequencePoints>
                <SequencePoint vc="0" uspid="146" ordinal="0" offset="0" sl="279" sc="13" el="279" ec="29" />
                <SequencePoint vc="0" uspid="147" ordinal="1" offset="1" sl="280" sc="16" el="280" ec="28" />
                <SequencePoint vc="0" uspid="148" ordinal="2" offset="8" sl="281" sc="13" el="281" ec="20" />
              </SequencePoints>
              <BranchPoints />
              <MethodPoint xsi:type="SequencePoint" vc="0" uspid="146" ordinal="0" offset="0" sl="279" sc="13" el="279" ec="29" />
            </Method>
          </Methods>
        </Class>
        <Class>
          <FullName>uex.My.MyProject/ThreadSafeObjectProvider`1</FullName>
          <Methods>
            <Method visited="false" cyclomaticComplexity="2" sequenceCoverage="0" branchCoverage="0" isConstructor="false" isStatic="false" isGetter="true" isSetter="false">
              <MetadataToken>100663331</MetadataToken>
              <Name>T uex.My.MyProject/ThreadSafeObjectProvider`1::get_GetInstance()</Name>
              <FileRef uid="1" />
              <SequencePoints>
                <SequencePoint vc="0" uspid="149" ordinal="0" offset="0" sl="341" sc="17" el="341" ec="20" />
                <SequencePoint vc="0" uspid="150" ordinal="1" offset="1" sl="342" sc="21" el="342" ec="59" />
                <SequencePoint vc="0" uspid="151" ordinal="2" offset="13" sl="342" sc="60" el="342" ec="87" />
                <SequencePoint vc="0" uspid="152" ordinal="3" offset="23" sl="343" sc="21" el="343" ec="47" />
                <SequencePoint vc="0" uspid="153" ordinal="4" offset="31" sl="344" sc="17" el="344" ec="24" />
              </SequencePoints>
              <BranchPoints>
                <BranchPoint vc="0" uspid="154" ordinal="0" offset="11" path="0" />
                <BranchPoint vc="0" uspid="155" ordinal="1" offset="11" path="1" />
              </BranchPoints>
              <MethodPoint xsi:type="SequencePoint" vc="0" uspid="149" ordinal="0" offset="0" sl="341" sc="17" el="341" ec="20" />
            </Method>
            <Method visited="false" cyclomaticComplexity="1" sequenceCoverage="0" branchCoverage="0" isConstructor="true" isStatic="false" isGetter="false" isSetter="false">
              <MetadataToken>100663332</MetadataToken>
              <Name>System.Void uex.My.MyProject/ThreadSafeObjectProvider`1::.ctor()</Name>
              <FileRef uid="1" />
              <SequencePoints>
                <SequencePoint vc="0" uspid="156" ordinal="0" offset="0" sl="350" sc="13" el="350" ec="29" />
                <SequencePoint vc="0" uspid="157" ordinal="1" offset="1" sl="351" sc="17" el="351" ec="29" />
                <SequencePoint vc="0" uspid="158" ordinal="2" offset="8" sl="352" sc="13" el="352" ec="20" />
              </SequencePoints>
              <BranchPoints />
              <MethodPoint xsi:type="SequencePoint" vc="0" uspid="156" ordinal="0" offset="0" sl="350" sc="13" el="350" ec="29" />
            </Method>
          </Methods>
        </Class>
        <Class>
          <FullName>uex.Calender</FullName>
          <Methods>
            <Method visited="false" cyclomaticComplexity="3" sequenceCoverage="0" branchCoverage="0" isConstructor="false" isStatic="false" isGetter="false" isSetter="false">
              <MetadataToken>100663333</MetadataToken>
              <Name>System.Void uex.Calender::Dispose(System.Boolean)</Name>
              <FileRef uid="8" />
              <SequencePoints>
                <SequencePoint vc="0" uspid="159" ordinal="0" offset="0" sl="21" sc="2" el="21" ec="61" />
                <SequencePoint vc="0" uspid="160" ordinal="1" offset="1" sl="22" sc="3" el="22" ec="20" />
                <SequencePoint vc="0" uspid="161" ordinal="2" offset="4" sl="23" sc="4" el="23" ec="36" />
                <SequencePoint vc="0" uspid="162" ordinal="3" offset="12" sl="24" sc="5" el="24" ec="25" />
                <SequencePoint vc="0" uspid="163" ordinal="4" offset="24" sl="25" sc="4" el="25" ec="10" />
                <SequencePoint vc="0" uspid="164" ordinal="5" offset="25" sl="26" sc="3" el="26" ec="9" />
                <SequencePoint vc="0" uspid="165" ordinal="6" offset="26" sl="27" sc="3" el="27" ec="28" />
                <SequencePoint vc="0" uspid="166" ordinal="7" offset="34" sl="28" sc="2" el="28" ec="9" />
              </SequencePoints>
              <BranchPoints>
                <BranchPoint vc="0" uspid="167" ordinal="0" offset="2" path="0" />
                <BranchPoint vc="0" uspid="168" ordinal="1" offset="2" path="1" />
                <BranchPoint vc="0" uspid="169" ordinal="2" offset="10" path="0" />
                <BranchPoint vc="0" uspid="170" ordinal="3" offset="10" path="1" />
              </BranchPoints>
              <MethodPoint xsi:type="SequencePoint" vc="0" uspid="159" ordinal="0" offset="0" sl="21" sc="2" el="21" ec="61" />
            </Method>
            <Method visited="false" cyclomaticComplexity="1" sequenceCoverage="0" branchCoverage="0" isConstructor="false" isStatic="false" isGetter="false" isSetter="false">
              <MetadataToken>100663334</MetadataToken>
              <Name>System.Void uex.Calender::InitializeComponent()</Name>
              <FileRef uid="8" />
              <SequencePoints>
                <SequencePoint vc="0" uspid="171" ordinal="0" offset="0" sl="35" sc="2" el="35" ec="35" />
                <SequencePoint vc="0" uspid="172" ordinal="1" offset="1" sl="36" sc="7" el="36" ec="138" />
                <SequencePoint vc="0" uspid="173" ordinal="2" offset="17" sl="37" sc="3" el="37" ec="63" />
                <SequencePoint vc="0" uspid="174" ordinal="3" offset="28" sl="38" sc="3" el="38" ec="19" />
                <SequencePoint vc="0" uspid="175" ordinal="4" offset="35" sl="42" sc="3" el="42" ec="62" />
                <SequencePoint vc="0" uspid="176" ordinal="5" offset="58" sl="43" sc="3" el="43" ec="44" />
                <SequencePoint vc="0" uspid="177" ordinal="6" offset="75" sl="44" sc="3" el="44" ec="33" />
                <SequencePoint vc="0" uspid="178" ordinal="7" offset="88" sl="45" sc="3" el="45" ec="86" />
                <SequencePoint vc="0" uspid="179" ordinal="8" offset="113" sl="49" sc="3" el="49" ec="61" />
                <SequencePoint vc="0" uspid="180" ordinal="9" offset="140" sl="50" sc="3" el="50" ec="61" />
                <SequencePoint vc="0" uspid="181" ordinal="10" offset="148" sl="51" sc="3" el="51" ec="52" />
                <SequencePoint vc="0" uspid="182" ordinal="11" offset="175" sl="52" sc="3" el="52" ec="37" />
                <SequencePoint vc="0" uspid="183" ordinal="12" offset="193" sl="53" sc="3" el="53" ec="73" />
                <SequencePoint vc="0" uspid="184" ordinal="13" offset="216" sl="54" sc="3" el="54" ec="23" />
                <SequencePoint vc="0" uspid="185" ordinal="14" offset="228" sl="55" sc="3" el="55" ec="20" />
                <SequencePoint vc="0" uspid="186" ordinal="15" offset="240" sl="56" sc="3" el="56" ec="25" />
                <SequencePoint vc="0" uspid="187" ordinal="16" offset="248" sl="57" sc="2" el="57" ec="9" />
              </SequencePoints>
              <BranchPoints />
              <MethodPoint xsi:type="SequencePoint" vc="0" uspid="171" ordinal="0" offset="0" sl="35" sc="2" el="35" ec="35" />
            </Method>
            <Method visited="false" cyclomaticComplexity="1" sequenceCoverage="0" branchCoverage="0" isConstructor="true" isStatic="false" isGetter="false" isSetter="false">
              <MetadataToken>100663335</MetadataToken>
              <Name>System.Void uex.Calender::.ctor(System.Windows.Forms.Form,uex.WordContainer)</Name>
              <FileRef uid="9" />
              <SequencePoints>
                <SequencePoint vc="0" uspid="188" ordinal="0" offset="0" sl="13" sc="2" el="13" ec="57" />
                <SequencePoint vc="0" uspid="189" ordinal="1" offset="8" sl="15" sc="3" el="15" ec="27" />
                <SequencePoint vc="0" uspid="190" ordinal="2" offset="15" sl="19" sc="3" el="19" ec="14" />
                <SequencePoint vc="0" uspid="191" ordinal="3" offset="27" sl="20" sc="3" el="20" ec="14" />
                <SequencePoint vc="0" uspid="192" ordinal="4" offset="34" sl="21" sc="2" el="21" ec="9" />
              </SequencePoints>
              <BranchPoints />
              <MethodPoint xsi:type="SequencePoint" vc="0" uspid="188" ordinal="0" offset="0" sl="13" sc="2" el="13" ec="57" />
            </Method>
            <Method visited="false" cyclomaticComplexity="2" sequenceCoverage="0" branchCoverage="0" isConstructor="false" isStatic="false" isGetter="false" isSetter="false">
              <MetadataToken>100663336</MetadataToken>
              <Name>System.Void uex.Calender::MonthCalendar1_DateSelected(System.Object,System.Windows.Forms.DateRangeEventArgs)</Name>
              <FileRef uid="9" />
              <SequencePoints>
                <SequencePoint vc="0" uspid="193" ordinal="0" offset="0" sl="34" sc="2" el="34" ec="84" />
                <SequencePoint vc="0" uspid="194" ordinal="1" offset="1" sl="37" sc="7" el="37" ec="97" />
                <SequencePoint vc="0" uspid="195" ordinal="2" offset="47" sl="38" sc="3" el="38" ec="37" />
                <SequencePoint vc="0" uspid="196" ordinal="3" offset="62" sl="39" sc="4" el="39" ec="38" />
                <SequencePoint vc="0" uspid="197" ordinal="4" offset="73" sl="40" sc="4" el="40" ec="12" />
                <SequencePoint vc="0" uspid="198" ordinal="5" offset="79" sl="41" sc="3" el="41" ec="9" />
                <SequencePoint vc="0" uspid="199" ordinal="6" offset="80" sl="43" sc="3" el="43" ec="44" />
                <SequencePoint vc="0" uspid="200" ordinal="7" offset="100" sl="44" sc="3" el="44" ec="45" />
                <SequencePoint vc="0" uspid="201" ordinal="8" offset="120" sl="45" sc="3" el="45" ec="43" />
                <SequencePoint vc="0" uspid="202" ordinal="9" offset="140" sl="47" sc="7" el="47" ec="27" />
                <SequencePoint vc="0" uspid="203" ordinal="10" offset="146" sl="48" sc="7" el="48" ec="32" />
                <SequencePoint vc="0" uspid="204" ordinal="11" offset="152" sl="49" sc="3" el="49" ec="155" />
                <SequencePoint vc="0" uspid="205" ordinal="12" offset="188" sl="50" sc="3" el="50" ec="155" />
                <SequencePoint vc="0" uspid="206" ordinal="13" offset="224" sl="51" sc="3" el="51" ec="155" />
                <SequencePoint vc="0" uspid="207" ordinal="14" offset="260" sl="52" sc="3" el="52" ec="42" />
                <SequencePoint vc="0" uspid="208" ordinal="15" offset="283" sl="55" sc="3" el="55" ec="19" />
                <SequencePoint vc="0" uspid="209" ordinal="16" offset="285" sl="56" sc="3" el="56" ec="13" />
                <SequencePoint vc="0" uspid="210" ordinal="17" offset="292" sl="58" sc="2" el="58" ec="9" />
              </SequencePoints>
              <BranchPoints>
                <BranchPoint vc="0" uspid="211" ordinal="0" offset="60" path="0" />
                <BranchPoint vc="0" uspid="212" ordinal="1" offset="60" path="1" />
              </BranchPoints>
              <MethodPoint xsi:type="SequencePoint" vc="0" uspid="193" ordinal="0" offset="0" sl="34" sc="2" el="34" ec="84" />
            </Method>
          </Methods>
        </Class>
        <Class>
          <FullName>uex.ClearForm</FullName>
          <Methods>
            <Method visited="false" cyclomaticComplexity="1" sequenceCoverage="0" branchCoverage="0" isConstructor="true" isStatic="false" isGetter="false" isSetter="false">
              <MetadataToken>100663337</MetadataToken>
              <Name>System.Void uex.ClearForm::.ctor()</Name>
              <FileRef uid="10" />
              <SequencePoints>
                <SequencePoint vc="0" uspid="213" ordinal="0" offset="7" sl="10" sc="10" el="10" ec="42" />
              </SequencePoints>
              <BranchPoints />
              <MethodPoint vc="0" uspid="214" ordinal="0" offset="0" />
            </Method>
            <Method visited="false" cyclomaticComplexity="2" sequenceCoverage="0" branchCoverage="0" isConstructor="false" isStatic="false" isGetter="false" isSetter="false">
              <MetadataToken>100663338</MetadataToken>
              <Name>System.Void uex.ClearForm::ClearForm(System.Int32,uex.PrintReport)</Name>
              <FileRef uid="10" />
              <SequencePoints>
                <SequencePoint vc="0" uspid="215" ordinal="0" offset="0" sl="16" sc="5" el="16" ec="68" />
                <SequencePoint vc="0" uspid="216" ordinal="1" offset="1" sl="19" sc="9" el="19" ec="58" />
                <SequencePoint vc="0" uspid="217" ordinal="2" offset="38" sl="20" sc="9" el="20" ec="31" />
                <SequencePoint vc="0" uspid="218" ordinal="3" offset="42" sl="21" sc="10" el="21" ec="16" />
                <SequencePoint vc="0" uspid="219" ordinal="4" offset="51" sl="22" sc="17" el="22" ec="25" />
                <SequencePoint vc="0" uspid="220" ordinal="5" offset="54" sl="24" sc="21" el="24" ec="48" />
                <SequencePoint vc="0" uspid="221" ordinal="6" offset="73" sl="25" sc="21" el="25" ec="63" />
                <SequencePoint vc="0" uspid="222" ordinal="7" offset="92" sl="27" sc="25" el="27" ec="55" />
                <SequencePoint vc="0" uspid="223" ordinal="8" offset="105" sl="30" sc="21" el="30" ec="53" />
                <SequencePoint vc="0" uspid="224" ordinal="9" offset="125" sl="31" sc="21" el="31" ec="54" />
                <SequencePoint vc="0" uspid="225" ordinal="10" offset="145" sl="32" sc="21" el="32" ec="41" />
                <SequencePoint vc="0" uspid="226" ordinal="11" offset="163" sl="36" sc="21" el="36" ec="49" />
                <SequencePoint vc="0" uspid="227" ordinal="12" offset="182" sl="37" sc="21" el="37" ec="54" />
                <SequencePoint vc="0" uspid="228" ordinal="13" offset="196" sl="38" sc="21" el="38" ec="52" />
                <SequencePoint vc="0" uspid="229" ordinal="14" offset="214" sl="39" sc="21" el="39" ec="49" />
                <SequencePoint vc="0" uspid="230" ordinal="15" offset="228" sl="40" sc="21" el="40" ec="41" />
                <SequencePoint vc="0" uspid="231" ordinal="16" offset="246" sl="41" sc="21" el="41" ec="55" />
                <SequencePoint vc="0" uspid="232" ordinal="17" offset="264" sl="42" sc="21" el="42" ec="52" />
                <SequencePoint vc="0" uspid="233" ordinal="18" offset="282" sl="43" sc="21" el="43" ec="47" />
                <SequencePoint vc="0" uspid="234" ordinal="19" offset="296" sl="44" sc="21" el="44" ec="44" />
                <SequencePoint vc="0" uspid="235" ordinal="20" offset="314" sl="45" sc="21" el="45" ec="50" />
                <SequencePoint vc="0" uspid="236" ordinal="21" offset="328" sl="46" sc="21" el="46" ec="52" />
                <SequencePoint vc="0" uspid="237" ordinal="22" offset="347" sl="47" sc="21" el="47" ec="55" />
                <SequencePoint vc="0" uspid="238" ordinal="23" offset="365" sl="48" sc="21" el="48" ec="54" />
                <SequencePoint vc="0" uspid="239" ordinal="24" offset="383" sl="49" sc="21" el="49" ec="59" />
                <SequencePoint vc="0" uspid="240" ordinal="25" offset="399" sl="50" sc="21" el="50" ec="60" />
                <SequencePoint vc="0" uspid="241" ordinal="26" offset="415" sl="51" sc="21" el="51" ec="58" />
                <SequencePoint vc="0" uspid="242" ordinal="27" offset="431" sl="52" sc="21" el="52" ec="55" />
                <SequencePoint vc="0" uspid="243" ordinal="28" offset="449" sl="53" sc="21" el="53" ec="50" />
                <SequencePoint vc="0" uspid="244" ordinal="29" offset="463" sl="54" sc="21" el="54" ec="41" />
                <SequencePoint vc="0" uspid="245" ordinal="30" offset="481" sl="55" sc="21" el="55" ec="59" />
                <SequencePoint vc="0" uspid="246" ordinal="31" offset="499" sl="56" sc="21" el="56" ec="50" />
                <SequencePoint vc="0" uspid="247" ordinal="32" offset="517" sl="57" sc="21" el="57" ec="57" />
                <SequencePoint vc="0" uspid="248" ordinal="33" offset="535" sl="60" sc="21" el="60" ec="55" />
                <SequencePoint vc="0" uspid="249" ordinal="34" offset="550" sl="61" sc="21" el="61" ec="54" />
                <SequencePoint vc="0" uspid="250" ordinal="35" offset="565" sl="62" sc="21" el="62" ec="57" />
                <SequencePoint vc="0" uspid="251" ordinal="36" offset="579" sl="63" sc="21" el="63" ec="55" />
                <SequencePoint vc="0" uspid="252" ordinal="37" offset="593" sl="64" sc="21" el="64" ec="55" />
                <SequencePoint vc="0" uspid="253" ordinal="38" offset="608" sl="65" sc="21" el="65" ec="57" />
                <SequencePoint vc="0" uspid="254" ordinal="39" offset="623" sl="66" sc="21" el="66" ec="62" />
                <SequencePoint vc="0" uspid="255" ordinal="40" offset="638" sl="67" sc="21" el="67" ec="54" />
                <SequencePoint vc="0" uspid="256" ordinal="41" offset="653" sl="68" sc="21" el="68" ec="57" />
                <SequencePoint vc="0" uspid="257" ordinal="42" offset="672" sl="69" sc="21" el="69" ec="55" />
                <SequencePoint vc="0" uspid="258" ordinal="43" offset="686" sl="70" sc="21" el="70" ec="59" />
                <SequencePoint vc="0" uspid="259" ordinal="44" offset="701" sl="71" sc="21" el="71" ec="59" />
                <SequencePoint vc="0" uspid="260" ordinal="45" offset="716" sl="72" sc="21" el="72" ec="59" />
                <SequencePoint vc="0" uspid="261" ordinal="46" offset="731" sl="73" sc="21" el="73" ec="59" />
                <SequencePoint vc="0" uspid="262" ordinal="47" offset="746" sl="74" sc="21" el="74" ec="53" />
                <SequencePoint vc="0" uspid="263" ordinal="48" offset="761" sl="75" sc="4" el="75" ec="12" />
                <SequencePoint vc="0" uspid="264" ordinal="49" offset="764" sl="77" sc="9" el="77" ec="19" />
                <SequencePoint vc="0" uspid="265" ordinal="50" offset="765" sl="78" sc="8" el="78" ec="15" />
              </SequencePoints>
              <BranchPoints>
                <BranchPoint vc="0" uspid="266" ordinal="0" offset="46" path="0" />
                <BranchPoint vc="0" uspid="267" ordinal="1" offset="46" path="1" />
              </BranchPoints>
              <MethodPoint xsi:type="SequencePoint" vc="0" uspid="215" ordinal="0" offset="0" sl="16" sc="5" el="16" ec="68" />
            </Method>
          </Methods>
        </Class>
        <Class>
          <FullName>uex.Common</FullName>
          <Methods>
            <Method visited="false" cyclomaticComplexity="1" sequenceCoverage="0" branchCoverage="0" isConstructor="false" isStatic="false" isGetter="true" isSetter="false">
              <MetadataToken>100663340</MetadataToken>
              <Name>System.Single uex.Common::get_SetBasicPitch()</Name>
              <FileRef uid="11" />
              <SequencePoints>
                <SequencePoint vc="0" uspid="268" ordinal="0" offset="0" sl="19" sc="3" el="19" ec="6" />
                <SequencePoint vc="0" uspid="269" ordinal="1" offset="1" sl="20" sc="4" el="20" ec="21" />
                <SequencePoint vc="0" uspid="270" ordinal="2" offset="10" sl="21" sc="3" el="21" ec="10" />
              </SequencePoints>
              <BranchPoints />
              <MethodPoint xsi:type="SequencePoint" vc="0" uspid="268" ordinal="0" offset="0" sl="19" sc="3" el="19" ec="6" />
            </Method>
            <Method visited="false" cyclomaticComplexity="1" sequenceCoverage="0" branchCoverage="0" isConstructor="true" isStatic="false" isGetter="false" isSetter="false">
              <MetadataToken>100663339</MetadataToken>
              <Name>System.Void uex.Common::.ctor(System.Single)</Name>
              <FileRef uid="11" />
              <SequencePoints>
                <SequencePoint vc="0" uspid="271" ordinal="0" offset="0" sl="13" sc="2" el="13" ec="36" />
                <SequencePoint vc="0" uspid="272" ordinal="1" offset="8" sl="11" sc="11" el="11" ec="35" />
                <SequencePoint vc="0" uspid="273" ordinal="2" offset="19" sl="15" sc="3" el="15" ec="24" />
                <SequencePoint vc="0" uspid="274" ordinal="3" offset="26" sl="16" sc="2" el="16" ec="9" />
              </SequencePoints>
              <BranchPoints />
              <MethodPoint xsi:type="SequencePoint" vc="0" uspid="271" ordinal="0" offset="0" sl="13" sc="2" el="13" ec="36" />
            </Method>
            <Method visited="false" cyclomaticComplexity="4" sequenceCoverage="0" branchCoverage="0" isConstructor="false" isStatic="false" isGetter="false" isSetter="false">
              <MetadataToken>100663341</MetadataToken>
              <Name>System.Drawing.Image uex.Common::Magnify(System.Drawing.Image,System.Double,System.Drawing.Drawing2D.InterpolationMode)</Name>
              <FileRef uid="11" />
              <SequencePoints>
                <SequencePoint vc="0" uspid="275" ordinal="0" offset="0" sl="34" sc="2" el="35" ec="114" />
                <SequencePoint vc="0" uspid="276" ordinal="1" offset="1" sl="38" sc="6" el="38" ec="31" />
                <SequencePoint vc="0" uspid="277" ordinal="2" offset="9" sl="39" sc="10" el="39" ec="65" />
                <SequencePoint vc="0" uspid="278" ordinal="3" offset="20" sl="40" sc="6" el="40" ec="12" />
                <SequencePoint vc="0" uspid="279" ordinal="4" offset="21" sl="41" sc="6" el="41" ec="93" />
                <SequencePoint vc="0" uspid="280" ordinal="5" offset="75" sl="42" sc="10" el="42" ec="83" />
                <SequencePoint vc="0" uspid="281" ordinal="6" offset="86" sl="43" sc="6" el="43" ec="12" />
                <SequencePoint vc="0" uspid="282" ordinal="7" offset="87" sl="48" sc="6" el="48" ec="52" />
                <SequencePoint vc="0" uspid="283" ordinal="8" offset="119" sl="49" sc="6" el="49" ec="54" />
                <SequencePoint vc="0" uspid="284" ordinal="9" offset="151" sl="50" sc="10" el="50" ec="64" />
                <SequencePoint vc="0" uspid="285" ordinal="10" offset="171" sl="53" sc="10" el="53" ec="55" />
                <SequencePoint vc="0" uspid="286" ordinal="11" offset="178" sl="54" sc="6" el="54" ec="35" />
                <SequencePoint vc="0" uspid="287" ordinal="12" offset="186" sl="55" sc="6" el="55" ec="34" />
                <SequencePoint vc="0" uspid="288" ordinal="13" offset="195" sl="57" sc="6" el="57" ec="22" />
                <SequencePoint vc="0" uspid="289" ordinal="14" offset="199" sl="59" sc="2" el="59" ec="14" />
              </SequencePoints>
              <BranchPoints>
                <BranchPoint vc="0" uspid="290" ordinal="0" offset="7" path="0" />
                <BranchPoint vc="0" uspid="291" ordinal="1" offset="7" path="1" />
                <BranchPoint vc="0" uspid="292" ordinal="2" offset="46" path="0" />
                <BranchPoint vc="0" uspid="293" ordinal="3" offset="46" path="1" />
                <BranchPoint vc="0" uspid="294" ordinal="4" offset="73" path="0" />
                <BranchPoint vc="0" uspid="295" ordinal="5" offset="73" path="1" />
              </BranchPoints>
              <MethodPoint xsi:type="SequencePoint" vc="0" uspid="275" ordinal="0" offset="0" sl="34" sc="2" el="35" ec="114" />
            </Method>
            <Method visited="false" cyclomaticComplexity="16" sequenceCoverage="0" branchCoverage="0" isConstructor="false" isStatic="false" isGetter="false" isSetter="false">
              <MetadataToken>100663342</MetadataToken>
              <Name>System.Array uex.Common::WordPreparer(System.String[],System.Collections.ArrayList,System.Collections.Hashtable)</Name>
              <FileRef uid="11" />
              <SequencePoints>
                <SequencePoint vc="0" uspid="296" ordinal="0" offset="0" sl="70" sc="2" el="70" ec="106" />
                <SequencePoint vc="0" uspid="297" ordinal="1" offset="1" sl="71" sc="7" el="71" ec="49" />
                <SequencePoint vc="0" uspid="298" ordinal="2" offset="10" sl="72" sc="7" el="72" ec="41" />
                <SequencePoint vc="0" uspid="299" ordinal="3" offset="20" sl="74" sc="7" el="74" ec="41" />
                <SequencePoint vc="0" uspid="300" ordinal="4" offset="24" sl="76" sc="3" el="76" ec="45" />
                <SequencePoint vc="0" uspid="301" ordinal="5" offset="35" sl="78" sc="8" el="78" ec="41" />
                <SequencePoint vc="0" uspid="302" ordinal="6" offset="77" sl="79" sc="8" el="79" ec="33" />
                <SequencePoint vc="0" uspid="303" ordinal="7" offset="80" sl="81" sc="4" el="81" ec="49" />
                <SequencePoint vc="0" uspid="304" ordinal="8" offset="124" sl="82" sc="5" el="82" ec="60" />
                <SequencePoint vc="0" uspid="305" ordinal="9" offset="186" sl="83" sc="5" el="88" ec="12" />
                <SequencePoint vc="0" uspid="306" ordinal="10" offset="313" sl="89" sc="5" el="89" ec="18" />
                <SequencePoint vc="0" uspid="307" ordinal="11" offset="316" sl="90" sc="4" el="90" ec="10" />
                <SequencePoint vc="0" uspid="308" ordinal="12" offset="317" sl="92" sc="8" el="92" ec="77" />
                <SequencePoint vc="0" uspid="309" ordinal="13" offset="363" sl="94" sc="4" el="94" ec="25" />
                <SequencePoint vc="0" uspid="310" ordinal="14" offset="367" sl="95" sc="5" el="95" ec="37" />
                <SequencePoint vc="0" uspid="311" ordinal="15" offset="370" sl="96" sc="6" el="96" ec="42" />
                <SequencePoint vc="0" uspid="312" ordinal="16" offset="391" sl="97" sc="7" el="97" ec="54" />
                <SequencePoint vc="0" uspid="313" ordinal="17" offset="457" sl="98" sc="6" el="98" ec="12" />
                <SequencePoint vc="0" uspid="314" ordinal="18" offset="458" sl="99" sc="5" el="99" ec="11" />
                <SequencePoint vc="0" uspid="315" ordinal="19" offset="470" sl="100" sc="4" el="100" ec="10" />
                <SequencePoint vc="0" uspid="316" ordinal="20" offset="471" sl="102" sc="8" el="102" ec="46" />
                <SequencePoint vc="0" uspid="317" ordinal="21" offset="484" sl="103" sc="8" el="103" ec="62" />
                <SequencePoint vc="0" uspid="318" ordinal="22" offset="525" sl="104" sc="8" el="104" ec="24" />
                <SequencePoint vc="0" uspid="319" ordinal="23" offset="528" sl="105" sc="8" el="105" ec="24" />
                <SequencePoint vc="0" uspid="320" ordinal="24" offset="531" sl="106" sc="8" el="106" ec="36" />
                <SequencePoint vc="0" uspid="321" ordinal="25" offset="538" sl="108" sc="4" el="108" ec="50" />
                <SequencePoint vc="0" uspid="322" ordinal="26" offset="552" sl="109" sc="5" el="109" ec="18" />
                <SequencePoint vc="0" uspid="323" ordinal="27" offset="557" sl="110" sc="6" el="110" ec="45" />
                <SequencePoint vc="0" uspid="324" ordinal="28" offset="569" sl="111" sc="6" el="111" ec="18" />
                <SequencePoint vc="0" uspid="325" ordinal="29" offset="574" sl="112" sc="5" el="112" ec="11" />
                <SequencePoint vc="0" uspid="326" ordinal="30" offset="575" sl="114" sc="5" el="114" ec="18" />
                <SequencePoint vc="0" uspid="327" ordinal="31" offset="580" sl="115" sc="6" el="115" ec="18" />
                <SequencePoint vc="0" uspid="328" ordinal="32" offset="585" sl="116" sc="5" el="116" ec="11" />
                <SequencePoint vc="0" uspid="329" ordinal="33" offset="586" sl="118" sc="5" el="118" ec="27" />
                <SequencePoint vc="0" uspid="330" ordinal="34" offset="593" sl="119" sc="6" el="119" ec="77" />
                <SequencePoint vc="0" uspid="331" ordinal="35" offset="721" sl="120" sc="7" el="120" ec="53" />
                <SequencePoint vc="0" uspid="332" ordinal="36" offset="813" sl="121" sc="8" el="121" ec="38" />
                <SequencePoint vc="0" uspid="333" ordinal="37" offset="881" sl="122" sc="8" el="122" ec="57" />
                <SequencePoint vc="0" uspid="334" ordinal="38" offset="951" sl="123" sc="8" el="123" ec="17" />
                <SequencePoint vc="0" uspid="335" ordinal="39" offset="957" sl="124" sc="7" el="124" ec="13" />
                <SequencePoint vc="0" uspid="336" ordinal="40" offset="973" sl="125" sc="7" el="125" ec="15" />
                <SequencePoint vc="0" uspid="337" ordinal="41" offset="979" sl="126" sc="7" el="126" ec="16" />
                <SequencePoint vc="0" uspid="338" ordinal="42" offset="985" sl="127" sc="7" el="127" ec="19" />
                <SequencePoint vc="0" uspid="339" ordinal="43" offset="992" sl="128" sc="6" el="128" ec="10" />
                <SequencePoint vc="0" uspid="340" ordinal="44" offset="993" sl="129" sc="7" el="129" ec="50" />
                <SequencePoint vc="0" uspid="341" ordinal="45" offset="1009" sl="131" sc="11" el="131" ec="66" />
                <SequencePoint vc="0" uspid="342" ordinal="46" offset="1035" sl="132" sc="7" el="132" ec="36" />
                <SequencePoint vc="0" uspid="343" ordinal="47" offset="1051" sl="133" sc="8" el="133" ec="34" />
                <SequencePoint vc="0" uspid="344" ordinal="48" offset="1054" sl="134" sc="7" el="134" ec="13" />
                <SequencePoint vc="0" uspid="345" ordinal="49" offset="1055" sl="135" sc="7" el="135" ec="53" />
                <SequencePoint vc="0" uspid="346" ordinal="50" offset="1065" sl="137" sc="7" el="137" ec="16" />
                <SequencePoint vc="0" uspid="347" ordinal="51" offset="1071" sl="138" sc="6" el="138" ec="12" />
                <SequencePoint vc="0" uspid="348" ordinal="52" offset="1074" sl="139" sc="5" el="139" ec="9" />
                <SequencePoint vc="0" uspid="349" ordinal="53" offset="1075" sl="140" sc="6" el="140" ec="51" />
                <SequencePoint vc="0" uspid="350" ordinal="54" offset="1093" sl="142" sc="10" el="142" ec="65" />
                <SequencePoint vc="0" uspid="351" ordinal="55" offset="1119" sl="143" sc="6" el="143" ec="35" />
                <SequencePoint vc="0" uspid="352" ordinal="56" offset="1135" sl="144" sc="7" el="144" ec="33" />
                <SequencePoint vc="0" uspid="353" ordinal="57" offset="1138" sl="145" sc="6" el="145" ec="12" />
                <SequencePoint vc="0" uspid="354" ordinal="58" offset="1139" sl="146" sc="6" el="146" ec="52" />
                <SequencePoint vc="0" uspid="355" ordinal="59" offset="1149" sl="147" sc="5" el="147" ec="11" />
                <SequencePoint vc="0" uspid="356" ordinal="60" offset="1150" sl="148" sc="4" el="148" ec="10" />
                <SequencePoint vc="0" uspid="357" ordinal="61" offset="1166" sl="150" sc="4" el="150" ec="30" />
                <SequencePoint vc="0" uspid="358" ordinal="62" offset="1182" sl="151" sc="5" el="151" ec="50" />
                <SequencePoint vc="0" uspid="359" ordinal="63" offset="1208" sl="152" sc="4" el="152" ec="10" />
                <SequencePoint vc="0" uspid="360" ordinal="64" offset="1209" sl="154" sc="4" el="154" ec="34" />
                <SequencePoint vc="0" uspid="361" ordinal="65" offset="1216" sl="156" sc="4" el="156" ec="33" />
                <SequencePoint vc="0" uspid="362" ordinal="66" offset="1224" sl="157" sc="4" el="157" ec="18" />
                <SequencePoint vc="0" uspid="363" ordinal="67" offset="1227" sl="158" sc="3" el="158" ec="9" />
                <SequencePoint vc="0" uspid="364" ordinal="68" offset="1243" sl="160" sc="3" el="160" ec="22" />
                <SequencePoint vc="0" uspid="365" ordinal="69" offset="1248" sl="162" sc="2" el="162" ec="14" />
              </SequencePoints>
              <BranchPoints>
                <BranchPoint vc="0" uspid="366" ordinal="0" offset="119" path="0" />
                <BranchPoint vc="0" uspid="367" ordinal="1" offset="119" path="1" />
                <BranchPoint vc="0" uspid="368" ordinal="2" offset="365" path="0" />
                <BranchPoint vc="0" uspid="369" ordinal="3" offset="365" path="1" />
                <BranchPoint vc="0" uspid="370" ordinal="4" offset="389" path="0" />
                <BranchPoint vc="0" uspid="371" ordinal="5" offset="389" path="1" />
                <BranchPoint vc="0" uspid="372" ordinal="6" offset="468" path="0" />
                <BranchPoint vc="0" uspid="373" ordinal="7" offset="468" path="1" />
                <BranchPoint vc="0" uspid="374" ordinal="8" offset="555" path="0" />
                <BranchPoint vc="0" uspid="375" ordinal="9" offset="555" path="1" />
                <BranchPoint vc="0" uspid="376" ordinal="10" offset="578" path="0" />
                <BranchPoint vc="0" uspid="377" ordinal="11" offset="578" path="1" />
                <BranchPoint vc="0" uspid="378" ordinal="12" offset="588" path="0" />
                <BranchPoint vc="0" uspid="379" ordinal="13" offset="588" path="1" />
                <BranchPoint vc="0" uspid="380" ordinal="14" offset="632" path="0" />
                <BranchPoint vc="0" uspid="381" ordinal="15" offset="632" path="1" />
                <BranchPoint vc="0" uspid="382" ordinal="16" offset="716" path="0" />
                <BranchPoint vc="0" uspid="383" ordinal="17" offset="716" path="1" />
                <BranchPoint vc="0" uspid="384" ordinal="18" offset="968" path="0" />
                <BranchPoint vc="0" uspid="385" ordinal="19" offset="968" path="1" />
                <BranchPoint vc="0" uspid="386" ordinal="20" offset="1049" path="0" />
                <BranchPoint vc="0" uspid="387" ordinal="21" offset="1049" path="1" />
                <BranchPoint vc="0" uspid="388" ordinal="22" offset="1133" path="0" />
                <BranchPoint vc="0" uspid="389" ordinal="23" offset="1133" path="1" />
                <BranchPoint vc="0" uspid="390" ordinal="24" offset="1161" path="0" />
                <BranchPoint vc="0" uspid="391" ordinal="25" offset="1161" path="1" />
                <BranchPoint vc="0" uspid="392" ordinal="26" offset="1180" path="0" />
                <BranchPoint vc="0" uspid="393" ordinal="27" offset="1180" path="1" />
                <BranchPoint vc="0" uspid="394" ordinal="28" offset="1238" path="0" />
                <BranchPoint vc="0" uspid="395" ordinal="29" offset="1238" path="1" />
              </BranchPoints>
              <MethodPoint xsi:type="SequencePoint" vc="0" uspid="296" ordinal="0" offset="0" sl="70" sc="2" el="70" ec="106" />
            </Method>
            <Method visited="false" cyclomaticComplexity="22" sequenceCoverage="0" branchCoverage="0" isConstructor="false" isStatic="false" isGetter="false" isSetter="false">
              <MetadataToken>100663343</MetadataToken>
              <Name>System.Void uex.Common::WordArranger(System.String[],System.Collections.ArrayList,System.Array,System.Collections.Hashtable,System.String,uex.PrintReport,uex.WordContainer)</Name>
              <FileRef uid="11" />
              <SequencePoints>
                <SequencePoint vc="0" uspid="396" ordinal="0" offset="0" sl="177" sc="1" el="180" ec="27" />
                <SequencePoint vc="0" uspid="397" ordinal="1" offset="1" sl="182" sc="7" el="182" ec="49" />
                <SequencePoint vc="0" uspid="398" ordinal="2" offset="10" sl="184" sc="3" el="184" ec="28" />
                <SequencePoint vc="0" uspid="399" ordinal="3" offset="30" sl="185" sc="8" el="185" ec="47" />
                <SequencePoint vc="0" uspid="400" ordinal="4" offset="39" sl="186" sc="8" el="186" ec="47" />
                <SequencePoint vc="0" uspid="401" ordinal="5" offset="49" sl="187" sc="8" el="187" ec="34" />
                <SequencePoint vc="0" uspid="402" ordinal="6" offset="55" sl="188" sc="8" el="188" ec="32" />
                <SequencePoint vc="0" uspid="403" ordinal="7" offset="57" sl="190" sc="4" el="190" ec="47" />
                <SequencePoint vc="0" uspid="404" ordinal="8" offset="68" sl="191" sc="9" el="191" ec="65" />
                <SequencePoint vc="0" uspid="405" ordinal="9" offset="109" sl="192" sc="5" el="192" ec="25" />
                <SequencePoint vc="0" uspid="406" ordinal="10" offset="138" sl="193" sc="6" el="193" ec="12" />
                <SequencePoint vc="0" uspid="407" ordinal="11" offset="139" sl="194" sc="7" el="194" ec="58" />
                <SequencePoint vc="0" uspid="408" ordinal="12" offset="211" sl="195" sc="12" el="195" ec="83" />
                <SequencePoint vc="0" uspid="409" ordinal="13" offset="258" sl="196" sc="8" el="196" ec="30" />
                <SequencePoint vc="0" uspid="410" ordinal="14" offset="267" sl="197" sc="9" el="197" ec="42" />
                <SequencePoint vc="0" uspid="411" ordinal="15" offset="277" sl="198" sc="8" el="198" ec="12" />
                <SequencePoint vc="0" uspid="412" ordinal="16" offset="278" sl="199" sc="9" el="199" ec="46" />
                <SequencePoint vc="0" uspid="413" ordinal="17" offset="345" sl="200" sc="14" el="200" ec="74" />
                <SequencePoint vc="0" uspid="414" ordinal="18" offset="415" sl="201" sc="14" el="201" ec="110" />
                <SequencePoint vc="0" uspid="415" ordinal="19" offset="509" sl="202" sc="10" el="202" ec="65" />
                <SequencePoint vc="0" uspid="416" ordinal="20" offset="530" sl="203" sc="9" el="203" ec="13" />
                <SequencePoint vc="0" uspid="417" ordinal="21" offset="531" sl="204" sc="14" el="204" ec="103" />
                <SequencePoint vc="0" uspid="418" ordinal="22" offset="575" sl="205" sc="10" el="205" ec="65" />
                <SequencePoint vc="0" uspid="419" ordinal="23" offset="591" sl="207" sc="15" el="207" ec="114" />
                <SequencePoint vc="0" uspid="420" ordinal="24" offset="703" sl="208" sc="15" el="208" ec="42" />
                <SequencePoint vc="0" uspid="421" ordinal="25" offset="710" sl="209" sc="11" el="209" ec="37" />
                <SequencePoint vc="0" uspid="422" ordinal="26" offset="720" sl="210" sc="11" el="210" ec="37" />
                <SequencePoint vc="0" uspid="423" ordinal="27" offset="730" sl="211" sc="11" el="211" ec="40" />
                <SequencePoint vc="0" uspid="424" ordinal="28" offset="782" sl="212" sc="11" el="212" ec="23" />
                <SequencePoint vc="0" uspid="425" ordinal="29" offset="787" sl="213" sc="9" el="213" ec="15" />
                <SequencePoint vc="0" uspid="426" ordinal="30" offset="788" sl="214" sc="8" el="214" ec="14" />
                <SequencePoint vc="0" uspid="427" ordinal="31" offset="789" sl="216" sc="8" el="216" ec="72" />
                <SequencePoint vc="0" uspid="428" ordinal="32" offset="835" sl="217" sc="8" el="217" ec="33" />
                <SequencePoint vc="0" uspid="429" ordinal="33" offset="843" sl="218" sc="9" el="218" ec="33" />
                <SequencePoint vc="0" uspid="430" ordinal="34" offset="846" sl="219" sc="8" el="219" ec="14" />
                <SequencePoint vc="0" uspid="431" ordinal="35" offset="847" sl="221" sc="12" el="221" ec="67" />
[...]
                <SequencePoint vc="0" uspid="3167" ordinal="55" offset="1347" sl="278" sc="4" el="278" ec="39" />
                <SequencePoint vc="0" uspid="3168" ordinal="56" offset="1361" sl="279" sc="5" el="279" ec="73" />
                <SequencePoint vc="0" uspid="3169" ordinal="57" offset="1404" sl="280" sc="4" el="280" ec="36" />
                <SequencePoint vc="0" uspid="3170" ordinal="58" offset="1418" sl="281" sc="5" el="281" ec="67" />
                <SequencePoint vc="0" uspid="3171" ordinal="59" offset="1461" sl="282" sc="4" el="282" ec="38" />
                <SequencePoint vc="0" uspid="3172" ordinal="60" offset="1475" sl="283" sc="5" el="283" ec="69" />
                <SequencePoint vc="0" uspid="3173" ordinal="61" offset="1518" sl="284" sc="4" el="284" ec="43" />
                <SequencePoint vc="0" uspid="3174" ordinal="62" offset="1532" sl="285" sc="5" el="285" ec="71" />
                <SequencePoint vc="0" uspid="3175" ordinal="63" offset="1575" sl="286" sc="4" el="286" ec="35" />
                <SequencePoint vc="0" uspid="3176" ordinal="64" offset="1589" sl="287" sc="5" el="287" ec="51" />
                <SequencePoint vc="0" uspid="3177" ordinal="65" offset="1622" sl="288" sc="4" el="288" ec="39" />
                <SequencePoint vc="0" uspid="3178" ordinal="66" offset="1636" sl="289" sc="5" el="289" ec="59" />
                <SequencePoint vc="0" uspid="3179" ordinal="67" offset="1669" sl="290" sc="4" el="290" ec="40" />
                <SequencePoint vc="0" uspid="3180" ordinal="68" offset="1683" sl="291" sc="5" el="291" ec="75" />
                <SequencePoint vc="0" uspid="3181" ordinal="69" offset="1726" sl="292" sc="4" el="292" ec="40" />
                <SequencePoint vc="0" uspid="3182" ordinal="70" offset="1740" sl="293" sc="5" el="293" ec="75" />
                <SequencePoint vc="0" uspid="3183" ordinal="71" offset="1783" sl="294" sc="4" el="294" ec="40" />
                <SequencePoint vc="0" uspid="3184" ordinal="72" offset="1797" sl="295" sc="5" el="295" ec="75" />
                <SequencePoint vc="0" uspid="3185" ordinal="73" offset="1837" sl="296" sc="4" el="296" ec="40" />
                <SequencePoint vc="0" uspid="3186" ordinal="74" offset="1851" sl="297" sc="6" el="297" ec="76" />
                <SequencePoint vc="0" uspid="3187" ordinal="75" offset="1891" sl="298" sc="4" el="298" ec="34" />
                <SequencePoint vc="0" uspid="3188" ordinal="76" offset="1905" sl="299" sc="6" el="299" ec="64" />
                <SequencePoint vc="0" uspid="3189" ordinal="77" offset="1943" sl="300" sc="2" el="300" ec="12" />
                <SequencePoint vc="0" uspid="3190" ordinal="78" offset="1944" sl="302" sc="2" el="302" ec="9" />
              </SequencePoints>
              <BranchPoints>
                <BranchPoint vc="0" uspid="3191" ordinal="0" offset="56" path="0" />
                <BranchPoint vc="0" uspid="3192" ordinal="1" offset="56" path="1" />
                <BranchPoint vc="0" uspid="3193" ordinal="2" offset="151" path="0" />
                <BranchPoint vc="0" uspid="3194" ordinal="3" offset="151" path="1" />
                <BranchPoint vc="0" uspid="3195" ordinal="4" offset="247" path="0" />
                <BranchPoint vc="0" uspid="3196" ordinal="5" offset="247" path="1" />
                <BranchPoint vc="0" uspid="3197" ordinal="6" offset="333" path="0" />
                <BranchPoint vc="0" uspid="3198" ordinal="7" offset="333" path="1" />
                <BranchPoint vc="0" uspid="3199" ordinal="8" offset="419" path="0" />
                <BranchPoint vc="0" uspid="3200" ordinal="9" offset="419" path="1" />
                <BranchPoint vc="0" uspid="3201" ordinal="10" offset="505" path="0" />
                <BranchPoint vc="0" uspid="3202" ordinal="11" offset="505" path="1" />
                <BranchPoint vc="0" uspid="3203" ordinal="12" offset="591" path="0" />
                <BranchPoint vc="0" uspid="3204" ordinal="13" offset="591" path="1" />
                <BranchPoint vc="0" uspid="3205" ordinal="14" offset="677" path="0" />
                <BranchPoint vc="0" uspid="3206" ordinal="15" offset="677" path="1" />
                <BranchPoint vc="0" uspid="3207" ordinal="16" offset="764" path="0" />
                <BranchPoint vc="0" uspid="3208" ordinal="17" offset="764" path="1" />
                <BranchPoint vc="0" uspid="3209" ordinal="18" offset="905" path="0" />
                <BranchPoint vc="0" uspid="3210" ordinal="19" offset="905" path="1" />
                <BranchPoint vc="0" uspid="3211" ordinal="20" offset="1046" path="0" />
                <BranchPoint vc="0" uspid="3212" ordinal="21" offset="1046" path="1" />
                <BranchPoint vc="0" uspid="3213" ordinal="22" offset="1073" path="0" />
                <BranchPoint vc="0" uspid="3214" ordinal="23" offset="1073" path="1" />
                <BranchPoint vc="0" uspid="3215" ordinal="24" offset="1245" path="0" />
                <BranchPoint vc="0" uspid="3216" ordinal="25" offset="1245" path="1" />
                <BranchPoint vc="0" uspid="3217" ordinal="26" offset="1302" path="0" />
                <BranchPoint vc="0" uspid="3218" ordinal="27" offset="1302" path="1" />
                <BranchPoint vc="0" uspid="3219" ordinal="28" offset="1359" path="0" />
                <BranchPoint vc="0" uspid="3220" ordinal="29" offset="1359" path="1" />
                <BranchPoint vc="0" uspid="3221" ordinal="30" offset="1416" path="0" />
                <BranchPoint vc="0" uspid="3222" ordinal="31" offset="1416" path="1" />
                <BranchPoint vc="0" uspid="3223" ordinal="32" offset="1473" path="0" />
                <BranchPoint vc="0" uspid="3224" ordinal="33" offset="1473" path="1" />
                <BranchPoint vc="0" uspid="3225" ordinal="34" offset="1530" path="0" />
                <BranchPoint vc="0" uspid="3226" ordinal="35" offset="1530" path="1" />
                <BranchPoint vc="0" uspid="3227" ordinal="36" offset="1587" path="0" />
                <BranchPoint vc="0" uspid="3228" ordinal="37" offset="1587" path="1" />
                <BranchPoint vc="0" uspid="3229" ordinal="38" offset="1634" path="0" />
                <BranchPoint vc="0" uspid="3230" ordinal="39" offset="1634" path="1" />
                <BranchPoint vc="0" uspid="3231" ordinal="40" offset="1681" path="0" />
                <BranchPoint vc="0" uspid="3232" ordinal="41" offset="1681" path="1" />
                <BranchPoint vc="0" uspid="3233" ordinal="42" offset="1738" path="0" />
                <BranchPoint vc="0" uspid="3234" ordinal="43" offset="1738" path="1" />
                <BranchPoint vc="0" uspid="3235" ordinal="44" offset="1795" path="0" />
                <BranchPoint vc="0" uspid="3236" ordinal="45" offset="1795" path="1" />
                <BranchPoint vc="0" uspid="3237" ordinal="46" offset="1849" path="0" />
                <BranchPoint vc="0" uspid="3238" ordinal="47" offset="1849" path="1" />
                <BranchPoint vc="0" uspid="3239" ordinal="48" offset="1903" path="0" />
                <BranchPoint vc="0" uspid="3240" ordinal="49" offset="1903" path="1" />
              </BranchPoints>
              <MethodPoint xsi:type="SequencePoint" vc="0" uspid="3112" ordinal="0" offset="0" sl="197" sc="2" el="197" ec="71" />
            </Method>
            <Method visited="false" cyclomaticComplexity="5" sequenceCoverage="0" branchCoverage="0" isConstructor="false" isStatic="false" isGetter="false" isSetter="false">
              <MetadataToken>100663406</MetadataToken>
              <Name>System.Void uex.PrintReport::ReCreateWord(System.Collections.ArrayList,System.String)</Name>
              <FileRef uid="26" />
              <SequencePoints>
                <SequencePoint vc="0" uspid="3241" ordinal="0" offset="0" sl="313" sc="2" el="313" ec="60" />
                <SequencePoint vc="0" uspid="3242" ordinal="1" offset="2" sl="314" sc="3" el="314" ec="37" />
                <SequencePoint vc="0" uspid="3243" ordinal="2" offset="26" sl="315" sc="4" el="315" ec="54" />
                <SequencePoint vc="0" uspid="3244" ordinal="3" offset="43" sl="316" sc="5" el="316" ec="28" />
                <SequencePoint vc="0" uspid="3245" ordinal="4" offset="90" sl="317" sc="6" el="317" ec="18" />
                <SequencePoint vc="0" uspid="3246" ordinal="5" offset="95" sl="318" sc="5" el="318" ec="11" />
                <SequencePoint vc="0" uspid="3247" ordinal="6" offset="96" sl="321" sc="5" el="321" ec="61" />
                <SequencePoint vc="0" uspid="3248" ordinal="7" offset="113" sl="322" sc="5" el="322" ec="56" />
                <SequencePoint vc="0" uspid="3249" ordinal="8" offset="121" sl="323" sc="5" el="329" ec="9" />
                <SequencePoint vc="0" uspid="3250" ordinal="9" offset="302" sl="331" sc="5" el="331" ec="16" />
                <SequencePoint vc="0" uspid="3251" ordinal="10" offset="309" sl="332" sc="5" el="332" ec="16" />
                <SequencePoint vc="0" uspid="3252" ordinal="11" offset="311" sl="333" sc="4" el="333" ec="10" />
                <SequencePoint vc="0" uspid="3253" ordinal="12" offset="324" sl="334" sc="3" el="334" ec="7" />
                <SequencePoint vc="0" uspid="3254" ordinal="13" offset="361" sl="336" sc="2" el="336" ec="9" />
              </SequencePoints>
              <BranchPoints>
                <BranchPoint vc="0" uspid="3255" ordinal="0" offset="88" path="0" />
                <BranchPoint vc="0" uspid="3256" ordinal="1" offset="88" path="1" />
                <BranchPoint vc="0" uspid="3257" ordinal="2" offset="319" path="0" />
                <BranchPoint vc="0" uspid="3258" ordinal="3" offset="319" path="1" />
                <BranchPoint vc="0" uspid="3259" ordinal="4" offset="331" path="0" />
                <BranchPoint vc="0" uspid="3260" ordinal="5" offset="331" path="1" />
                <BranchPoint vc="0" uspid="3261" ordinal="6" offset="345" path="0" />
                <BranchPoint vc="0" uspid="3262" ordinal="7" offset="345" path="1" />
              </BranchPoints>
              <MethodPoint xsi:type="SequencePoint" vc="0" uspid="3241" ordinal="0" offset="0" sl="313" sc="2" el="313" ec="60" />
            </Method>
            <Method visited="false" cyclomaticComplexity="2" sequenceCoverage="0" branchCoverage="0" isConstructor="false" isStatic="false" isGetter="false" isSetter="false">
              <MetadataToken>100663407</MetadataToken>
              <Name>System.Void uex.PrintReport::CreateWord(System.Array,System.String,System.Single,System.Single,System.Single)</Name>
              <FileRef uid="26" />
              <SequencePoints>
                <SequencePoint vc="0" uspid="3263" ordinal="0" offset="0" sl="348" sc="2" el="348" ec="107" />
                <SequencePoint vc="0" uspid="3264" ordinal="1" offset="1" sl="349" sc="7" el="349" ec="30" />
                <SequencePoint vc="0" uspid="3265" ordinal="2" offset="8" sl="350" sc="7" el="350" ec="34" />
                <SequencePoint vc="0" uspid="3266" ordinal="3" offset="14" sl="353" sc="3" el="353" ec="43" />
                <SequencePoint vc="0" uspid="3267" ordinal="4" offset="69" sl="355" sc="3" el="355" ec="55" />
                <SequencePoint vc="0" uspid="3268" ordinal="5" offset="87" sl="356" sc="8" el="356" ec="84" />
                <SequencePoint vc="0" uspid="3269" ordinal="6" offset="140" sl="359" sc="4" el="359" ec="60" />
                <SequencePoint vc="0" uspid="3270" ordinal="7" offset="158" sl="360" sc="4" el="360" ec="55" />
                <SequencePoint vc="0" uspid="3271" ordinal="8" offset="167" sl="361" sc="4" el="367" ec="8" />
                <SequencePoint vc="0" uspid="3272" ordinal="9" offset="242" sl="369" sc="4" el="369" ec="15" />
                <SequencePoint vc="0" uspid="3273" ordinal="10" offset="250" sl="370" sc="4" el="370" ec="15" />
                <SequencePoint vc="0" uspid="3274" ordinal="11" offset="253" sl="372" sc="4" el="372" ec="27" />
                <SequencePoint vc="0" uspid="3275" ordinal="12" offset="291" sl="373" sc="4" el="373" ec="39" />
                <SequencePoint vc="0" uspid="3276" ordinal="13" offset="301" sl="374" sc="4" el="374" ec="24" />
                <SequencePoint vc="0" uspid="3277" ordinal="14" offset="312" sl="375" sc="4" el="375" ec="24" />
                <SequencePoint vc="0" uspid="3278" ordinal="15" offset="322" sl="376" sc="4" el="376" ec="30" />
                <SequencePoint vc="0" uspid="3279" ordinal="16" offset="330" sl="378" sc="4" el="378" ec="43" />
                <SequencePoint vc="0" uspid="3280" ordinal="17" offset="341" sl="392" sc="4" el="392" ec="33" />
                <SequencePoint vc="0" uspid="3281" ordinal="18" offset="392" sl="394" sc="3" el="394" ec="9" />
                <SequencePoint vc="0" uspid="3282" ordinal="19" offset="408" sl="395" sc="3" el="395" ec="29" />
                <SequencePoint vc="0" uspid="3283" ordinal="20" offset="421" sl="398" sc="2" el="398" ec="9" />
              </SequencePoints>
              <BranchPoints>
                <BranchPoint vc="0" uspid="3284" ordinal="0" offset="403" path="0" />
                <BranchPoint vc="0" uspid="3285" ordinal="1" offset="403" path="1" />
              </BranchPoints>
              <MethodPoint xsi:type="SequencePoint" vc="0" uspid="3263" ordinal="0" offset="0" sl="348" sc="2" el="348" ec="107" />
            </Method>
            <Method visited="false" cyclomaticComplexity="2" sequenceCoverage="0" branchCoverage="0" isConstructor="false" isStatic="false" isGetter="false" isSetter="false">
              <MetadataToken>100663408</MetadataToken>
              <Name>System.Void uex.PrintReport::CreateWordDiff(System.Array,System.String,System.Array)</Name>
              <FileRef uid="26" />
              <SequencePoints>
                <SequencePoint vc="0" uspid="3286" ordinal="0" offset="0" sl="406" sc="2" el="406" ec="75" />
                <SequencePoint vc="0" uspid="3287" ordinal="1" offset="1" sl="408" sc="7" el="408" ec="30" />
                <SequencePoint vc="0" uspid="3288" ordinal="2" offset="8" sl="409" sc="7" el="409" ec="34" />
                <SequencePoint vc="0" uspid="3289" ordinal="3" offset="14" sl="411" sc="7" el="411" ec="41" />
                <SequencePoint vc="0" uspid="3290" ordinal="4" offset="48" sl="412" sc="7" el="412" ec="54" />
                <SequencePoint vc="0" uspid="3291" ordinal="5" offset="71" sl="414" sc="3" el="414" ec="55" />
                <SequencePoint vc="0" uspid="3292" ordinal="6" offset="89" sl="417" sc="4" el="417" ec="27" />
                <SequencePoint vc="0" uspid="3293" ordinal="7" offset="127" sl="418" sc="4" el="418" ec="39" />
                <SequencePoint vc="0" uspid="3294" ordinal="8" offset="137" sl="419" sc="4" el="419" ec="35" />
                <SequencePoint vc="0" uspid="3295" ordinal="9" offset="188" sl="420" sc="4" el="420" ec="35" />
                <SequencePoint vc="0" uspid="3296" ordinal="10" offset="239" sl="421" sc="4" el="421" ec="30" />
                <SequencePoint vc="0" uspid="3297" ordinal="11" offset="247" sl="422" sc="4" el="422" ec="33" />
                <SequencePoint vc="0" uspid="3298" ordinal="12" offset="298" sl="424" sc="4" el="424" ec="60" />
                <SequencePoint vc="0" uspid="3299" ordinal="13" offset="316" sl="425" sc="4" el="425" ec="55" />
                <SequencePoint vc="0" uspid="3300" ordinal="14" offset="325" sl="426" sc="4" el="432" ec="8" />
                <SequencePoint vc="0" uspid="3301" ordinal="15" offset="490" sl="433" sc="4" el="433" ec="15" />
                <SequencePoint vc="0" uspid="3302" ordinal="16" offset="498" sl="434" sc="4" el="434" ec="15" />
                <SequencePoint vc="0" uspid="3303" ordinal="17" offset="501" sl="435" sc="3" el="435" ec="9" />
                <SequencePoint vc="0" uspid="3304" ordinal="18" offset="517" sl="450" sc="3" el="450" ec="29" />
                <SequencePoint vc="0" uspid="3305" ordinal="19" offset="530" sl="452" sc="2" el="452" ec="9" />
              </SequencePoints>
              <BranchPoints>
                <BranchPoint vc="0" uspid="3306" ordinal="0" offset="512" path="0" />
                <BranchPoint vc="0" uspid="3307" ordinal="1" offset="512" path="1" />
              </BranchPoints>
              <MethodPoint xsi:type="SequencePoint" vc="0" uspid="3286" ordinal="0" offset="0" sl="406" sc="2" el="406" ec="75" />
            </Method>
            <Method visited="false" cyclomaticComplexity="1" sequenceCoverage="0" branchCoverage="0" isConstructor="false" isStatic="false" isGetter="false" isSetter="false">
              <MetadataToken>100663409</MetadataToken>
              <Name>System.Single[] uex.PrintReport::FontSizeCal(System.String,System.String,System.Int32)</Name>
              <FileRef uid="26" />
              <SequencePoints>
                <SequencePoint vc="0" uspid="3308" ordinal="0" offset="0" sl="463" sc="2" el="463" ec="91" />
                <SequencePoint vc="0" uspid="3309" ordinal="1" offset="1" sl="464" sc="7" el="464" ec="28" />
                <SequencePoint vc="0" uspid="3310" ordinal="2" offset="8" sl="465" sc="7" el="465" ec="62" />
                <SequencePoint vc="0" uspid="3311" ordinal="3" offset="18" sl="466" sc="7" el="466" ec="30" />
                <SequencePoint vc="0" uspid="3312" ordinal="4" offset="26" sl="468" sc="7" el="468" ec="40" />
                <SequencePoint vc="0" uspid="3313" ordinal="5" offset="33" sl="469" sc="3" el="469" ec="50" />
                <SequencePoint vc="0" uspid="3314" ordinal="6" offset="43" sl="470" sc="3" el="470" ec="34" />
                <SequencePoint vc="0" uspid="3315" ordinal="7" offset="53" sl="471" sc="3" el="471" ec="33" />
                <SequencePoint vc="0" uspid="3316" ordinal="8" offset="63" sl="473" sc="3" el="473" ec="15" />
                <SequencePoint vc="0" uspid="3317" ordinal="9" offset="70" sl="474" sc="3" el="474" ec="23" />
                <SequencePoint vc="0" uspid="3318" ordinal="10" offset="77" sl="476" sc="3" el="476" ec="15" />
                <SequencePoint vc="0" uspid="3319" ordinal="11" offset="79" sl="477" sc="3" el="477" ec="23" />
                <SequencePoint vc="0" uspid="3320" ordinal="12" offset="81" sl="478" sc="3" el="478" ec="23" />
                <SequencePoint vc="0" uspid="3321" ordinal="13" offset="89" sl="480" sc="3" el="480" ec="18" />
                <SequencePoint vc="0" uspid="3322" ordinal="14" offset="93" sl="482" sc="2" el="482" ec="14" />
              </SequencePoints>
              <BranchPoints />
              <MethodPoint xsi:type="SequencePoint" vc="0" uspid="3308" ordinal="0" offset="0" sl="463" sc="2" el="463" ec="91" />
            </Method>
          </Methods>
        </Class>
      </Classes>
    </Module>
    <Module skippedDueTo="Filter" hash="C2-5F-6B-60-52-27-D0-CD-41-85-F1-36-87-0C-AD-D7-F6-98-5A-37">
      <FullName>C:\Windows\Microsoft.Net\assembly\GAC_MSIL\System.Windows.Forms\v4.0_4.0.0.0__b77a5c561934e089\System.Windows.Forms.dll</FullName>
      <ModuleName>System.Windows.Forms</ModuleName>
      <Classes />
    </Module>
    <Module skippedDueTo="Filter" hash="AD-A3-94-49-D2-DA-B1-9C-E6-44-CF-10-03-3A-C3-C3-C9-B0-95-98">
      <FullName>C:\Windows\Microsoft.Net\assembly\GAC_MSIL\System.Drawing\v4.0_4.0.0.0__b03f5f7f11d50a3a\System.Drawing.dll</FullName>
      <ModuleName>System.Drawing</ModuleName>
      <Classes />
    </Module>
    <Module skippedDueTo="Filter" hash="7B-EE-BA-CE-DC-22-CE-E5-E8-0C-23-6F-42-15-1B-ED-20-9B-78-A0">
      <FullName>C:\Windows\Microsoft.Net\assembly\GAC_MSIL\Microsoft.VisualBasic\v4.0_10.0.0.0__b03f5f7f11d50a3a\Microsoft.VisualBasic.dll</FullName>
      <ModuleName>Microsoft.VisualBasic</ModuleName>
      <Classes />
    </Module>
  </Modules>
</CoverageSession>